10  1.49852e-05
59  1.55417e-05
109  1.5673e-05
159  1.54397e-05
209  1.55641e-05
259  1.53759e-05
309  1.53492e-05
359  1.58227e-05
409  1.57019e-05
459  1.51794e-05
509  1.55434e-05
558  1.5738e-05
608  1.594e-05
658  1.57354e-05
708  1.57332e-05
758  1.5923e-05
808  1.54985e-05
858  1.59345e-05
908  1.58726e-05
958  1.63717e-05
1008  1.50653e-05
1057  1.5787e-05
1107  1.57088e-05
1157  1.56337e-05
1207  1.61237e-05
1257  1.55739e-05
1307  1.58391e-05
1357  1.56931e-05
1407  1.56126e-05
1457  1.60933e-05
1507  1.60714e-05
1556  1.51827e-05
1606  1.56082e-05
1656  1.64523e-05
1706  1.49393e-05
1756  1.59835e-05
1806  1.55445e-05
1856  1.59504e-05
1906  1.61111e-05
1956  1.64627e-05
2006  1.56984e-05
2055  1.55135e-05
2105  1.56278e-05
2155  1.59386e-05
2205  1.60179e-05
2255  1.59332e-05
2305  1.60143e-05
2355  1.51105e-05
2405  1.5875e-05
2455  1.54934e-05
2505  1.58642e-05
2554  1.52534e-05
2604  1.56618e-05
2654  1.64457e-05
2704  1.57749e-05
2754  1.54439e-05
2804  1.41012e-05
2854  1.55054e-05
2904  1.57726e-05
2954  1.44157e-05
3004  1.65334e-05
3053  1.49286e-05
3103  1.53999e-05
3153  1.50327e-05
3203  1.48233e-05
3253  1.57021e-05
3303  1.47605e-05
3353  1.53142e-05
3403  1.44516e-05
3453  1.5824e-05
3503  1.52152e-05
3552  1.49848e-05
3602  1.60297e-05
3652  1.53667e-05
3702  1.47187e-05
3752  1.50442e-05
3802  1.61953e-05
3852  1.63469e-05
3902  1.52964e-05
3952  1.48829e-05
4002  1.52039e-05
4051  1.54774e-05
4101  1.49997e-05
4151  1.59595e-05
4201  1.51813e-05
4251  1.44598e-05
4301  1.52147e-05
4351  1.70854e-05
4401  1.59528e-05
4451  1.47693e-05
4501  1.51479e-05
4550  1.69811e-05
4600  1.59339e-05
4650  1.60149e-05
4700  1.49441e-05
4750  1.54428e-05
4800  1.47331e-05
4850  1.40773e-05
4900  1.50825e-05
4950  1.68618e-05
5000  1.6241e-05
