1
0.61754
0.41388
0.29225
0.2119
0.158075
0.120644
0.0932613
0.073167
0.0563099
0.0447613
0.0351112
0.0286906
0.0239682
0.0190054
0.0157481
0.0119759
0.00849167
0.00613372
0.00363118
0.000134918
-0.00106065
-0.000809798
-0.000570821
-0.000500879
7.52476e-05
-0.000493773
-0.00217108
-0.00411565
-0.00504195
-0.00542901
-0.00523989
-0.00456809
-0.00268098
8.28259e-05
0.0021042
0.00278176
0.00208119
0.00240465
0.00236678
0.00271975
0.00283209
0.00378543
0.00467973
0.0058417
0.00563893
0.00523812
0.00406486
0.00197643
0.00125847
0.0014244
0.00168838
0.00106212
0.000370973
-0.000599736
-0.00130914
-0.00276827
-0.00413281
-0.00404213
-0.00229196
-0.00295604
-0.00246141
-0.00152637
-0.000688929
-0.000333437
-0.000355424
0.000525609
0.000293418
-0.00167469
-0.00163595
0.000101406
0.0016143
0.00201968
0.000735893
-0.00070828
-0.000114737
-1.94055e-05
0.00113578
0.00181768
0.00106052
0.000232773
-0.000289477
-5.4409e-05
0.000629658
0.0017554
0.00204467
0.00265686
0.00164958
0.00077126
-0.000918335
-5.94674e-06
0.000645044
-0.000286614
0.000846406
0.00105949
-0.000189337
-0.000745254
-0.000263508
0.000225578
0.00101655
0.00268005
0.0034929
0.00219601
0.00119914
0.00120199
0.000723708
0.000455626
-0.000661909
-0.000877068
-0.000888467
0.000550426
0.000718133
0.00129443
0.000710856
0.00108804
0.00125152
0.0020565
0.00290484
0.00308469
0.00387318
0.00407324
0.00471627
0.00571056
0.00468341
0.00331508
0.00200413
0.000537419
0.00101985
-3.51602e-05
-0.00120136
-0.000866225
-0.000222395
-0.00041481
0.000399113
0.000368399
-0.000330032
-0.00147763
-0.0011941
-0.00145955
-0.00239698
-0.00233113
-0.00144861
-0.000456983
-7.88105e-05
-7.56668e-05
-0.000151896
-0.00124169
-0.00167161
-0.00253691
-0.00106524
-0.00081875
0.000121775
0.000824269
0.00135362
0.000770742
0.000545641
0.00126101
0.00172348
0.00205722
0.00405023
0.00416258
0.00483268
0.00486144
0.00606033
0.00602068
0.00545967
0.00436277
0.00533576
0.00568656
0.00620793
0.00601485
0.003399
0.00315314
0.00224294
0.00210152
0.00249817
0.000202832
-0.00214788
-0.00361474
-0.00341196
-0.00191642
-0.00255754
-0.00217186
-0.00199533
-0.00251649
-0.00266981
-0.00214934
-0.00232356
-0.00344467
-0.00373307
-0.00308092
-0.0023648
-0.000957064
-0.0015376
-0.0012144
4.20842e-05
0.000868564
-0.000314591
0.000851738
0.00153302
0.0020349
0.000690588
-0.00077439
-0.00288684
-0.00333393
-0.000832377
-3.84193e-05
-0.000981361
-0.000687155
-0.00201603
-0.00187327
-0.000102501
0.00131218
0.00276278
0.00332685
0.00184022
0.000560855
-0.000618546
-0.000656328
-0.00134096
-0.00229176
-0.0016418
-0.000728205
-0.000494801
-0.00083696
-0.00105205
-0.00176389
-0.00117446
0.00022631
0.000558886
0.00231516
0.0018586
0.00423942
0.00343955
0.00179729
-5.06169e-05
0.000148434
-0.00106121
0.000504493
0.0017946
0.00221133
0.00232671
0.00224231
0.0014232
0.000101118
-3.38106e-05
-0.00135747
-0.00130533
-0.000114679
-0.00158273
-0.00267338
-0.00181402
-0.00267353
-0.00293688
-0.00296155
-0.00282943
-0.00381974
-0.00537284
-0.00530041
-0.00461915
-0.00450685
-0.00288054
-0.00242988
-0.00241989
-0.00318527
-0.00225796
-0.00222823
-0.00192962
-0.00162686
-0.000973258
-0.00208599
-0.00367707
-0.00427955
-0.00418089
-0.00405715
-0.00202849
-0.00171464
-0.0033036
-0.00362061
-0.00343868
-0.0023812
-0.000656648
-0.000269855
-0.000756585
-0.00106375
-0.00262746
-0.00244724
-0.0006499
-0.00183473
0.000136589
0.00290228
0.00403605
0.00385312
0.00318189
0.00245734
-7.36228e-06
-0.000800831
-0.0010602
-0.00229537
-0.00214039
-0.00242847
-0.00272488
-0.00255677
-0.00176677
-0.00222654
-0.00130098
-0.00108814
-0.000332985
-0.000233836
-0.00144355
-0.00134108
-0.00206563
-0.00200442
-0.0021782
-0.00273654
-0.00275245
-0.0029097
-0.00212651
-0.000567795
0.000741087
0.000802893
-0.000125491
0.00082684
0.000799301
0.00176703
0.0023885
0.00232147
-0.000106025
-0.00112278
-0.003621
-0.00325828
-0.00322876
-0.00262753
-0.00313209
-0.00218583
-0.00139461
-0.00244244
-0.0025486
-0.00110767
-0.00180582
-0.00275948
-0.00207828
-0.00132833
-0.000635969
-0.000324714
0.000136852
0.000114414
0.000365929
3.23992e-05
-0.000120753
-0.000237055
0.000201218
0.000528499
0.00107037
0.00265813
0.00292138
0.00233309
0.00411074
0.00335073
0.00220315
0.000838115
0.00204325
0.00243282
0.000723301
0.000986784
0.000536358
0.00116395
0.000218571
0.00111167
0.000908481
0.000996182
0.000825121
0.000151773
-0.000608594
-0.00139146
-0.00262378
-0.00268477
-0.00306833
-0.00244508
-0.00040764
-0.000209375
-0.000420094
0.00104747
0.00163783
0.00289101
0.00232706
0.00278978
0.00233154
0.00251675
0.00220276
0.0015359
0.00111835
0.00138245
0.000907431
0.00124575
0.00223946
0.00243199
0.00311932
0.00452977
0.00519155
0.00431456
0.00514415
0.00386423
0.00147477
0.00094295
0.000225432
0.000344965
0.000915651
0.0012792
0.00129619
0.00123449
0.000953804
-0.000507971
-0.00140474
-7.0911e-05
-0.00034187
-0.000134593
0.00050321
0.00176958
0.0019252
0.00168335
0.000933765
0.000466162
0.00157044
0.00258435
0.00156331
-1.74772e-05
0.000441943
-0.000321672
2.19799e-05
-0.000940776
-0.00191462
-0.000880488
-0.000698177
0.000224333
0.000785759
0.00165735
0.00115018
0.0012648
0.00194956
0.00254186
0.00208163
0.000977503
-0.000841306
-5.53122e-05
0.000196829
0.000296202
-0.000426531
-0.000513402
-0.000287764
-0.000262741
-0.00195347
-0.00211777
3.48492e-05
0.00134286
0.000875266
0.00107249
0.00115273
0.000734449
-0.000337305
-0.000595753
-0.00152923
-0.00275518
-0.00268886
-0.00322849
-0.0027005
-0.00435858
-0.00317349
-0.00296996
-0.00205583
-0.00164627
-0.00132132
-0.00124355
-0.000889613
-0.000713755
-0.00115671
-0.000730513
-0.00210792
-0.00278595
-0.0014393
-0.000333615
-0.00142955
-0.00192516
-0.00225953
-0.00243237
-0.00153368
-0.00104282
0.000268996
0.00147374
0.00163008
0.000112966
-0.000377245
-0.000338976
-0.00119929
-0.00187881
-0.000336305
-0.00142715
-0.000885214
-0.000567712
0.000800067
0.00115116
0.00113471
0.00104711
0.00235
0.00180346
0.00121885
0.00115161
0.00118835
0.00243436
0.00363702
0.00421465
0.00443626
0.00395909
0.00214106
0.00274813
0.00314371
0.00349715
0.00560127
0.00672693
0.00643318
0.00568983
0.00543221
0.00474525
0.00416671
0.00232663
0.00120707
0.000829894
-7.40876e-05
0.00121134
0.00171484
0.00179729
0.00185956
0.000694168
0.00135092
0.00230061
0.00203918
0.00167936
0.00322376
0.00298058
0.0038277
0.00431983
0.00468661
0.00380217
0.00311529
0.0023918
0.00264136
0.00194606
0.000811499
0.00011639
-0.000302164
-0.000313303
-0.000986865
0.000177427
0.000631449
0.000983966
0.00208826
0.00183227
0.00178798
-0.000675157
-0.00101843
0.000168747
0.000341752
-0.000721007
9.23966e-05
0.000299506
0.000472519
0.000885948
-5.96268e-05
0.000326596
0.00133974
0.00147982
0.00235015
0.00294586
0.0021855
0.00230241
0.00275686
0.00209124
0.00109435
0.00249652
0.00328422
0.00289277
0.00212039
0.00113429
0.00150968
0.00181109
0.00100675
0.00121647
0.00166657
0.0014113
0.00207617
0.000826432
0.000114783
-9.30337e-05
0.00104462
0.000831417
-0.000753822
-0.000291847
0.000510814
-0.00102094
0.00026033
-0.000845412
-0.00126523
-0.00140123
-0.00214946
-0.00170785
-0.00115403
-0.000309049
0.000258696
0.00174929
0.00126848
0.000978013
0.00137067
0.00100906
0.00155468
0.00178874
0.000876921
-0.000498951
-0.000238464
7.75137e-05
9.24724e-05
-0.00161377
-0.00280977
-0.00372875
-0.00369154
-0.00313569
-0.00303805
-0.00204106
-0.00238927
-0.00319196
-0.00225404
-0.00108696
-0.00112654
-0.00063635
-0.000550387
-0.000113638
0.000564625
0.00082787
0.00177885
0.00200153
0.00284636
0.00424752
0.00303269
0.00285459
0.00365835
0.00346043
0.00303347
0.00237651
-0.000449604
0.000200378
-0.000614867
-0.00202531
-0.0015286
-0.00154407
0.000268068
-0.00079755
-0.00192833
-0.00224414
-0.00165034
-0.00338497
-0.00375448
-0.00166381
0.000195254
0.000215539
0.000673226
0.000285538
-0.00147468
-0.00158139
-0.00148385
-9.62662e-05
-0.00079499
0.000358123
0.000711726
0.000746019
0.000196149
-0.000566074
-0.00150127
-0.00180493
-0.0019721
-0.00358814
-0.00221276
-0.000964523
-0.000442391
0.000636233
0.00152545
0.00180002
0.000778431
0.000815463
0.00138541
0.00155124
0.00227462
0.00103831
-0.000256799
-0.000281072
-0.000597473
-0.00170823
-0.00218426
-0.00260835
-0.00181703
0.000877513
0.000830953
0.00090576
8.44537e-05
-0.000641139
-0.00133745
-0.000994237
-0.0015303
-0.00164843
-0.00036197
-0.000395195
-0.00114883
-0.00151663
-0.000328398
-0.000143664
-0.000234256
-0.000379247
-0.000776286
-0.00116242
-0.000774458
-0.00065099
-0.00089079
-0.000609003
-0.000242671
-0.00107948
-0.00175142
-0.00145236
-0.0028936
-0.00402997
-0.00322534
-0.00284172
-0.00240307
-0.00129826
0.000860761
0.00159307
0.000322079
-0.000193848
-0.00109879
-0.0015871
-0.00213169
-0.00288237
-0.00418019
-0.00409166
-0.00393392
-0.0039772
-0.00304409
-0.00194722
-0.00130619
-0.000311868
0.00104202
0.00236119
0.00124702
0.000874627
0.00198719
0.00235794
0.0020763
0.00186894
0.00113863
0.00021535
-0.000119051
0.000158544
-0.00077752
-0.00147642
-0.00167956
-0.000371303
-0.00103351
-0.00121089
-0.00117154
-0.000360148
-0.00081472
-0.00162661
-0.00182394
-0.00164809
-0.00109703
6.31664e-06
-0.000587901
-0.00135575
-0.00227321
-0.00267606
-0.00438355
-0.00579656
-0.00469981
-0.00340769
-0.00243615
-0.000564908
0.00123632
0.00155703
0.00194557
0.00100616
1.78795e-05
-0.00125925
-0.0012069
-0.00162419
-0.001561
-0.000933331
-0.00071802
-0.00226997
-0.000847681
3.27903e-05
0.000323836
-0.00101951
-0.0024043
-0.00274808
-0.00226354
-0.00108407
-0.000227112
-8.0162e-05
0.00163159
0.00170244
0.00150266
0.000527381
0.000316705
0.001491
0.00140939
-0.000331305
-0.00164504
-0.00214101
-0.00112689
-0.000997772
-0.000804603
-0.00064003
-0.000371836
0.000819799
0.000788594
-0.000604179
-0.00187161
-0.0028133
-0.00257018
-0.0029083
-0.00296209
-0.00300681
-0.0041903
-0.00471137
-0.00421925
-0.0031038
-0.00149511
-0.00030057
-0.00085658
-0.000940464
-0.000933437
-0.000577937
-0.000470844
0.000468077
0.00310709
0.00374013
0.0027707
0.00123008
0.00188925
0.000385395
-0.00123884
-0.00157534
-0.00244651
-0.0022896
-0.00197642
-0.000728649
0.000213331
-0.00011248
0.000653642
0.00150686
0.0013776
0.00284548
0.00387406
0.00329848
0.00313325
0.0027101
0.00123955
0.000998337
-0.000370974
-0.000935748
-0.000961727
-0.000397702
0.000823171
0.00112674
0.000404821
0.000415281
0.0010394
0.00200911
0.00237802
0.00292278
0.00226696
0.00164722
0.0015085
0.00126303
0.00133882
0.00128572
0.00123868
0.00171201
0.00117621
0.000841874
0.00122008
0.000753
-0.000936109
-0.00111771
-0.0017831
-0.00171345
-0.00184349
-0.000885348
-0.00126435
-0.00221217
-0.00251808
-0.00227359
-0.00320945
-0.00184301
-0.002802
-0.00335834
-0.00230014
-0.000357852
-0.00116674
-0.00197944
-0.00187921
-0.00206192
-0.00253977
-0.0022334
-0.00243848
-0.00268742
-0.00261376
-0.00281933
-0.00294181
-0.00223985
-0.0017497
-0.000915842
0.000253483
0.00197273
0.0014749
0.00223519
8.93084e-05
-0.00154192
-0.000495174
0.000566894
0.000613194
-0.000217765
0.000269985
0.000145164
-0.00130709
-0.00234401
-0.00161285
0.000933144
0.00190948
0.000117836
-0.0017606
-0.00248256
-0.00308406
-0.00283264
-0.00305767
-0.00232484
-0.00180172
-0.00308871
-0.00290723
-0.00175035
-0.00255966
-0.00157323
-0.000919249
0.00109565
0.00115534
-0.00011436
-0.00121111
-0.00151052
-0.00165391
-0.00221116
-0.00229048
-0.00264894
-0.00264113
-0.00319202
-0.00185522
-0.0011544
-0.000812111
-0.000686478
-0.000443224
0.000703181
0.000787026
-0.00102082
-0.00206935
-0.00187661
-0.00148777
-0.0023052
-0.00275352
-0.000997578
0.000289062
-0.000935237
-0.000460078
-0.000858517
-0.000655219
-0.0010781
4.70101e-05
-0.000352221
0.000818226
-0.000517541
-0.00143097
-0.00101503
0.000640538
0.000332842
-0.000441266
-0.0013858
-0.00171882
-0.00236267
-0.00405186
-0.00363582
-0.00136912
-0.000993217
-0.00134635
-0.00056566
7.42148e-05
