1
0.301268
0.108609
0.0431266
0.0223963
0.0135112
0.00725263
0.00449061
0.00435036
0.00219843
-0.00029681
0.000670511
0.000323764
0.000852947
9.96564e-05
0.00201642
0.00166943
-0.000792813
-0.000828538
-0.00113496
-0.00131904
-0.00237422
-0.00235088
-0.0038979
-0.00459037
-0.00307138
-0.00212632
-0.000293971
-0.000524335
0.000180712
-0.0015915
-0.00200143
-0.000104432
0.000841868
0.00165791
0.00143713
0.000662084
-3.93769e-05
-0.000843683
-0.000747868
0.000952439
0.00163464
0.00188996
0.00402736
0.00206538
0.00264983
0.00121644
-0.00147868
-0.00156333
-0.00141006
0.00183602
0.000754974
-0.00138177
-0.000386037
0.000852715
0.000503371
-0.00114207
-0.00222976
-0.00347277
-0.00232955
-0.00200288
-0.00185245
0.000675391
0.000556786
-0.00050487
0.000740079
0.000470582
0.000644724
-0.000342269
-3.47311e-05
0.000439086
0.00164979
-0.00055082
0.00121493
0.000860406
0.0012962
0.0024264
0.0035748
0.00583988
0.00314644
0.00165803
0.000627717
-0.000556557
-0.000419534
0.000214012
-0.000132405
0.00138889
0.00144427
0.000420705
-0.0032413
-0.00360284
-0.0021477
0.000120822
0.000316086
-0.00214075
-0.00178963
-7.73496e-05
-0.000759918
9.83785e-05
0.00179849
0.000962066
-0.000602888
-0.00338574
-0.00235641
-0.000698615
0.00140793
0.00207856
0.00158638
0.00187528
0.00291735
0.00317537
0.00103323
0.000873652
0.00130415
-0.00134322
-0.000637912
0.00163867
0.00381179
0.00397595
0.00315699
0.00123741
0.000640334
-0.000154341
0.000318832
0.000153172
0.000361954
2.97826e-05
-0.00273865
-0.00324138
-0.00405308
-0.00337294
-0.00199787
0.000870191
-0.000752598
-0.00238014
-0.00143414
0.00203602
0.00139051
-0.000543325
-0.00440159
-0.00267839
-0.00228313
-0.00138377
-0.000561288
3.01273e-05
-0.00123283
-0.00150138
-0.00178967
-0.000238803
-0.000492567
-0.001492
-0.000862916
-0.000812364
-0.000754694
-0.000751208
-0.00105907
-0.00143935
-0.00128466
0.000524704
0.00173458
-0.00184973
0.000104394
0.00148588
0.00126065
0.000582125
-0.00142471
-0.00153577
-0.0018344
-0.000914054
0.000552279
0.000454121
-0.00154833
-0.000159822
0.000619467
0.00257275
0.00348737
2.65396e-07
-0.0014816
-0.000230511
-0.000107237
-0.000180802
-0.000825131
-0.000809501
-0.00049072
-0.00171141
0.00130311
-0.000325
-0.00190312
-2.81628e-05
0.000289512
0.00162487
0.00160477
-0.000675342
0.000341596
-0.00124234
5.45423e-05
-0.00169423
-0.00208016
-0.000842532
0.000865356
-0.000884638
-0.00170868
0.000815966
-0.00243047
-0.0014366
-0.000805143
0.000173971
-0.00182293
-0.000688438
-0.00127352
0.000731794
3.76857e-05
-0.00129989
0.00403529
0.0020672
0.000737024
-0.000330572
-0.00188829
0.000332467
0.0004308
0.00176596
0.00131956
0.000115326
-0.00217657
-4.52309e-05
-0.00135748
-0.000430087
-0.00042187
5.797e-05
0.00151327
0.00132154
0.000363673
0.00119726
0.000422883
0.000455415
0.000177799
0.00118917
0.000155978
-0.000117709
0.0013448
-0.00159818
0.000150553
-0.000293853
7.3609e-05
-0.000625735
-0.000345726
-0.000704609
0.00101311
0.000935543
0.00207954
0.000318792
-0.00123369
-0.00241851
-0.000809054
-0.00132176
-0.0028834
-0.00369893
-0.00228271
-0.00120541
-0.00177738
-0.0013061
0.00111506
-5.64239e-05
-4.98672e-05
0.000448045
0.000718584
0.000137291
0.00127491
-0.000974023
-0.000180217
0.000660753
0.00172343
0.00391203
0.00229087
0.00187276
0.0024875
0.00161165
0.00288547
0.00253978
0.00102688
0.0019245
0.00425079
0.00146582
-6.96622e-05
-0.0001052
-0.00108668
0.000573369
0.00128566
-0.000542385
-0.000630539
0.000106378
-0.000502985
0.000936196
0.0010934
-0.000452531
0.00160772
0.00178482
0.00215826
0.00102228
-0.00036465
-0.000357564
-0.00108097
0.000509848
0.00287861
0.000220188
-7.72941e-05
0.000416976
0.00190205
-0.0009323
0.000614228
0.00116087
0.00348272
0.00228951
-0.00177056
0.000796343
0.000437144
-0.001154
-0.0031994
0.000531627
-0.000430673
-0.00289356
-0.000925033
-4.68413e-05
0.000365175
-0.000507561
0.000686648
0.000203952
0.00131011
-0.000730616
0.000468338
-0.000775953
-0.00193097
-0.00255513
-0.00174861
0.000856875
0.0010309
-0.000242435
-0.00141331
-0.000831952
-0.0014775
-0.00135672
-0.00119031
-0.00245301
-0.00300245
-0.00167543
0.00347022
-0.000315938
0.000758217
0.000576858
0.00236511
-0.000103974
-0.00302405
-0.0022701
-0.00396828
-0.000156696
-0.00111515
-0.000527822
0.00182472
0.00188145
0.00280258
0.000407706
-0.00124258
-0.000899075
-0.0010595
0.000707323
-0.0002038
0.00173973
0.000101023
-0.00128123
-0.000388436
0.00185038
0.000401709
-0.000268201
-0.00245545
-0.000639896
-0.000615959
-0.00135625
-0.000395671
-0.000569658
0.000727238
0.00168505
0.000454313
-0.000122217
-0.0011907
-0.00152799
-0.00333413
-0.00214937
-0.000961985
0.00188452
0.000984093
0.00103577
0.000286619
0.000465305
0.00327558
0.00191126
0.00142085
-0.000872177
-0.00141892
-0.00114441
-0.000118851
-0.000415956
0.00079512
-0.000595023
0.000307381
-0.00105526
-0.00154521
-0.00164036
-0.00173661
0.00043451
0.00121823
-0.000511124
0.00151858
0.00157965
0.000234186
0.000741181
-0.000336414
0.000925031
0.00164322
0.00112033
-0.000820847
-0.00102362
-0.0025503
-0.000797736
0.000520519
0.000319761
0.00150358
0.000922724
0.00162609
0.00354828
0.00201832
0.00208386
-0.00174061
-0.000239483
-0.00052623
0.00113317
0.000582451
0.000336779
0.00112929
0.00139812
0.00165626
-7.08928e-05
-0.000591958
-0.00379929
-0.000829081
0.00108596
-0.000419128
-0.00101805
-0.00264074
-0.00165091
-0.00149821
-0.00283863
-0.000420449
-0.00178215
-0.00073108
-0.00029597
-0.00203347
-0.00202018
-0.00132483
-0.000918553
-0.00117413
0.00182775
0.000786841
0.00141591
0.00269699
0.00334856
0.00194849
-0.000438198
-0.00098284
-0.00168191
-0.000981352
0.000640955
0.00139901
0.000637998
0.00109092
-0.00088507
-0.00120094
0.000763638
0.000391042
-0.000709707
0.000906181
0.00123595
0.00173305
-1.27683e-05
-0.000346445
-0.00192583
-0.00192209
-0.000609557
-0.0004302
0.000934519
0.000331832
0.000934401
-0.00161767
-0.00153282
0.000715817
0.000121653
0.00114487
0.00395034
0.0033166
0.00204867
0.00376002
0.00185026
0.00211302
0.00143604
0.00219634
0.00092826
-0.00178444
-0.00135977
-0.000526487
0.000188796
-0.000260083
0.000847946
0.00255527
0.00136153
8.50633e-05
0.000596736
0.000572011
-0.00229297
-0.00177681
-0.000866711
0.00024373
-0.00190824
-0.000794094
-0.00312667
-0.00341236
-0.00159212
-0.000514638
-0.00210263
-0.000973957
-0.000441046
0.00168829
0.000540919
0.00170302
0.000692655
0.00264419
0.00261778
0.00134882
-0.00171024
-0.000766667
-0.000179475
-0.000835716
-0.000132596
0.00214246
0.000491857
0.00055469
0.000341447
0.000775705
0.00085766
-0.000332767
-0.0011703
-0.0011167
0.00276188
0.0025108
0.000621891
0.0018919
-6.83713e-05
-0.00171594
-0.000432958
0.000434676
-0.000244885
-0.000103996
-0.000810376
-0.000814827
-0.0021756
-0.000661718
0.000495693
0.00271539
0.00224566
0.00253436
0.00154804
0.00190256
0.000228514
-0.000562786
0.000329806
-0.000228916
0.00155967
0.00248618
0.0014009
-0.00144372
0.000335809
0.00160411
-0.000172543
0.00171074
0.000473327
-0.00230714
-0.00178768
-0.00221033
-0.00193234
-0.00147784
-0.00169892
-0.00175168
-0.00278624
-0.00513141
-0.000288068
-0.000494545
0.000409937
-0.00143907
0.000901552
0.000781184
0.00124974
0.00174862
-0.00133227
0.00164702
0.000386685
-0.000520938
0.000370842
0.000381799
0.000128505
0.0014227
0.00165371
0.000994591
-0.000648513
-0.000172574
0.000823241
0.00152086
0.00285292
0.00145325
0.00136224
-0.000820256
0.000537323
0.000441064
0.00100296
0.000964134
0.000833895
0.00166026
0.00214447
0.000865979
2.71011e-05
0.000857087
0.00135076
0.00115868
0.00214631
0.000228051
-0.00110781
-0.00261702
-0.00480316
-0.00177629
-0.000989669
-0.00120053
-0.00327006
-0.00168024
-0.00181459
-0.00174591
-0.00250066
-0.00167044
-0.000780958
-0.000404553
-0.000236572
-0.0011011
-0.00153337
-0.00119752
0.000896899
-0.00210043
0.000102972
0.00109538
0.00178982
0.000917577
-0.000690501
0.00127122
0.000739067
0.00050094
0.000345124
0.00205016
0.0017186
0.0016881
0.000989907
-0.000495384
0.00138065
0.00063519
0.000492845
-0.000237567
0.000532945
0.00259884
0.00392187
-0.00111776
-0.00102168
0.00156995
0.0010889
-0.000493339
-0.00237488
-0.00120454
0.000513631
-0.000838062
-0.00012355
0.00148206
0.00172061
0.00291213
0.00396875
0.0025296
0.000153194
-0.00032267
0.00149431
8.39711e-05
0.000216829
0.00151004
0.00312934
0.00280926
0.000962948
0.00107241
0.00329972
0.00123143
-0.000593539
-0.000105621
-0.00187166
-0.000402407
0.000235966
-0.000354637
-0.000956729
1.70085e-05
0.00058854
-5.30895e-05
-0.00151087
-3.02851e-05
0.000285108
0.00145286
0.00163528
0.00113886
0.00192185
0.00202631
0.00116705
0.00197883
-0.000527873
0.000436345
0.000236491
-0.000163524
-0.00290585
-0.00178979
-0.00121832
-0.00208598
-0.00146252
-6.07564e-05
0.000327483
0.000989696
-0.00115985
0.000657308
0.00197396
0.000508401
-0.000554497
-0.000913939
-0.00266968
-0.00149514
5.87477e-06
0.000912593
0.00139676
0.000578965
0.000546643
0.000388084
0.00139908
0.000762864
-0.00127147
0.00155877
0.00109356
0.00240364
0.0021524
0.00138143
0.000143496
0.00210875
0.00206998
-0.000498807
-0.000459508
-0.0024892
-1.95149e-05
-2.78507e-05
5.90287e-06
-0.00122379
-0.00148484
0.000127999
0.00291036
0.00316992
0.00103342
0.00337435
0.000720391
-0.00225222
-0.00306034
-0.00312456
0.000108194
-0.00146222
0.000785296
-4.51298e-05
-0.00139563
-0.000781352
0.000793925
-0.00237824
-0.000891124
-0.000663296
-0.00016658
-0.00193556
-0.00326483
-0.00198021
-0.00232909
-0.000619259
0.00102306
0.00175876
0.000828518
5.53711e-05
0.00153197
0.000940871
-0.00144249
-0.00370524
0.000230459
0.00117905
0.00129311
0.000912749
0.00132567
-0.00038957
-0.00136093
-0.000291396
-0.000694065
-0.000810066
0.00171382
0.00117185
-0.000786388
-0.000214743
0.000379379
0.000393225
-0.000984363
-0.00254162
-0.00471576
-0.00310537
-0.0036059
-0.00318623
-0.00234792
0.00197626
0.000970145
0.00297907
0.00186911
0.00126679
0.00134426
0.000149166
-0.000245088
-0.00143074
-0.00188948
-0.00264662
-0.00189113
-0.000129438
-0.000701193
0.000703685
0.000706761
0.0012099
-1.74995e-10
0.00124379
-0.00138627
-0.000656383
0.00053585
-0.0013815
-0.00156642
-0.000667435
-0.00115322
-0.000501575
0.00172295
0.000511305
0.00105117
0.000944226
-0.000984432
-0.000490121
0.00156723
0.00311385
-0.000661674
-0.000597721
-0.000630674
0.001817
0.00188761
0.000415178
-0.00170534
-0.00107897
-0.00208288
-0.00130334
-0.000402449
-0.000149233
-0.00133552
6.36776e-05
-0.000809795
0.00110683
0.00360361
0.00111941
-0.000662845
0.00239997
0.000312023
0.00377544
0.00191678
0.000818535
-0.000221382
0.000189754
0.00146327
-0.00032885
0.000788078
0.000383976
-0.00222808
-0.00113734
0.000622788
0.00104674
-0.00140572
-0.0016715
-0.00184109
-0.00384985
-0.00222208
-0.00188277
-0.00165381
-0.000949075
-0.000898893
-0.0022983
-0.000607941
-0.000194668
-0.000797588
0.000930549
-0.00157037
-0.00129385
-0.000609818
-0.00150946
-0.00116979
-0.000949914
0.00197165
0.000397888
-0.00033012
-3.93065e-05
-0.00112658
0.000346437
0.00396212
0.0007623
-0.000495366
0.00069151
0.00420062
0.000649573
-0.00114868
-0.000278871
0.00184512
-0.00129707
-0.000839205
-0.000807371
-0.00051884
0.000428555
0.000985323
-0.00111365
0.000476862
-0.000486867
0.000936219
0.00225664
0.000803733
-0.000521103
-0.00019038
-0.000511116
0.00224415
-0.000707327
-0.00090877
-0.00447835
-0.00383325
-0.00148624
0.000942425
0.0038756
0.00358176
0.0042407
0.00267286
0.000463607
0.000193057
-0.0020436
-0.00242135
0.000338046
0.00221827
0.00116685
0.000222614
-0.000197954
-0.00139254
-0.00188732
-0.00223456
-0.00300061
0.00070321
0.00090374
-0.000606925
0.000789199
0.000521335
-0.000824128
0.000995163
0.000282317
-0.00135502
-0.00264754
-0.00146442
0.00140428
-0.00175166
-0.00218364
-0.00242028
-0.000371301
0.000405256
0.0030328
0.00164265
0.00118572
0.00171485
0.00317399
0.00112619
-0.000901358
-6.97046e-05
0.00124418
0.000273859
0.00146334
0.00192796
-0.00116407
4.3123e-05
0.00224166
0.00154668
0.000243628
0.000360457
0.000566982
