10  0.000142806
59  0.000166854
109  0.000170094
159  0.000170577
209  0.000169954
259  0.000174969
309  0.000172993
359  0.000173104
409  0.0001731
459  0.000172386
509  0.000168677
558  0.000173967
608  0.000169965
658  0.00016899
708  0.000169839
758  0.00017374
808  0.000178597
858  0.000178601
908  0.000176188
958  0.000176524
1008  0.000172132
1057  0.000171524
1107  0.000171086
1157  0.000169806
1207  0.000166711
1257  0.000169947
1307  0.000171105
1357  0.00017589
1407  0.000173413
1457  0.000171169
1507  0.000179772
1556  0.000172202
1606  0.000177237
1656  0.000168945
1706  0.000174001
1756  0.000174654
1806  0.000170601
1856  0.00016831
1906  0.000175394
1956  0.00016667
2006  0.000177238
2055  0.000168714
2105  0.000178321
2155  0.000166995
2205  0.000172905
2255  0.000174578
2305  0.000168034
2355  0.000168381
2405  0.000173125
2455  0.000166379
2505  0.000171235
2554  0.000162838
2604  0.000164318
2654  0.000176014
2704  0.000165344
2754  0.000173589
2804  0.000171465
2854  0.000170582
2904  0.000173434
2954  0.000166769
3004  0.000166985
3053  0.000164062
3103  0.000165383
3153  0.000170221
3203  0.000167927
3253  0.000166083
3303  0.000158431
3353  0.000172575
3403  0.000174166
3453  0.000174694
3503  0.000149175
3552  0.000163939
3602  0.000178158
3652  0.000160448
3702  0.00016073
3752  0.000163343
3802  0.000172894
3852  0.000174319
3902  0.000154945
3952  0.000168992
4002  0.000166853
4051  0.000160836
4101  0.000163275
4151  0.000162666
4201  0.000166439
4251  0.000175192
4301  0.000158698
4351  0.000165671
4401  0.000158277
4451  0.000163716
4501  0.000171673
4550  0.000178824
4600  0.000176463
4650  0.000169313
4700  0.000171796
4750  0.000177678
4800  0.000172102
4850  0.000167466
4900  0.000161787
4950  0.000169503
5000  0.000178459
