1
0.803471
0.668793
0.571574
0.499805
0.444907
0.401612
0.36758
0.339542
0.315658
0.295093
0.277576
0.262182
0.248989
0.23678
0.22633
0.217489
0.209118
0.200936
0.194014
0.187951
0.181146
0.17602
0.171047
0.166358
0.1617
0.157544
0.153809
0.150049
0.146197
0.143297
0.140808
0.137764
0.134741
0.13154
0.128828
0.126046
0.124034
0.121938
0.118985
0.115676
0.113164
0.110908
0.108757
0.106701
0.105643
0.103585
0.102209
0.100598
0.0983614
0.0961226
0.0940635
0.0919747
0.0894934
0.0877383
0.0858916
0.0848967
0.0833083
0.082737
0.0814476
0.0803979
0.0784841
0.0765599
0.0746268
0.0726892
0.070706
0.0686396
0.0669681
0.0654968
0.0647238
0.0641953
0.0633376
0.0619773
0.0609437
0.0604574
0.059852
0.0596621
0.0585783
0.0587556
0.0576306
0.0570767
0.056141
0.0552235
0.0538799
0.0522196
0.0513425
0.0506834
0.050714
0.0507998
0.0503893
0.0491298
0.0479262
0.0480459
0.0480296
0.0475358
0.0471987
0.0461059
0.045505
0.0450702
0.0452589
0.044569
0.044198
0.044418
0.0442259
0.0433164
0.0423541
0.0424286
0.0415996
0.0414798
0.041137
0.0406693
0.0410993
0.0401236
0.0395149
0.0391031
0.0392682
0.0389852
0.0386003
0.0382676
0.03796
0.0380992
0.0375285
0.037032
0.0362036
0.0347664
0.0338377
0.0326897
0.0317012
0.0319564
0.032071
0.0321432
0.0324606
0.0329457
0.0321441
0.0317219
0.0309883
0.0306484
0.0299429
0.0292289
0.0283795
0.0281724
0.0271817
0.0264901
0.0260191
0.0255622
0.0252681
0.0249673
0.0252339
0.0248223
0.0238646
0.0229135
0.0218356
0.0207927
0.0213627
0.0228701
0.0242398
0.0249257
0.0259578
0.0262179
0.0269658
0.0272748
0.0262772
0.0256402
0.0251754
0.0253175
0.0236692
0.0224661
0.0226533
0.0232265
0.0230774
0.0221378
0.0206031
0.0194715
0.01899
0.0184815
0.0175702
0.0174708
0.0175736
0.0174796
0.0174117
0.0172703
0.0174844
0.0175384
0.0177997
0.0167991
0.0157177
0.0152565
0.0146349
0.0144766
0.0138588
0.0132133
0.0122946
0.0116488
0.010921
0.0098822
0.00893231
0.00840853
0.007596
0.00767671
0.00624904
0.00478198
0.00381155
0.00366062
0.00296767
0.00230674
0.00267611
0.00298927
0.00423344
0.0056835
0.00646393
0.00672592
0.00777668
0.0077837
0.00793456
0.00855928
0.00836955
0.00829598
0.00849262
0.008446
0.00782262
0.00762593
0.00724943
0.00699064
0.00740626
0.00813774
0.00844463
0.00823275
0.00853348
0.00839347
0.00825048
0.00789158
0.00804342
0.00778318
0.0072152
0.00635987
0.00610972
0.00584773
0.00511799
0.00532834
0.00558233
0.00602082
0.00572878
0.00513887
0.00516562
0.0049675
0.00496251
0.00491101
0.00473492
0.00477502
0.00473492
0.00440655
0.00461634
0.00502247
0.00464475
0.00437738
0.00414958
0.00405959
0.00405268
0.00384143
0.00271046
0.00152438
-0.000105515
-0.00111513
-0.00183632
-0.00137908
-0.000629528
-0.00123668
-0.0013102
-0.00167426
-0.00221474
-0.0023708
-0.00237232
-0.0031671
-0.00420253
-0.00440882
-0.00422731
-0.00410774
-0.00407771
-0.00399041
-0.00326943
-0.00286965
-0.00145487
-0.000877371
-0.000696942
-0.000948975
-0.000897969
-0.00147268
-0.00221196
-0.00256946
-0.00225205
-0.0016059
-0.00080249
-3.0002e-05
0.000287425
9.07628e-05
-3.17091e-05
-0.000275221
-0.00118019
-0.00155464
-0.00100181
-0.000460694
-2.27213e-05
0.000736948
0.000762149
0.000363349
-5.76949e-05
-0.000472085
-0.00165997
-0.00222764
-0.00243128
-0.00284102
-0.00388114
-0.00483148
-0.00516359
-0.00631766
-0.0072589
-0.00780065
-0.00816675
-0.0076462
-0.00730548
-0.00711444
-0.00698144
-0.00655173
-0.00627571
-0.00724285
-0.00750322
-0.00796727
-0.00745532
-0.00687546
-0.00741898
-0.0083054
-0.008708
-0.00902851
-0.00890021
-0.00875596
-0.008081
-0.00787852
-0.00706326
-0.00687419
-0.00575806
-0.00531126
-0.00456135
-0.00407181
-0.00372003
-0.00403912
-0.00447363
-0.00476454
-0.00438517
-0.00362798
-0.00283502
-0.00265833
-0.00226521
-0.0017721
-0.00167308
-0.00200709
-0.0028898
-0.00328261
-0.00238816
-0.00250877
-0.00343065
-0.00374092
-0.00387455
-0.00396193
-0.00432307
-0.00484194
-0.00545484
-0.00562589
-0.00528818
-0.00558879
-0.0062907
-0.00616529
-0.00589167
-0.00592395
-0.00597715
-0.00648999
-0.00651542
-0.00699938
-0.00757337
-0.00843285
-0.0082563
-0.00827956
-0.00810395
-0.00889322
-0.00985303
-0.0105124
-0.0108618
-0.0116684
-0.0117044
-0.0120669
-0.0117076
-0.011704
-0.0108512
-0.0101589
-0.00861029
-0.00729102
-0.00669077
-0.00668893
-0.00643418
-0.0063725
-0.00564043
-0.00547306
-0.0050744
-0.00469884
-0.0039974
-0.00385095
-0.00332159
-0.00246585
-0.00187003
-0.00148836
-0.00105186
-0.000851355
-0.000531268
-0.000370038
-0.000240847
-6.63979e-05
-0.000687282
-0.00110386
-0.00240214
-0.00270833
-0.00294401
-0.00374526
-0.00447826
-0.00508306
-0.00519696
-0.0059476
-0.00623967
-0.00656994
-0.00652335
-0.00656458
-0.00718894
-0.00677626
-0.00626863
-0.00615782
-0.00637534
-0.00697998
-0.00750923
-0.00783768
-0.00770572
-0.0080049
-0.00702597
-0.00584657
-0.00488079
-0.00394222
-0.00308425
-0.00198295
-0.00162299
-0.00169967
-0.00216981
-0.00229665
-0.00203815
-0.00115457
-0.00123494
-0.00168097
-0.00152342
-0.00182734
-0.0016043
-0.0015065
-0.0014193
-0.000790429
-0.000718202
-0.000509365
-0.00110772
-0.0017405
-0.00146802
-0.00142622
-0.00164003
-0.00167253
-0.00113394
-0.000786041
-0.00138996
-0.00248402
-0.00213283
-0.00281689
-0.00330025
-0.00379872
-0.00328037
-0.00315815
-0.00289789
-0.00253011
-0.00324461
-0.0039265
-0.00504946
-0.00550772
-0.00549798
-0.00500048
-0.00487256
-0.00530444
-0.00469346
-0.00431274
-0.00494355
-0.00524873
-0.0052762
-0.0052842
-0.00545133
-0.00530999
-0.00573851
-0.00540137
-0.00428375
-0.00390713
-0.00368417
-0.00300236
-0.00277838
-0.00280654
-0.00403129
-0.00491909
-0.00675671
-0.00755059
-0.00742823
-0.00768202
-0.00805526
-0.00832349
-0.00909582
-0.00877005
-0.008423
-0.00832624
-0.00859583
-0.0088582
-0.00973736
-0.00961551
-0.00994473
-0.0107843
-0.0113591
-0.0118389
-0.0122076
-0.0121637
-0.0116567
-0.0115856
-0.0117971
-0.0128692
-0.0137286
-0.0145867
-0.0146941
-0.0145758
-0.0149195
-0.0152785
-0.0152447
-0.0151133
-0.0147053
-0.0146643
-0.0142086
-0.013129
-0.0134343
-0.0139036
-0.0136676
-0.0132539
-0.013223
-0.0126943
-0.0126979
-0.0126988
-0.0132668
-0.0139294
-0.0142692
-0.0139473
-0.0137454
-0.0141475
-0.0146191
-0.0143556
-0.0141998
-0.0141464
-0.0140858
-0.0134887
-0.0137622
-0.0141715
-0.0135958
-0.0139698
-0.0137696
-0.0132635
-0.0136816
-0.0139924
-0.0143025
-0.0144573
-0.0140598
-0.0133797
-0.0127307
-0.0122578
-0.0115397
-0.0106551
-0.0096187
-0.00925742
-0.00885848
-0.00841322
-0.00756813
-0.00601199
-0.00463948
-0.00339039
-0.00227606
-0.00241475
-0.00330524
-0.00376366
-0.0047124
-0.00493426
-0.00573074
-0.00556282
-0.00603436
-0.00626483
-0.00568741
-0.00527715
-0.00543174
-0.00679723
-0.00853066
-0.0090238
-0.00809921
-0.00702331
-0.00606372
-0.00533446
-0.0047855
-0.0050686
-0.0050913
-0.00468264
-0.00500141
-0.00547644
-0.00524761
-0.00399951
-0.0041237
-0.00423286
-0.00413841
-0.00356081
-0.00279583
-0.00250035
-0.00205913
-0.00188485
-0.00157069
-0.00247598
-0.00266523
-0.00209112
-0.00190721
-0.00203844
-0.0025301
-0.00321984
-0.00477331
-0.00527842
-0.00517927
-0.00531056
-0.00601616
-0.0053405
-0.00546536
-0.0052771
-0.00529038
-0.00470874
-0.00431196
-0.00541135
-0.00530725
-0.00515527
-0.00503871
-0.00421665
-0.00416889
-0.00391403
-0.00293612
-0.00231081
-0.00241492
-0.00309857
-0.00303279
-0.00326832
-0.00271297
-0.00229524
-0.00182404
-0.00108345
-0.000457019
-0.000752172
-0.00136725
-0.00208487
-0.00300768
-0.00267653
-0.00226419
-0.00156935
-0.00154801
-0.000814495
-0.000198543
0.000568493
0.000901053
0.000913608
0.000835462
0.000955529
0.000853198
0.000851321
0.000503683
0.000464945
0.000703158
0.000302682
-0.000357715
-0.00138549
-0.00128236
-0.00084318
-0.000738958
-0.00124413
-0.00145942
-0.00194905
-0.00216606
-0.00197381
-0.00124069
-0.000262135
0.000488692
0.000642723
0.000327253
0.000246912
0.00050169
-4.54774e-05
-0.000535844
-0.000429322
0.000155382
0.00022185
0.000759495
0.00200066
0.00320668
0.00447623
0.00490536
0.00425685
0.00368536
0.0033652
0.00360042
0.00361713
0.00441409
0.0048327
0.00489417
0.00483814
0.00468158
0.00403928
0.00345702
0.00266629
0.00173399
0.00121896
0.000460161
0.000419969
0.000195615
0.000881679
0.00117901
0.00209306
0.00153305
0.000896731
0.000346076
0.000801835
0.0016613
0.00135986
0.00115621
0.000468514
0.0010974
0.00149011
0.00235822
0.00233025
0.0017823
0.00133343
0.000717949
0.000906248
0.00125175
0.000786373
0.000520476
0.000703842
0.000331781
0.000286157
0.00108742
0.00156176
0.00117265
0.000568682
4.5132e-06
0.000622572
0.00141784
0.00188861
0.00226978
0.00229345
0.00263246
0.00279626
0.00329257
0.00260778
0.00211678
0.00153012
0.000245281
-0.000191816
-0.000486777
-0.00136141
-0.00172269
-0.00150595
-0.00092061
-0.000217535
-0.000508634
-0.000733847
-0.00177445
-0.00147496
-0.000922216
-0.000692642
3.09565e-05
0.000908687
0.00169403
0.0024138
0.00305883
0.00302087
0.00254809
0.00236585
0.00295658
0.00435486
0.00505351
0.00587537
0.00584369
0.0052641
0.00534764
0.00590966
0.00608256
0.00639204
0.00590322
0.00618554
0.00602481
0.00664867
0.00674032
0.00614714
0.005181
0.00425287
0.00440341
0.00328897
0.00369221
0.00332304
0.00306688
0.00181134
0.000876365
0.000995984
0.000847913
0.00117028
0.00167244
0.00186379
0.00214048
0.00252722
0.0023816
0.00277183
0.00247051
0.00193444
0.00150532
0.0022348
0.00254042
0.0030852
0.00296424
0.00384234
0.00424041
0.00419858
0.00415617
0.00464122
0.00593328
0.00592886
0.00633383
0.00694062
0.00688739
0.00623719
0.00577189
0.00603903
0.00668735
0.00685188
0.00642396
0.00603692
0.0061734
0.00659989
0.00633917
0.00633829
0.00610479
0.00547209
0.00462442
0.00488388
0.00507083
0.00560456
0.00572289
0.0064885
0.00676519
0.00607478
0.00647019
0.0067069
0.0071531
0.00724143
0.00787082
0.00836033
0.00823552
0.00803122
0.00773396
0.00799696
0.00744095
0.00778178
0.00784459
0.00735095
0.00635491
0.00519225
0.0042528
0.00366864
0.00352318
0.00348551
0.00429586
0.00405626
0.00246478
0.00152083
0.000724072
0.000285707
-0.000426408
-0.0010455
-0.00166098
-0.00127093
-0.000928071
-0.000636746
-0.000386925
-0.000127535
-0.00157742
-0.00121717
-0.000548989
-0.000268077
-0.000693662
-0.000383636
-0.00016737
-0.000547415
-4.72151e-05
7.02041e-05
0.000487899
0.00100758
0.000754036
-0.000328212
-0.000521924
-0.000605305
-0.000654061
-6.90802e-05
0.000942955
0.00205951
0.00275538
0.00395148
0.0051526
0.0048563
0.00335598
0.00216734
0.00215947
0.00218567
0.00283371
0.00262689
0.00236544
0.00265795
0.00222166
0.00229125
0.00225053
0.00198265
0.00200752
0.00145072
0.000940454
0.000860539
0.000443163
0.000139168
0.00016342
0.000228887
8.57615e-05
-0.000116882
-0.000163312
-0.000176875
0.000285769
-8.0277e-05
7.58908e-05
-0.000140242
-0.000402653
-6.80234e-05
0.000982811
0.00110251
0.00106236
0.00199978
0.00323613
0.00333177
0.00431537
0.00470991
0.00443895
0.0045934
0.00492127
0.00476792
0.00455186
0.00494494
0.00459006
0.00436968
0.00423626
0.00374888
0.00392799
0.00439021
0.00528195
0.00602543
0.0066004
0.00636056
0.00566475
0.00562638
0.0061263
0.00600812
0.00580431
0.00516404
0.00514712
0.00542893
0.00513568
0.00396793
0.00355579
0.00336581
0.00346756
0.00410091
0.0042022
0.00393471
0.00417948
0.00360907
0.00386836
0.00391617
0.00411203
0.0041611
0.00361168
0.00371464
0.00404984
0.00438722
0.00497004
0.00620061
0.00672158
