10  0.000343309
59  0.000564498
109  0.000643337
159  0.000694763
209  0.000722196
259  0.000734482
309  0.000755759
359  0.000766659
409  0.000776566
459  0.000775707
509  0.000775992
558  0.00078543
608  0.000777482
658  0.000769163
708  0.000777437
758  0.000779005
808  0.000785734
858  0.000794649
908  0.000785384
958  0.000751518
1008  0.000793492
1057  0.000761728
1107  0.000778626
1157  0.000762602
1207  0.000757474
1257  0.000800859
1307  0.000780884
1357  0.000800785
1407  0.000761503
1457  0.00082291
1507  0.000795913
1556  0.000783204
1606  0.000780488
1656  0.000775507
1706  0.000782708
1756  0.00081218
1806  0.000793389
1856  0.000770441
1906  0.000786915
1956  0.000811751
2006  0.00077668
2055  0.000793011
2105  0.000811895
2155  0.000784468
2205  0.00078553
2255  0.000809903
2305  0.000773131
2355  0.000803509
2405  0.000804734
2455  0.000800909
2505  0.000801842
2554  0.000830804
2604  0.000806414
2654  0.000799309
2704  0.000800728
2754  0.000776183
2804  0.000774442
2854  0.000833027
2904  0.000756156
2954  0.000819717
3004  0.000773345
3053  0.00078151
3103  0.000798084
3153  0.000794595
3203  0.00076592
3253  0.000832961
3303  0.000797696
3353  0.000787048
3403  0.000758871
3453  0.000822054
3503  0.000810267
3552  0.000832827
3602  0.000796549
3652  0.000775478
3702  0.000800545
3752  0.000814518
3802  0.000809651
3852  0.000778713
3902  0.00083165
3952  0.000798022
4002  0.000807541
4051  0.000777413
4101  0.000840147
4151  0.00073106
4201  0.000796775
4251  0.000835586
4301  0.000736203
4351  0.00078263
4401  0.000776578
4451  0.000797023
4501  0.000798188
4550  0.000742295
4600  0.000734286
4650  0.00082901
4700  0.000802016
4750  0.000845215
4800  0.000855887
4850  0.000823464
4900  0.000816147
4950  0.000804167
5000  0.00083742
