1
0.83
0.70964
0.620216
0.552279
0.499043
0.456207
0.42174
0.392774
0.368048
0.346426
0.327708
0.311265
0.296803
0.283503
0.271921
0.262045
0.252544
0.243497
0.235399
0.228066
0.220357
0.214372
0.208688
0.203367
0.198209
0.193471
0.189036
0.184703
0.180363
0.176859
0.173622
0.170005
0.166363
0.162588
0.159273
0.155986
0.153263
0.150696
0.147468
0.14391
0.140618
0.137636
0.13469
0.132129
0.130334
0.127827
0.125952
0.123915
0.121423
0.118731
0.116138
0.113601
0.110612
0.108637
0.106706
0.105595
0.103926
0.102995
0.101457
0.100063
0.0976682
0.0953649
0.093139
0.0907991
0.0885893
0.0863976
0.0845744
0.0828189
0.0817357
0.080707
0.0795637
0.077939
0.0767011
0.0757515
0.0748299
0.074284
0.0728805
0.072741
0.0715129
0.0705745
0.069321
0.0679541
0.0662264
0.0641317
0.0630079
0.0620436
0.0613877
0.0610328
0.0603342
0.0588729
0.0574922
0.0572457
0.0569504
0.0564471
0.0562977
0.0556326
0.0552918
0.054955
0.0550273
0.0542423
0.0537406
0.0539447
0.0535136
0.0524819
0.0514338
0.0512211
0.0504881
0.0502341
0.0499254
0.0493515
0.0495026
0.0485164
0.0477615
0.0470167
0.0468029
0.0465721
0.0460079
0.0454346
0.0448399
0.0445834
0.043878
0.0431816
0.0421746
0.040752
0.0397574
0.0385995
0.0376453
0.0377685
0.0376841
0.0376065
0.0374429
0.0374917
0.0365312
0.0359632
0.0350337
0.0344309
0.0335757
0.0325219
0.0315124
0.0310825
0.0300655
0.0291864
0.0286275
0.0281322
0.0278878
0.0274419
0.0273104
0.0267574
0.0257779
0.0248442
0.0240423
0.0231823
0.0236694
0.0250873
0.0263708
0.0271445
0.0278948
0.0281702
0.0291031
0.029476
0.0284534
0.0278099
0.0273199
0.0274222
0.0262448
0.0251708
0.0251807
0.025399
0.0250135
0.0240186
0.0225815
0.021396
0.0205728
0.0199901
0.0191253
0.018891
0.0190576
0.019023
0.019012
0.0190255
0.0194433
0.0196251
0.0197464
0.0187862
0.0177824
0.017267
0.0166743
0.0164069
0.0156657
0.0148596
0.0139816
0.0130527
0.0120838
0.0113077
0.0105951
0.0101879
0.00920235
0.0087398
0.00714012
0.00555291
0.00453932
0.00426689
0.00373945
0.00314457
0.00358481
0.00396103
0.00491816
0.00622256
0.00689429
0.00712738
0.0082394
0.00837622
0.00843699
0.00896468
0.0088883
0.00900519
0.00937192
0.00931547
0.00888993
0.00868201
0.00841439
0.00816014
0.0086417
0.00908638
0.00909788
0.00880189
0.0088837
0.00880055
0.00870105
0.00843623
0.00871224
0.00865074
0.00818275
0.00739699
0.00698711
0.00678759
0.0059684
0.00597019
0.00582009
0.00608537
0.0057814
0.00530145
0.0054107
0.00515561
0.00525301
0.00531713
0.00526756
0.00523618
0.00505134
0.0047045
0.00521233
0.00589091
0.00574019
0.00552118
0.00521745
0.00518552
0.00507972
0.00488261
0.00391875
0.00315933
0.00185106
0.000874756
7.65263e-05
0.000348972
0.000922834
0.000619076
0.000508044
8.76597e-05
-0.000304509
-0.000468282
-0.000535086
-0.00130046
-0.0022616
-0.00258877
-0.00225353
-0.00214509
-0.0022208
-0.00215297
-0.00131922
-0.000842197
0.00025979
0.000786101
0.00101034
0.000867762
0.000919323
0.000209238
-0.000706547
-0.00110014
-0.000667498
-4.41922e-05
0.000445434
0.00108103
0.00135698
0.00100692
0.000816448
0.000449747
-0.000443197
-0.00082416
-0.000623881
-0.00037067
-2.23201e-05
0.000655948
0.000757042
0.000582246
0.000442202
0.000209418
-0.000714495
-0.0013089
-0.00162851
-0.0022021
-0.00317005
-0.00382234
-0.00417573
-0.00526424
-0.00605105
-0.00652922
-0.00650231
-0.00581779
-0.0051234
-0.00463099
-0.00409542
-0.00346217
-0.00316492
-0.00404095
-0.00428502
-0.00481731
-0.00462021
-0.00454867
-0.00545927
-0.0063772
-0.0069091
-0.00734271
-0.00725539
-0.00707372
-0.00644801
-0.00644676
-0.00565568
-0.00556601
-0.00492693
-0.00476067
-0.0041803
-0.00392615
-0.00389908
-0.00406882
-0.00426129
-0.00437755
-0.0040232
-0.00327642
-0.00260653
-0.00230059
-0.00205506
-0.0016268
-0.00145072
-0.00157228
-0.00220089
-0.00265894
-0.00215215
-0.00244412
-0.00346852
-0.00365522
-0.003803
-0.00406571
-0.00449962
-0.0050477
-0.00574625
-0.00619731
-0.00587285
-0.00647923
-0.00717684
-0.00713251
-0.00700537
-0.00687728
-0.00694539
-0.00730883
-0.00736643
-0.007719
-0.00821887
-0.00913536
-0.00927625
-0.00915446
-0.00894382
-0.00950218
-0.0101714
-0.010749
-0.0110471
-0.0114571
-0.0113565
-0.0114582
-0.0108365
-0.0105714
-0.00973085
-0.00914305
-0.00773597
-0.00641764
-0.00565851
-0.00541064
-0.00514162
-0.00512513
-0.00458117
-0.00444674
-0.00402729
-0.00380314
-0.00320176
-0.00303232
-0.00228584
-0.00142166
-0.000453051
-8.93379e-05
0.000332086
0.000592648
0.000690156
0.000729349
0.000668129
0.000710778
0.000399377
-1.02539e-05
-0.00103065
-0.00107026
-0.00126954
-0.00187579
-0.00273612
-0.00343327
-0.00356881
-0.00425359
-0.00484806
-0.00550722
-0.0055242
-0.00559541
-0.00612256
-0.0056969
-0.00524316
-0.00517115
-0.00550765
-0.00607135
-0.0063939
-0.00640897
-0.00624147
-0.00618219
-0.00517826
-0.00404432
-0.00298789
-0.00179031
-0.000676236
0.00040613
0.000683916
0.000896229
0.000950903
0.00108553
0.00148337
0.00199111
0.00178221
0.0012529
0.00134394
0.000696441
0.000428176
0.000107311
-5.48074e-05
0.000320074
0.000287564
0.000562653
0.000337497
-1.66718e-05
0.000270533
0.000517117
0.000462385
0.000316876
0.000585979
0.000905147
0.000632311
-0.000405334
-0.00019165
-0.000692518
-0.00111027
-0.00151641
-0.00111808
-0.00115883
-0.000991857
-0.000925093
-0.00156368
-0.00227921
-0.00349598
-0.0040013
-0.00389011
-0.0033265
-0.00336593
-0.00389587
-0.00362283
-0.00336771
-0.00397313
-0.0042891
-0.0039656
-0.00370308
-0.00347908
-0.00296971
-0.00316594
-0.00298901
-0.00233133
-0.00232845
-0.00230003
-0.00208949
-0.00215531
-0.00239722
-0.00362806
-0.00467871
-0.00653576
-0.00728893
-0.00730148
-0.00755398
-0.00789791
-0.0081079
-0.00886285
-0.0087286
-0.00828047
-0.00831681
-0.00873427
-0.00904913
-0.00977337
-0.00976578
-0.00987134
-0.0105711
-0.0109136
-0.011129
-0.0113561
-0.0112404
-0.0109316
-0.0111614
-0.0114478
-0.0127656
-0.0137272
-0.0147672
-0.0151375
-0.0151222
-0.0155977
-0.0159919
-0.0157872
-0.0155483
-0.0149286
-0.0148019
-0.0142751
-0.0137011
-0.0141602
-0.0148018
-0.0150264
-0.014797
-0.0149039
-0.0146524
-0.0148615
-0.0149696
-0.0156286
-0.0164239
-0.0170526
-0.0170629
-0.0168235
-0.0169114
-0.0169927
-0.0167241
-0.0163383
-0.016302
-0.0161067
-0.0155188
-0.0156928
-0.0159485
-0.0156343
-0.0161746
-0.0158236
-0.015109
-0.015223
-0.0153563
-0.0154249
-0.015645
-0.0153382
-0.0145813
-0.0139875
-0.013428
-0.012448
-0.0114763
-0.0103039
-0.010017
-0.00975914
-0.00943961
-0.00869313
-0.00734337
-0.00611775
-0.00526669
-0.00430553
-0.00434974
-0.00504368
-0.00530944
-0.00581499
-0.00604242
-0.00641509
-0.00601367
-0.00618806
-0.00642682
-0.00611362
-0.00593565
-0.00635172
-0.00782705
-0.00933863
-0.00989862
-0.00910253
-0.00818546
-0.00737771
-0.00681556
-0.00627747
-0.00641854
-0.00629681
-0.00574426
-0.00585694
-0.00608792
-0.00579695
-0.00463366
-0.00466677
-0.00467951
-0.00448472
-0.00397679
-0.00332238
-0.00293148
-0.00266804
-0.00240495
-0.00216252
-0.00305483
-0.00316749
-0.00257541
-0.00257457
-0.00279519
-0.00327681
-0.00382895
-0.00517139
-0.00572988
-0.00572533
-0.00574971
-0.0063449
-0.00569906
-0.00590263
-0.00592602
-0.00605213
-0.00575823
-0.00568272
-0.00712428
-0.00727975
-0.0073172
-0.00733574
-0.00667529
-0.00668641
-0.00652557
-0.00573338
-0.00527302
-0.00532787
-0.00564642
-0.00531338
-0.00519279
-0.00457683
-0.00391878
-0.00343027
-0.00258782
-0.00183334
-0.00199613
-0.00254276
-0.00321607
-0.00398729
-0.003651
-0.00327927
-0.00246565
-0.00224572
-0.00138521
-0.000589365
0.000384462
0.000693027
0.000818271
0.000685234
0.000576529
0.000653658
0.000876725
0.000710093
0.000715158
0.0010477
0.000886367
0.000358434
-0.00035002
5.79561e-05
0.000650885
0.000671667
-9.58049e-06
-0.000333185
-0.00063281
-0.000988674
-0.000679857
-0.000115454
0.00071271
0.00155301
0.00189036
0.00173342
0.00176829
0.0020235
0.00194197
0.00197946
0.00218597
0.00262258
0.00267003
0.00326656
0.00444762
0.00563178
0.00656712
0.00678606
0.00625156
0.00547164
0.00506339
0.00533088
0.00525959
0.00597661
0.00643144
0.00655671
0.00656104
0.0064383
0.00588667
0.00571972
0.00510364
0.0041356
0.00363574
0.0029345
0.00275232
0.00257824
0.00307159
0.00332409
0.00415527
0.00368007
0.00296562
0.00255553
0.00311963
0.00386689
0.00340699
0.00310145
0.00223162
0.00243802
0.00259342
0.00320829
0.00303503
0.00250282
0.00202986
0.0015048
0.00144586
0.00163671
0.00123171
0.00107272
0.00123067
0.00095931
0.000883788
0.00143261
0.00175391
0.00153503
0.00109562
0.000783021
0.00140824
0.00224784
0.00271246
0.00304405
0.00290938
0.00318423
0.00312202
0.00340212
0.00273701
0.00235969
0.001821
0.000678819
0.000208504
-5.78911e-05
-0.000747377
-0.00122076
-0.00114697
-0.000696684
-0.000132884
-0.000471897
-0.000635439
-0.00154059
-0.0012134
-0.000539707
-8.78693e-05
0.000715231
0.00169129
0.00252921
0.00316308
0.00385573
0.0039041
0.00346293
0.00344111
0.00384552
0.00520072
0.0059046
0.00651986
0.00636881
0.00601798
0.00605709
0.0064852
0.00650824
0.00689083
0.00662719
0.0067907
0.00661212
0.00702428
0.00707814
0.0065045
0.0055812
0.00465785
0.00471821
0.00388735
0.0041121
0.00365173
0.00328843
0.00208764
0.00123202
0.00136737
0.00133236
0.00167589
0.00240454
0.00291001
0.00335288
0.00389672
0.00381365
0.00432852
0.00432079
0.00393584
0.0035193
0.00401246
0.004093
0.00448715
0.00441462
0.00521258
0.00553888
0.0055908
0.00569976
0.00616444
0.00730294
0.00716859
0.00750096
0.00811606
0.00787895
0.0073527
0.0069762
0.00721109
0.00775489
0.00759597
0.00716149
0.00687159
0.00687454
0.007015
0.00654351
0.00656338
0.00631743
0.00571055
0.00488115
0.00499717
0.00482384
0.00509129
0.00492888
0.00556913
0.00566508
0.00501539
0.00539217
0.00585833
0.00647063
0.00667242
0.00732339
0.00798566
0.00802265
0.0078153
0.00741639
0.00768729
0.00729835
0.00759658
0.00765301
0.00700216
0.00590111
0.00467734
0.00378837
0.00332159
0.00318571
0.00324912
0.00397828
0.00361903
0.00230974
0.00150606
0.0005467
-5.4538e-06
-0.000730967
-0.00133616
-0.00178464
-0.00145868
-0.00104392
-0.000766464
-0.00041026
5.3351e-05
-0.000950375
-0.0006429
-2.56708e-05
0.00026359
-0.000180846
5.65129e-05
0.00017741
3.20264e-05
0.000644559
0.000975464
0.00153494
0.00235142
0.00243579
0.0017748
0.00155416
0.00133355
0.00129584
0.00169093
0.00235742
0.00334696
0.00405423
0.00491934
0.00595764
0.00556363
0.00387455
0.00282029
0.00274714
0.00287503
0.00338037
0.00331869
0.00311033
0.0033811
0.00298267
0.00289246
0.00251841
0.00206071
0.00196041
0.00138935
0.0010107
0.000931561
0.000322845
5.82884e-05
3.06608e-05
0.000171793
0.000266452
0.000243078
0.000257896
0.000302053
0.000325564
-0.000118952
7.17288e-05
-1.42111e-05
-0.000168478
4.38082e-05
0.000940146
0.00100608
0.00109453
0.00197483
0.00319038
0.00325514
0.00424784
0.00456813
0.00422941
0.00453693
0.00494665
0.00495584
0.00490974
0.00537883
0.00521826
0.00494797
0.00490366
0.00471934
0.00513833
0.00566871
0.00657918
0.00730865
0.00786496
0.00784575
0.00714572
0.0070554
0.00741566
0.00727556
0.00699071
0.00630252
0.0062782
0.00674066
0.00672247
0.00591018
0.00594458
0.00594932
0.00597132
0.00623803
0.00618164
0.00582958
0.00601783
0.00533984
0.00515165
0.00491732
0.0045958
0.00426501
0.00355496
0.00352871
0.00371888
0.00386685
0.00420685
0.00509151
0.00521925
