10  0.00168013
59  0.00285683
109  0.00328348
159  0.00355512
209  0.0037064
259  0.00378065
309  0.003883
359  0.0039489
409  0.00399835
459  0.00396466
509  0.00400554
558  0.00405688
608  0.00400874
658  0.00402816
708  0.00402019
758  0.0040001
808  0.00403516
858  0.00409179
908  0.00407091
958  0.00392221
1008  0.00413783
1057  0.003933
1107  0.00401411
1157  0.00395131
1207  0.00392235
1257  0.00412781
1307  0.00407103
1357  0.00414164
1407  0.00395984
1457  0.00423711
1507  0.00411812
1556  0.00403645
1606  0.00406443
1656  0.00399207
1706  0.00403706
1756  0.00418623
1806  0.00410726
1856  0.00398899
1906  0.0040804
1956  0.00417112
2006  0.0039727
2055  0.00412693
2105  0.00426644
2155  0.00402364
2205  0.00410315
2255  0.00420445
2305  0.00400119
2355  0.00416396
2405  0.00412804
2455  0.00415604
2505  0.00420835
2554  0.00430694
2604  0.00416054
2654  0.00416282
2704  0.00417306
2754  0.00406646
2804  0.00395901
2854  0.00429281
2904  0.00398008
2954  0.00422361
3004  0.00400348
3053  0.00416117
3103  0.00419301
3153  0.00398618
3203  0.00382203
3253  0.00428962
3303  0.00411045
3353  0.00398813
3403  0.00398579
3453  0.00428034
3503  0.00419264
3552  0.00433576
3602  0.00417205
3652  0.00396146
3702  0.0041386
3752  0.00424805
3802  0.004143
3852  0.00388371
3902  0.00413972
3952  0.00418181
4002  0.00421128
4051  0.00407304
4101  0.00426735
4151  0.00380791
4201  0.00407833
4251  0.00428653
4301  0.00384474
4351  0.00402196
4401  0.00401754
4451  0.00408814
4501  0.00417195
4550  0.00376206
4600  0.00384066
4650  0.0040692
4700  0.00408937
4750  0.00424824
4800  0.00426714
4850  0.00419869
4900  0.00432168
4950  0.00410703
5000  0.00434175
