10  0.000319416
59  0.000479496
109  0.000512961
159  0.000523272
209  0.000532848
259  0.00053007
309  0.00053731
359  0.000529497
409  0.000539964
459  0.000544662
509  0.000537851
558  0.000549732
608  0.000542455
658  0.000530021
708  0.000543096
758  0.000542031
808  0.000556467
858  0.000551746
908  0.000554128
958  0.000557883
1008  0.000565392
1057  0.000561898
1107  0.000570872
1157  0.000561525
1207  0.000565761
1257  0.000557195
1307  0.000567263
1357  0.000562309
1407  0.000558826
1457  0.000560628
1507  0.000559867
1556  0.00055114
1606  0.000544546
1656  0.000565934
1706  0.000557679
1756  0.000578329
1806  0.000572442
1856  0.000571444
1906  0.000573828
1956  0.000584437
2006  0.000575521
2055  0.000581773
2105  0.000578592
2155  0.000575882
2205  0.0005841
2255  0.000564654
2305  0.000582919
2355  0.000593683
2405  0.000564048
2455  0.000570692
2505  0.000589185
2554  0.000599616
2604  0.000600054
2654  0.000586127
2704  0.000599812
2754  0.000577809
2804  0.00058098
2854  0.000613399
2904  0.000609061
2954  0.000598401
3004  0.000582106
3053  0.000614813
3103  0.00056712
3153  0.000613001
3203  0.000597622
3253  0.000559997
3303  0.000606712
3353  0.000597915
3403  0.00059561
3453  0.000650391
3503  0.000596579
3552  0.00061233
3602  0.000613143
3652  0.000586817
3702  0.000585057
3752  0.000581062
3802  0.000612481
3852  0.000625906
3902  0.000606364
3952  0.000625571
4002  0.00058796
4051  0.000612154
4101  0.000567983
4151  0.000633778
4201  0.000593072
4251  0.000583333
4301  0.000649962
4351  0.000572723
4401  0.000613419
4451  0.000635059
4501  0.00062719
4550  0.000597355
4600  0.000600753
4650  0.000593953
4700  0.000617191
4750  0.000622288
4800  0.00057372
4850  0.000653834
4900  0.000601812
4950  0.000625373
5000  0.000593217
