10  0.00176733
59  0.00264092
109  0.00282126
159  0.00287586
209  0.00292896
259  0.0029142
309  0.00295347
359  0.00291139
409  0.00296739
459  0.00299495
509  0.00295966
558  0.00302034
608  0.00298096
658  0.00291599
708  0.00298217
758  0.00298812
808  0.00306107
858  0.0030379
908  0.00305491
958  0.00307262
1008  0.00310937
1057  0.00309175
1107  0.0031423
1157  0.00309323
1207  0.00311627
1257  0.00306431
1307  0.00312387
1357  0.00309819
1407  0.00307633
1457  0.00309145
1507  0.00308577
1556  0.00303579
1606  0.0030119
1656  0.00312166
1706  0.00307083
1756  0.00318638
1806  0.00314926
1856  0.00314744
1906  0.00316032
1956  0.00322063
2006  0.00317421
2055  0.00320826
2105  0.00320142
2155  0.00317121
2205  0.00321477
2255  0.00310795
2305  0.00320823
2355  0.00326617
2405  0.00311134
2455  0.00313814
2505  0.00324586
2554  0.00330055
2604  0.00330942
2654  0.00323687
2704  0.00330979
2754  0.00317796
2804  0.00320884
2854  0.0033784
2904  0.00334833
2954  0.00329084
3004  0.00321009
3053  0.00339918
3103  0.00312335
3153  0.0033771
3203  0.00328817
3253  0.0030911
3303  0.00333754
3353  0.00329761
3403  0.00328543
3453  0.00358862
3503  0.00328903
3552  0.00337108
3602  0.00338339
3652  0.00322804
3702  0.00323336
3752  0.00319693
3802  0.00337155
3852  0.00343313
3902  0.00332479
3952  0.00342489
4002  0.003237
4051  0.00337383
4101  0.00312197
4151  0.00349394
4201  0.00327529
4251  0.00321353
4301  0.00358073
4351  0.00315668
4401  0.00337474
4451  0.00349028
4501  0.00346056
4550  0.00327355
4600  0.00330447
4650  0.00327966
4700  0.00338152
4750  0.00341227
4800  0.00314863
4850  0.00359076
4900  0.00331712
4950  0.00343618
5000  0.00327008
