1
0.839388
0.716297
0.619123
0.541338
0.477164
0.423926
0.378556
0.340469
0.307867
0.279956
0.25499
0.23388
0.215215
0.198119
0.18346
0.170735
0.159258
0.148586
0.138085
0.129389
0.121421
0.114474
0.108556
0.1026
0.0965592
0.0911027
0.0853641
0.0804701
0.0758928
0.0712992
0.0673282
0.0634427
0.0597836
0.0567459
0.0539663
0.0511395
0.0482929
0.0460306
0.0437287
0.0413811
0.0391065
0.037602
0.0359637
0.0341274
0.0320957
0.0299909
0.0285671
0.0271628
0.0254712
0.0237038
0.0219163
0.020953
0.0209981
0.020619
0.0202564
0.0201105
0.0198694
0.0197849
0.0185503
0.0177963
0.0170763
0.0165464
0.0158184
0.0156224
0.0149198
0.0147031
0.0140468
0.0130085
0.0120554
0.0113897
0.0111627
0.011303
0.0117108
0.0119696
0.0115644
0.0117286
0.0108338
0.00981442
0.0086185
0.00826374
0.00768888
0.0076622
0.00714988
0.00658418
0.00575908
0.00573378
0.00570174
0.00590195
0.00627823
0.00611082
0.0055512
0.00470357
0.0042606
0.00375423
0.0034643
0.00330092
0.00300515
0.00287648
0.00233777
0.00198034
0.00165434
0.00153319
0.00175109
0.0020808
0.00211088
0.00184844
0.00100537
0.000554972
-0.000166055
-0.000580938
-0.00118048
-0.0020514
-0.00278595
-0.00328286
-0.00394868
-0.00427582
-0.00402408
-0.00420814
-0.00418665
-0.00394952
-0.00319833
-0.00250473
-0.0025718
-0.00236357
-0.00143536
-0.000928617
-0.000540083
-0.000531283
-0.00158803
-0.00197588
-0.00247243
-0.00249649
-0.00302909
-0.00297856
-0.00316978
-0.00302439
-0.00281153
-0.00268113
-0.00223009
-0.00161805
-0.00143135
-0.00164316
-0.00165697
-0.00211186
-0.00278416
-0.00315502
-0.00361213
-0.00348597
-0.00346527
-0.00328077
-0.00395937
-0.00526741
-0.00538524
-0.00524405
-0.00543912
-0.00519874
-0.00445816
-0.00342716
-0.00373138
-0.00443026
-0.00523055
-0.00578156
-0.00556186
-0.00555954
-0.0053011
-0.00483352
-0.00429145
-0.0038431
-0.0032182
-0.00259881
-0.00216987
-0.00155025
-0.00125184
-0.000743635
-0.000386673
-0.000103495
0.000453138
0.000722475
-7.40743e-05
-0.000947777
-0.00145229
-0.00202823
-0.00265448
-0.00305741
-0.00401115
-0.00421738
-0.00416411
-0.00415224
-0.00405367
-0.00383738
-0.00398677
-0.00436321
-0.0044042
-0.00454008
-0.0051093
-0.00511893
-0.00507529
-0.00474813
-0.00473189
-0.00472037
-0.00469286
-0.00475603
-0.00392729
-0.00225702
-0.00129816
-0.00053924
-0.00021689
0.000328704
0.000489776
0.000230304
0.000598222
0.000602807
0.00121912
0.00205395
0.00257529
0.00315332
0.00434693
0.00505375
0.00524546
0.00572313
0.00700752
0.00743358
0.00749409
0.00771298
0.00830859
0.0089329
0.00901491
0.0100424
0.0100194
0.00972743
0.00913283
0.00870159
0.00834608
0.00821562
0.00834173
0.00842917
0.00781409
0.00731433
0.00702697
0.00696454
0.00681444
0.00609805
0.00611532
0.00643161
0.00630675
0.00570299
0.00511109
0.0052401
0.00574126
0.0054728
0.00562266
0.00556851
0.00555621
0.00571298
0.00646423
0.00672926
0.00711401
0.00654976
0.00622963
0.0057302
0.00544388
0.00476515
0.00365647
0.00294798
0.00240531
0.00205915
0.0011103
0.000784628
0.000390724
-5.56848e-05
-0.000359526
-0.00119279
-0.00131577
-0.00089113
-0.000349007
0.000656654
0.0018415
0.0030858
0.00338525
0.00370093
0.00409653
0.004515
0.00473228
0.00464021
0.00482286
0.00407193
0.00321906
0.0028768
0.00171076
0.00139264
0.00156396
0.0013577
0.000669926
0.000772689
0.00165425
0.00211042
0.00250834
0.00294889
0.00315734
0.00308134
0.00254617
0.00152659
0.00111716
0.000959071
0.00108485
0.000962338
0.000704014
0.000613917
0.00132541
0.00177085
0.00145748
0.000911133
0.00116264
0.000689854
0.000979503
0.000796347
0.00115929
0.00135227
0.00190758
0.00192886
0.00146724
0.00142792
0.00186901
0.00220608
0.0025993
0.00237354
0.00294589
0.0038962
0.00443967
0.00434553
0.00474528
0.00507068
0.00477362
0.00344449
0.00218158
0.000351062
-0.0011981
-0.00169969
-0.00123224
-0.00130093
-0.00136955
-0.000850061
-0.000695234
-0.000574619
-3.35993e-05
-0.000157525
-0.000117107
-0.000514166
-0.000655817
-0.000251181
-3.97559e-05
-8.42246e-05
0.000283765
0.000418308
-0.000589001
-0.00120387
-0.00193042
-0.00235375
-0.00342686
-0.00390419
-0.00472706
-0.00451567
-0.00465792
-0.00532478
-0.00568437
-0.00534017
-0.00489774
-0.00482026
-0.00522209
-0.00548075
-0.00591603
-0.00567434
-0.00535374
-0.00552581
-0.00525507
-0.00470446
-0.0045629
-0.00404307
-0.00359047
-0.00292193
-0.00196785
-0.00114201
-0.00118996
-0.00112646
-0.00116373
-0.00171062
-0.00196691
-0.002678
-0.00291316
-0.00331492
-0.00313182
-0.00312555
-0.00241584
-0.00133905
0.000336331
0.00147653
0.00227899
0.00234744
0.00292308
0.00380982
0.00427704
0.0047707
0.00444052
0.00366055
0.00333903
0.00293383
0.00267513
0.00192513
0.00182612
0.00152657
0.00133925
0.00115152
0.00130798
0.00108933
0.00152809
0.00200333
0.00163399
0.00157394
0.00172531
0.00175409
0.00201096
0.00264936
0.00260044
0.00208258
0.00143031
0.00211006
0.00219886
0.00232398
0.00311283
0.00350173
0.00356786
0.00349378
0.00397097
0.00445755
0.00520793
0.00567462
0.00554005
0.00514814
0.00498545
0.00505294
0.00557022
0.00611391
0.00582357
0.00508941
0.00503261
0.00489481
0.00460666
0.00314106
0.00210704
0.00208334
0.00168623
0.00094813
0.00107595
0.000980411
0.00191448
0.00254209
0.00328927
0.0035003
0.00383875
0.00436455
0.00451063
0.00426238
0.00459056
0.00521487
0.00572637
0.0059494
0.00558526
0.00584929
0.00574312
0.00527003
0.00462385
0.00383833
0.00321779
0.00286856
0.00287013
0.00272294
0.00208564
0.00212278
0.00266984
0.00262961
0.0025313
0.00215999
0.001426
0.000944992
0.000796976
0.000890751
0.00179441
0.00231697
0.00295854
0.00327184
0.00367619
0.00438108
0.00484545
0.00404429
0.00364627
0.00345325
0.00306394
0.00243613
0.00240345
0.0018291
0.000942605
0.000459706
0.000762648
0.000802735
0.000448586
0.000311756
0.000440537
0.000309973
0.000934055
0.000838463
0.00107647
0.00181669
0.00179739
0.00112534
0.000646334
0.000694633
0.000924645
0.00112393
0.00151709
0.00151676
0.00190659
0.00146754
0.00110578
0.000872747
0.00111536
0.00156038
0.00228977
0.00283133
0.00299895
0.00313073
0.00305989
0.00356374
0.00372806
0.00408519
0.00440994
0.00490042
0.0052405
0.00575117
0.0059616
0.00541736
0.00446133
0.00320146
0.00270779
0.00215169
0.00144522
0.00148932
0.00179215
0.001578
0.00123637
0.000941035
0.000197677
-0.00117712
-0.00263621
-0.0041148
-0.0050504
-0.00683414
-0.0081247
-0.00931519
-0.0105164
-0.0115685
-0.0130087
-0.0134082
-0.0143419
-0.0141826
-0.0143542
-0.0151254
-0.0149272
-0.0146865
-0.0142356
-0.0137908
-0.0126382
-0.0115163
-0.0101637
-0.00862737
-0.0072421
-0.00694722
-0.00634078
-0.00616973
-0.00528526
-0.0051321
-0.00453622
-0.00374191
-0.00273452
-0.00267769
-0.00234172
-0.00245822
-0.00223865
-0.00158408
-0.000983938
-0.00056601
1.25005e-05
0.00057655
0.000228213
6.56715e-05
-0.000469885
-0.00101262
-0.000612472
-0.000709909
-0.000328663
5.65818e-05
3.98676e-05
-0.000118507
0.000436398
0.000925604
0.00176537
0.00260101
0.00296313
0.00293065
0.00306123
0.00350062
0.00336571
0.00320837
0.00330735
0.00454658
0.00516239
0.0059362
0.00587236
0.00564247
0.00527103
0.00535776
0.00560215
0.00574955
0.00517205
0.00409596
0.00375318
0.00310284
0.00220884
0.00191911
0.00217652
0.00219336
0.00191003
0.00232646
0.002355
0.0023788
0.00275677
0.00311875
0.00352355
0.00371008
0.00450023
0.004744
0.00485304
0.0050884
0.00511771
0.00503284
0.00438136
0.00337471
0.00274878
0.0033528
0.00369937
0.00376081
0.00391421
0.00400727
0.00435374
0.00491036
0.00525148
0.0062391
0.00721048
0.00765127
0.00789281
0.00842604
0.00865514
0.00914148
0.0090805
0.00895366
0.00841045
0.0073161
0.00658821
0.00530446
0.00452603
0.00432016
0.0047725
0.00501421
0.00532845
0.00517351
0.00542685
0.00539581
0.00530339
0.00545548
0.0050534
0.0050566
0.00470689
0.00455898
0.00401295
0.00352823
0.00319305
0.00283734
0.0020059
0.00157221
0.00119209
0.000644643
0.00101579
0.00121848
0.000528575
8.3245e-05
0.000759778
0.00100166
0.00163302
0.00208881
0.00206064
0.0015286
0.000815438
-0.000187239
-0.000796082
-0.00115319
-0.0012978
-0.00171329
-0.00135177
-0.00135161
-0.0011565
-0.00132983
-0.00052826
-0.000524739
-0.0012017
-0.00156668
-0.00120269
-0.00190016
-0.002158
-0.00204932
-0.00154604
-0.00147548
-0.00178032
-0.00243351
-0.00262422
-0.00199546
-0.00200221
-0.00156822
-0.00119362
-0.000931863
-0.00124893
-0.00133866
-0.00114261
-0.000840631
6.26688e-05
0.000935901
0.000685502
0.00038928
0.000450689
0.00104194
0.000848601
-4.59646e-05
-0.00131881
-0.0022121
-0.00248055
-0.00295099
-0.00376425
-0.00437382
-0.00412202
-0.00383209
-0.00447587
-0.0052763
-0.0053957
-0.00567421
-0.00571555
-0.00550146
-0.00506387
-0.00465914
-0.0040998
-0.00397985
-0.00352608
-0.00300009
-0.00315497
-0.00353391
-0.0032103
-0.00297889
-0.00256993
-0.00240754
-0.00287851
-0.00300967
-0.00219941
-0.0016713
-0.00181612
-0.00171664
-0.00138065
-0.000701334
-0.000192958
0.000221438
4.93575e-05
-0.000201525
-0.000280001
-0.000361429
0.00011977
0.000214873
-0.00044662
-0.00121338
-0.00169053
-0.00230259
-0.00293265
-0.00300459
-0.00309112
-0.00344694
-0.00287096
-0.00224895
-0.00158553
-0.00167995
-0.000312545
0.000181897
0.00015537
-1.76191e-05
-0.000432598
-0.000774665
-0.000484247
-0.000488046
0.000293634
0.00122264
0.00200849
0.00204018
0.00248284
0.00303714
0.00310688
0.00328258
0.00359805
0.00359451
0.00437888
0.00517723
0.00548153
0.00598284
0.00625149
0.00653798
0.00659739
0.00621418
0.00663193
0.0071749
0.00656072
0.00625357
0.00606445
0.00522149
0.00435881
0.0038589
0.00339092
0.00361573
0.0038206
0.00377531
0.00408511
0.00397356
0.00386769
0.00351974
0.00325773
0.00278206
0.00237804
0.00263622
0.00254333
0.0018196
0.000840948
0.000257262
0.000107443
-0.000203605
-0.000812146
-0.000461038
-0.000317497
-0.000102986
0.000151513
0.000335796
0.000868133
0.000751358
0.000745172
0.00121178
0.00108816
0.00202169
0.00291678
0.00393664
0.00456286
0.0043445
0.00421627
0.00399925
0.00323781
0.00262647
0.00220233
0.00204238
0.00167561
0.00117635
0.00142081
0.00182561
0.00230584
0.00222041
0.00232621
0.00208235
0.00146966
0.00119205
0.00128299
0.00107634
0.000663029
0.00108186
0.00168906
0.00245367
0.00361434
0.00495796
0.00598945
0.00699461
0.00685074
0.00663091
0.00617059
0.00574789
0.00523427
0.00439248
0.00396632
0.00400776
0.0043738
0.00446623
0.00406415
0.00389725
0.00339823
0.00349478
0.00337246
0.00300546
0.00268433
0.00219114
0.00282246
0.00386487
0.00467229
0.00515996
0.0052932
0.00473837
0.00388231
0.00349037
0.00332382
0.00366346
0.00330255
0.00263937
0.00253652
0.00277964
0.00325345
0.00329662
0.00315629
0.00302924
0.00249392
0.00150043
0.000591967
0.000217046
0.000547717
0.000686379
0.000248632
0.000366965
0.00108541
0.00140029
0.00225091
0.00320146
0.00393505
0.00451904
0.00516092
0.00592082
0.00677959
0.00729924
0.00737141
0.00696605
0.00623584
0.00613782
0.00639803
0.00644751
0.00630583
0.00552373
0.0053237
0.00514646
0.00563654
0.00631381
0.00681904
0.0070703
0.00675096
0.00620132
0.00587102
0.00548765
0.00542073
0.00529892
0.00525186
0.00492603
0.00435592
0.00373947
0.00350521
0.00266894
0.00312412
0.00262939
0.00239897
0.00183588
0.00178063
0.00122775
0.0012049
0.000733275
0.00139243
0.000997915
0.00014149
-0.000354472
-0.000313589
7.71859e-05
0.000353305
0.00028136
0.000333778
0.000448456
0.000472967
0.000560147
0.000859625
0.00107875
0.0019178
0.00241183
0.00326235
0.00381703
0.00372422
0.00311501
0.00277374
0.00286531
0.00268736
