1
0.838535
0.714622
0.616744
0.538372
0.473721
0.420098
0.374513
0.336284
0.303605
0.275633
0.250602
0.229506
0.210877
0.193805
0.179157
0.166423
0.155026
0.144461
0.134055
0.125445
0.117567
0.110721
0.104956
0.0990987
0.093208
0.0878376
0.0821609
0.0773963
0.0729087
0.0684309
0.0645828
0.0607841
0.0572688
0.0543849
0.051751
0.0490068
0.0462667
0.0440726
0.0418697
0.0395883
0.037361
0.0359205
0.0343742
0.0325897
0.0306911
0.0286703
0.0273054
0.025933
0.0243005
0.0226172
0.0208443
0.0198745
0.019955
0.0196668
0.0193588
0.0192159
0.0190117
0.0189539
0.0178132
0.0170745
0.0162935
0.0157277
0.0149651
0.0147707
0.0140525
0.0138052
0.0132256
0.0121957
0.0113084
0.0106809
0.0105592
0.0108007
0.0112456
0.011561
0.0111834
0.0113196
0.0104479
0.0094082
0.00815138
0.00780986
0.00728936
0.00727426
0.00687324
0.00633094
0.00547077
0.00546885
0.00545195
0.00571107
0.00618818
0.00603568
0.0054163
0.00449086
0.00401899
0.00341108
0.00301174
0.00278644
0.00251731
0.00230787
0.00173687
0.00134093
0.00096415
0.000832141
0.00105401
0.00144551
0.00159492
0.00142621
0.000685214
0.000224083
-0.000545423
-0.000908547
-0.00137786
-0.00218179
-0.00293171
-0.0034784
-0.00414679
-0.00438385
-0.00419305
-0.00436402
-0.00440889
-0.00418836
-0.00340443
-0.00261643
-0.00268181
-0.00249345
-0.00155279
-0.00110118
-0.000715264
-0.00071703
-0.0017544
-0.00207211
-0.0025037
-0.00258299
-0.00312433
-0.00301925
-0.00318023
-0.00305344
-0.00276271
-0.00251995
-0.00198474
-0.00131345
-0.00114998
-0.00131593
-0.00134893
-0.00181054
-0.00249138
-0.00278782
-0.00318928
-0.00305118
-0.00309406
-0.00297723
-0.00374433
-0.00512518
-0.00522723
-0.00504999
-0.00523814
-0.00498307
-0.00425704
-0.00330637
-0.00367564
-0.00435814
-0.00517621
-0.00580325
-0.00554307
-0.00551826
-0.00530053
-0.00477413
-0.00422482
-0.00380296
-0.00312604
-0.00248564
-0.00206618
-0.00151806
-0.00131
-0.000884081
-0.000547623
-0.000263949
0.000335764
0.000651765
-0.000106709
-0.000980814
-0.00150543
-0.00207882
-0.00270682
-0.00310505
-0.00404711
-0.00423468
-0.00414502
-0.00408322
-0.00392941
-0.00370365
-0.00380154
-0.00412629
-0.00412313
-0.00431279
-0.00483979
-0.00485082
-0.00478984
-0.00443163
-0.00441304
-0.00441035
-0.0044237
-0.00448211
-0.00368705
-0.00197766
-0.00100468
-0.000216015
0.000145067
0.000721323
0.000932226
0.000623106
0.00100958
0.000897598
0.00153866
0.00232616
0.00278238
0.00328225
0.00438406
0.0050186
0.00513106
0.00556432
0.00681953
0.00724756
0.00734767
0.00751622
0.00816721
0.00882548
0.00894777
0.0100128
0.0100784
0.00987563
0.00920753
0.00871884
0.00830244
0.0081484
0.0083227
0.00844076
0.0078861
0.00740311
0.00716513
0.00708612
0.00696697
0.00626829
0.006288
0.0066594
0.00657399
0.00596046
0.00523997
0.0053046
0.00584446
0.00558
0.00565923
0.00552357
0.00547564
0.00561797
0.00625045
0.00643424
0.0067601
0.00619278
0.00585376
0.00539082
0.00517515
0.00456533
0.00355265
0.0028042
0.00231031
0.0020013
0.00107862
0.000785323
0.000349851
-0.000102519
-0.000385236
-0.00132178
-0.00152334
-0.00112142
-0.000597087
0.000433023
0.00166294
0.00292778
0.00327979
0.00363688
0.00408113
0.00456627
0.00488139
0.00487597
0.00506967
0.00436341
0.00346431
0.00299281
0.00165624
0.00120996
0.0012892
0.00106598
0.000375593
0.000498907
0.00138374
0.00185921
0.00225504
0.00270637
0.0029679
0.00293831
0.00243781
0.00142222
0.0010206
0.00090867
0.00102173
0.000923336
0.000698334
0.000627543
0.00138805
0.00186339
0.00158291
0.00107529
0.00134681
0.000813534
0.00106831
0.000836946
0.00118041
0.00132249
0.00188412
0.00187478
0.00134531
0.00131054
0.00182949
0.00219684
0.00257024
0.00236908
0.00288143
0.00381862
0.0043682
0.00429448
0.00470688
0.0050919
0.00486841
0.00363204
0.00248336
0.000733546
-0.000835238
-0.00136577
-0.000882939
-0.000975682
-0.00103721
-0.000496143
-0.000346468
-0.000222422
0.000285251
0.000144188
0.000127781
-0.00031616
-0.000506339
-0.000184434
-2.78705e-05
-6.51827e-05
0.000244338
0.00032006
-0.000767323
-0.00151019
-0.00227722
-0.00272059
-0.00385705
-0.00438414
-0.00521979
-0.00494618
-0.00503658
-0.00566312
-0.00592505
-0.00555477
-0.00503427
-0.00485066
-0.00515301
-0.00540115
-0.00588864
-0.00566536
-0.00533445
-0.00543571
-0.00511628
-0.00448695
-0.00428615
-0.00367641
-0.00311359
-0.0024241
-0.00148885
-0.0006957
-0.000759737
-0.000724754
-0.00080801
-0.00144485
-0.00174439
-0.00246871
-0.00272535
-0.00311358
-0.0029164
-0.00291456
-0.0022284
-0.00115854
0.000510803
0.00159936
0.00243181
0.00253909
0.00309706
0.0040001
0.00455001
0.00513279
0.00489599
0.00420953
0.00391104
0.00350006
0.00321032
0.0024173
0.0022864
0.00195523
0.00178762
0.00159888
0.00178945
0.0015103
0.00191411
0.00235992
0.00195662
0.00193087
0.0021279
0.00219801
0.00250545
0.00313408
0.00297404
0.00241734
0.00178222
0.00247935
0.0025548
0.00268579
0.00339933
0.0037313
0.00386938
0.00382102
0.00432862
0.0048467
0.00561576
0.00607745
0.00591079
0.00546166
0.00534103
0.00543194
0.00594827
0.00652303
0.00632611
0.00562721
0.00553677
0.0053328
0.00503643
0.00359118
0.00252121
0.00247444
0.00209561
0.00139668
0.00151569
0.00144841
0.00239114
0.00305739
0.003757
0.00393101
0.00424767
0.00474674
0.00488058
0.0046887
0.00499677
0.00556233
0.00602423
0.00619873
0.00585591
0.00616478
0.00607679
0.00566615
0.00504145
0.00429885
0.00367197
0.00331281
0.00329088
0.00304511
0.00234498
0.00234667
0.00289523
0.00288163
0.00283896
0.00255339
0.00186404
0.00141699
0.00120219
0.00129208
0.00219841
0.00278541
0.00341539
0.00377771
0.00411463
0.0048034
0.00521331
0.00444615
0.00403703
0.00378623
0.00335651
0.00266896
0.00262103
0.00206413
0.0011845
0.000631904
0.0009472
0.00106196
0.000718829
0.000585751
0.000699651
0.000638353
0.00132125
0.00124964
0.00146851
0.00221947
0.00209827
0.00126593
0.000723687
0.000727772
0.000934908
0.00111377
0.00148353
0.0015336
0.00189893
0.00148873
0.0011879
0.000945648
0.00123719
0.00175108
0.00247925
0.00298556
0.00311278
0.00318903
0.00311751
0.00364268
0.00382416
0.00417355
0.00446962
0.00500634
0.0053656
0.00592771
0.00618741
0.00563951
0.00467168
0.00340226
0.00287381
0.00230586
0.00157737
0.00161874
0.00195945
0.00179128
0.00148842
0.00112927
0.000328224
-0.00108395
-0.00252782
-0.00401683
-0.00497095
-0.00674283
-0.00808083
-0.0092836
-0.0104736
-0.0115948
-0.0129929
-0.0133463
-0.0141656
-0.0138942
-0.0140226
-0.0147875
-0.0146384
-0.0144899
-0.0140062
-0.0135571
-0.0124369
-0.0112617
-0.00989138
-0.00835957
-0.00698839
-0.0066727
-0.00609452
-0.00594197
-0.00509072
-0.00486003
-0.00424443
-0.0034276
-0.0024477
-0.00240577
-0.00215118
-0.00227913
-0.00204367
-0.0013203
-0.00073974
-0.000343475
0.000158047
0.0006355
0.000286938
4.91249e-05
-0.000517212
-0.00110538
-0.000714851
-0.000810584
-0.000452123
-7.71855e-05
-0.000147196
-0.000290788
0.000308913
0.000781233
0.00163477
0.00247559
0.00285832
0.00283981
0.00296346
0.00339602
0.00322069
0.00300631
0.00310703
0.00436891
0.00507278
0.00592133
0.00586894
0.00564717
0.00523838
0.0053654
0.00559367
0.00584915
0.00531609
0.00428534
0.00391397
0.003243
0.00227915
0.00199171
0.00226368
0.00231141
0.00206699
0.0025052
0.00253138
0.00250744
0.00278413
0.00305426
0.00337707
0.00345638
0.00416361
0.00438395
0.00442107
0.00458129
0.00458282
0.00465774
0.00415811
0.0032297
0.0026234
0.00322623
0.0035589
0.00358225
0.00370081
0.00382587
0.00412804
0.00471303
0.00504784
0.00601967
0.0069566
0.00737735
0.00754396
0.00796422
0.00813681
0.00864024
0.0086024
0.00849763
0.00792365
0.00691104
0.00618837
0.0049522
0.00421366
0.00410767
0.0046503
0.00491967
0.00533235
0.00527785
0.00559065
0.00562441
0.00551431
0.00566879
0.00530568
0.00537598
0.00501355
0.00487485
0.00426032
0.00376725
0.00341657
0.00297345
0.00205068
0.0014613
0.000918963
0.000331963
0.00068712
0.000974393
0.000379672
-8.80511e-05
0.000612683
0.000803553
0.00141605
0.0018483
0.001805
0.00127371
0.000535683
-0.000485202
-0.00103694
-0.0013076
-0.00135344
-0.00173214
-0.00137957
-0.00135138
-0.00114246
-0.00128744
-0.000515402
-0.000618626
-0.00138032
-0.0018234
-0.0015001
-0.00222672
-0.00251352
-0.00236869
-0.00182989
-0.00165845
-0.0019123
-0.0024988
-0.00258568
-0.00194196
-0.00192711
-0.00144095
-0.00102547
-0.000734123
-0.00100773
-0.00103084
-0.000763245
-0.000334538
0.00067956
0.00159646
0.00138699
0.00108968
0.00121626
0.00188717
0.00170659
0.000768762
-0.000503572
-0.00142092
-0.00164085
-0.00208641
-0.00290383
-0.00345817
-0.0032298
-0.00301126
-0.00375107
-0.00458785
-0.00482688
-0.00519277
-0.00524005
-0.00500703
-0.00459735
-0.00415398
-0.00362721
-0.00353593
-0.00312196
-0.00267808
-0.00294855
-0.00344726
-0.003209
-0.00302863
-0.00266104
-0.00251378
-0.00294338
-0.00304243
-0.00213348
-0.00156674
-0.00164956
-0.00144221
-0.00105648
-0.000313107
0.000189825
0.000562802
0.000307064
-1.78821e-05
-0.000116179
-0.000180152
0.000378333
0.000483495
-0.00013252
-0.000896726
-0.00147579
-0.00208564
-0.00270922
-0.00277132
-0.00280813
-0.00322658
-0.00265812
-0.00217101
-0.00159115
-0.00181436
-0.000492769
-6.11686e-05
-0.000118138
-0.000320158
-0.000737208
-0.000976423
-0.000671769
-0.000660778
0.000167538
0.00104703
0.00179658
0.00181905
0.00229882
0.00287998
0.00295338
0.00312384
0.00345563
0.00342233
0.00410654
0.00490146
0.00521051
0.00567674
0.00591933
0.00624312
0.00630197
0.00597988
0.00641826
0.00702996
0.00644701
0.00616357
0.00599957
0.00530817
0.00455307
0.00404593
0.00351114
0.00365958
0.0038782
0.00381742
0.00415145
0.00411399
0.00413704
0.00380731
0.00349452
0.00294214
0.00257811
0.0028818
0.002829
0.00205111
0.00102561
0.000460048
0.000293784
2.51113e-05
-0.00062327
-0.000268091
-0.000111057
0.000170563
0.000509982
0.00071174
0.00128178
0.00116869
0.00112095
0.0015703
0.00143406
0.00238411
0.00325566
0.00429377
0.00481908
0.00456566
0.00437498
0.00413453
0.00333882
0.00270145
0.00220383
0.00201802
0.00168143
0.00123418
0.00155799
0.00189195
0.00234838
0.00223583
0.00233795
0.00213159
0.00146955
0.00120994
0.00125832
0.00100495
0.000568332
0.000991894
0.00160705
0.00232252
0.00340071
0.00475766
0.00577178
0.00680703
0.00668013
0.00644979
0.00596603
0.00554259
0.00505331
0.00423946
0.00374872
0.00377271
0.00417162
0.00433252
0.00402592
0.00386359
0.00333712
0.00337026
0.00315958
0.00277229
0.00234982
0.00180861
0.00240038
0.00339633
0.00411119
0.00461324
0.004858
0.00439657
0.0035442
0.00318466
0.00301206
0.00334035
0.00293712
0.002273
0.00213477
0.0023498
0.00283608
0.00289221
0.00282197
0.00273858
0.00218369
0.00114903
0.000178618
-0.000253539
0.000101016
0.00025039
-0.000180852
-9.14059e-05
0.000566616
0.000836786
0.00165688
0.00257942
0.00330142
0.00385064
0.00447232
0.00517181
0.00599147
0.00650244
0.00661253
0.00627679
0.00553306
0.00548766
0.00577594
0.0058509
0.00575162
0.00498663
0.00481823
0.00477747
0.00536014
0.00609702
0.0066695
0.00694431
0.00660582
0.00603925
0.00575227
0.00543046
0.00535607
0.00523754
0.00522448
0.00495484
0.00434784
0.00369128
0.0034499
0.00262256
0.00304037
0.00255669
0.00235983
0.00177258
0.00172644
0.00119144
0.00122805
0.000809402
0.00154985
0.00120412
0.000404202
-3.42788e-05
2.02332e-05
0.000374059
0.000736015
0.000696335
0.000683133
0.000740562
0.0007595
0.000802834
0.00111696
0.00130459
0.00221005
0.00274715
0.00360501
0.00419422
0.00412569
0.00345913
0.00308769
0.00315703
0.00299539
