1  0.245299 0.339836
18  0.167908 0.318518
32  0.267608 0.106959
20  1.00372 0.048568
23  1.35676 0.196429
4  1.41006 0.172014
7  1.5521 0.0422752
30  1.62657 0.0358848
31  1.42685 0.223554
22  1.30391 0.427703
2  1.4593 0.662331
21  1.37201 0.738701
14  0.958276 0.988519
3  0.954229 1.14367
16  0.943593 1.16983
17  1.23362 1.16094
19  1.86373 1.5081
29  1.83771 1.87975
27  1.53153 1.94053
5  1.31204 1.81097
25  1.15454 1.68001
13  0.986453 1.51209
6  0.742993 1.67313
28  0.45222 1.98922
11  0.129286 1.50931
24  0.24192 1.36027
10  0.0346033 1.16636
26  0.105522 0.907015
8  0.336649 1.14488
9  0.558466 1.09172
15  0.515787 0.478536
12  0.466314 0.386586
1  0.245299 0.339836
