0 -0.446419 0
50000 -0.444031 0.00238756
100000 -0.44529 0.00186711
150000 -0.443884 0.00192864
200000 -0.443909 0.00149412
250000 -0.444076 0.00123131
300000 -0.443396 0.00124316
350000 -0.443762 0.00113722
400000 -0.443424 0.00105823
450000 -0.443692 0.000983489
500000 -0.443364 0.000947886
550000 -0.443581 0.000891916
600000 -0.443735 0.000834832
650000 -0.444423 0.00103464
700000 -0.444531 0.000969228
750000 -0.444367 0.000921303
800000 -0.444511 0.000877382
850000 -0.444378 0.000837922
900000 -0.444481 0.00079928
950000 -0.444499 0.00075848
1000000 -0.444332 0.000740501
1050000 -0.444207 0.000717017
1100000 -0.444154 0.00068716
1150000 -0.444052 0.000665876
1200000 -0.443832 0.000675463
1250000 -0.443883 0.000650958
1300000 -0.443783 0.000634352
1350000 -0.443829 0.000613075
1400000 -0.443972 0.000608441
1450000 -0.443914 0.000590661
1500000 -0.443943 0.000572026
1550000 -0.444082 0.000571048
1600000 -0.444147 0.000557234
1650000 -0.444234 0.000547618
1700000 -0.444182 0.000534236
1750000 -0.444135 0.000521363
1800000 -0.444117 0.0005074
1850000 -0.444109 0.000493933
1900000 -0.444089 0.000481488
1950000 -0.443998 0.000478064
2000000 -0.443855 0.000487774
2050000 -0.443756 0.000486135
2100000 -0.44386 0.000485972
2150000 -0.443946 0.000482501
2200000 -0.444006 0.000475446
2250000 -0.444051 0.000467141
2300000 -0.444015 0.000458505
2350000 -0.44406 0.000451091
2400000 -0.444103 0.000443903
2450000 -0.44407 0.000436178
2500000 -0.444234 0.000457767
2550000 -0.444279 0.000451151
2600000 -0.444275 0.000442573
2650000 -0.444285 0.00043441
2700000 -0.444263 0.000426983
2750000 -0.444212 0.000422489
2800000 -0.444208 0.000415022
2850000 -0.444192 0.000408155
2900000 -0.444174 0.000401554
2950000 -0.444173 0.000394806
3000000 -0.444162 0.000388432
3050000 -0.44409 0.000388825
3100000 -0.444105 0.000382895
3150000 -0.444079 0.00037778
3200000 -0.443977 0.000385616
3250000 -0.44409 0.000396229
3300000 -0.444146 0.000394264
3350000 -0.444178 0.000389758
3400000 -0.444175 0.000384086
3450000 -0.444146 0.000379652
3500000 -0.444125 0.000374873
3550000 -0.444133 0.000369732
3600000 -0.444167 0.000366235
3650000 -0.444219 0.000364849
3700000 -0.444279 0.000364914
3750000 -0.4443 0.000360733
3800000 -0.444368 0.000362343
3850000 -0.44438 0.000357865
3900000 -0.444409 0.000354511
3950000 -0.444399 0.000350174
4000000 -0.444429 0.000347059
4050000 -0.444477 0.000346233
4100000 -0.444454 0.00034281
4150000 -0.444424 0.000340085
4200000 -0.444413 0.000336226
4250000 -0.444325 0.000343829
4300000 -0.444385 0.000345067
4350000 -0.444471 0.000351829
4400000 -0.444482 0.000348029
4450000 -0.444472 0.000344275
4500000 -0.444433 0.000342729
4550000 -0.444366 0.000345452
4600000 -0.444357 0.00034184
4650000 -0.444372 0.000338528
4700000 -0.444361 0.000335149
4750000 -0.444339 0.00033234
4800000 -0.444314 0.000329865
4850000 -0.444296 0.000326956
4900000 -0.444236 0.000329156
4950000 -0.444258 0.00032654
