           1   -0.358094   -0.358094           0
           2   -0.358054   -0.358074    0.015767
           3   -0.385636   -0.367262   0.0118401
           4   -0.349443   -0.362807   0.0084663
           5   -0.364177   -0.363081  0.00898842
           6   -0.429952   -0.374226  0.00780151
           7   -0.373013   -0.374053   0.0127389
           8   -0.347123   -0.370687   0.0114445
           9    -0.32677   -0.365807   0.0111111
          10   -0.371312   -0.366358   0.0125232
          11   -0.388301   -0.368352   0.0122799
          12    -0.36306   -0.367911   0.0118526
          13   -0.325031   -0.364613   0.0110684
          14   -0.336792   -0.362626   0.0122213
          15   -0.344255   -0.361401    0.011378
          16   -0.354401   -0.360963   0.0114979
          17   -0.388365   -0.362575   0.0114565
          18   -0.372831   -0.363145   0.0110643
          19   -0.371095   -0.363563   0.0110628
          20   -0.349986   -0.362885   0.0106344
          21   -0.357831   -0.362644   0.0104212
          22   -0.369496   -0.362955  0.00997415
          23   -0.356186   -0.362661   0.0100595
          24   -0.327822   -0.361209  0.00964339
          25   -0.322854   -0.359675  0.00924962
          26   -0.333617   -0.358673  0.00912862
          27   -0.395565   -0.360039  0.00993817
          28    -0.38237   -0.360837  0.00969113
          29   -0.331677   -0.359831  0.00965036
          30   -0.321129   -0.358541  0.00933979
          31   -0.357438   -0.358506  0.00903688
          32   -0.333586   -0.357727  0.00881513
          33   -0.374784   -0.358244  0.00855438
          34   -0.390527   -0.359193  0.00832259
          35   -0.390362   -0.360084  0.00808135
          36   -0.348076    -0.35975  0.00785853
          37    -0.30838   -0.358362  0.00787812
          38   -0.305815   -0.356979   0.0081707
          39   -0.336602   -0.356457  0.00812384
          40   -0.372458   -0.356857   0.0079422
          41   -0.375696   -0.357316  0.00774653
          42   -0.381064   -0.357882  0.00778139
          43   -0.389332   -0.358613  0.00762801
          44   -0.429074   -0.360214  0.00750723
          45   -0.405812   -0.361228   0.0074502
          46   -0.440452    -0.36295  0.00739394
          47   -0.383204   -0.363381  0.00737934
          48   -0.333937   -0.362767  0.00742714
          49   -0.361906    -0.36275  0.00742565
          50   -0.376476   -0.363024  0.00727909
          51   -0.356567   -0.362898  0.00713511
          52    -0.39539   -0.363523  0.00699754
          53   -0.384614   -0.363921  0.00686464
          54   -0.372481   -0.364079  0.00674292
          55   -0.353317   -0.363883  0.00664116
          56    -0.37658    -0.36411  0.00662539
          57   -0.352306   -0.363903  0.00662265
          58   -0.364988   -0.363922  0.00653161
          59   -0.360908   -0.363871  0.00648811
          60   -0.348965   -0.363622  0.00637947
          61   -0.375897   -0.363824  0.00642235
          62   -0.403439   -0.364462  0.00632242
          63   -0.336944   -0.364026  0.00622154
          64     -0.3289   -0.363477  0.00614037
          65   -0.362942   -0.363469  0.00612899
          66   -0.379904   -0.363718  0.00604251
          67   -0.375653   -0.363896  0.00595641
          68   -0.359477   -0.363831   0.0059105
          69   -0.369122   -0.363907  0.00583463
          70   -0.436957   -0.364951  0.00575107
          71   -0.425824   -0.365808  0.00568241
          72   -0.434941   -0.366769  0.00576455
          73   -0.389225   -0.367076  0.00570297
          74   -0.351575   -0.366867  0.00565976
          75   -0.403486   -0.367355  0.00560513
          76   -0.400659   -0.367793  0.00553984
          77   -0.408283   -0.368319  0.00546842
          78   -0.370889   -0.368352  0.00544126
          79   -0.383415   -0.368543    0.005375
          80    -0.39139   -0.368828   0.0053854
          81   -0.380533   -0.368973   0.0053606
          82   -0.360438   -0.368869   0.0053166
          83   -0.374258   -0.368934  0.00525218
          84   -0.393141   -0.369222  0.00524617
          85   -0.389261   -0.369458  0.00518654
          86    -0.35629   -0.369304  0.00521993
          87   -0.305087   -0.368566  0.00517585
          88   -0.350193   -0.368357  0.00512107
          89   -0.385544   -0.368551  0.00506403
          90   -0.374933   -0.368621   0.0050084
          91   -0.385514   -0.368807  0.00505822
          92   -0.415718   -0.369317  0.00500297
          93   -0.473001   -0.370432  0.00494909
          94   -0.436424   -0.371134  0.00492961
          95   -0.439445   -0.371853  0.00489944
          96   -0.435308   -0.372514  0.00490446
          97   -0.374264   -0.372532  0.00485548
          98   -0.389732   -0.372708  0.00485843
          99     -0.3662   -0.372642  0.00482876
         100   -0.363709   -0.372552  0.00478391
