           1     1.21724     1.21724           0
           2     1.21723     1.21724   0.0426097
           3     1.23566     1.22338   0.0287444
           4     1.21158     1.22043   0.0233711
           5     1.22143     1.22063   0.0218024
           6     1.26527     1.22807   0.0181711
           7     1.22728     1.22796   0.0154664
           8     1.20999     1.22571   0.0150889
           9      1.1964     1.22245   0.0145677
          10     1.22608     1.22282    0.015847
          11     1.23742     1.22414     0.01484
          12     1.22062     1.22385   0.0136585
          13     1.19529     1.22165   0.0125685
          14     1.20315     1.22033   0.0116374
          15     1.20812     1.21952   0.0108389
          16     1.21482     1.21922   0.0108033
          17     1.23746      1.2203   0.0103787
          18     1.22712     1.22068  0.00978973
          19     1.22599     1.22096  0.00951753
          20     1.21195     1.22051  0.00986824
          21     1.21718     1.22035  0.00942716
          22     1.22494     1.22056  0.00903564
          23     1.21603     1.22036  0.00903711
          24     1.19715     1.21939  0.00914937
          25     1.19384     1.21837  0.00887737
          26     1.20099      1.2177   0.0085804
          27     1.24229     1.21861  0.00830659
          28     1.23352     1.21914  0.00834191
          29     1.19974     1.21848  0.00805947
          30     1.19267     1.21762  0.00804543
          31     1.21686     1.21759  0.00779098
          32     1.20097     1.21707  0.00754818
          33     1.22841     1.21742  0.00731683
          34     1.23892     1.21805  0.00711588
          35      1.2388     1.21864  0.00694581
          36     1.21061     1.21842  0.00676208
          37     1.18413     1.21749  0.00659216
          38      1.1824     1.21657  0.00641949
          39     1.20293     1.21622  0.00626235
          40     1.22681     1.21648  0.00623938
          41     1.22895     1.21679  0.00612278
          42     1.23251     1.21716  0.00599429
          43     1.23803     1.21765  0.00589305
          44     1.26448     1.21871  0.00581727
          45     1.24897     1.21938   0.0056873
          46      1.2721     1.22053  0.00558576
          47     1.23394     1.22081  0.00546589
          48     1.20112      1.2204  0.00535309
          49     1.21978     1.22039  0.00524583
          50     1.22948     1.22057    0.005447
          51     1.21623     1.22049  0.00542294
          52      1.2421      1.2209  0.00538622
          53     1.23491     1.22117  0.00531345
          54     1.22683     1.22127  0.00521625
          55     1.21401     1.22114  0.00512876
          56     1.22953     1.22129  0.00527112
          57     1.21338     1.22115  0.00526055
          58     1.22183     1.22116  0.00530256
          59     1.21913     1.22113   0.0052749
          60     1.21122     1.22096   0.0051917
          61     1.22921      1.2211  0.00511783
          62     1.24754     1.22153  0.00503509
          63     1.20319     1.22123  0.00495842
          64     1.19782     1.22087  0.00489505
          65     1.22055     1.22086  0.00481921
          66     1.23185     1.22103  0.00474967
          67     1.22902     1.22115  0.00468111
          68     1.21823     1.22111  0.00462807
          69     1.22468     1.22116  0.00457143
          70      1.2699     1.22185   0.0045561
          71     1.26247     1.22243  0.00451116
          72     1.26855     1.22307  0.00452779
          73     1.23804     1.22327  0.00448329
          74     1.21292     1.22313  0.00442353
          75     1.24753     1.22346  0.00440224
          76     1.24564     1.22375  0.00434487
          77     1.25078      1.2241  0.00428811
          78     1.22585     1.22412   0.0045157
          79     1.23422     1.22425  0.00446096
          80     1.23953     1.22444  0.00444175
          81     1.23227     1.22454  0.00438745
          82     1.21885     1.22447  0.00433412
          83     1.22808     1.22451  0.00429963
          84     1.24068     1.22471  0.00424969
          85      1.2381     1.22486  0.00424752
          86     1.21606     1.22476  0.00423325
          87     1.18189     1.22427  0.00418704
          88     1.21198     1.22413  0.00415246
          89     1.23552     1.22426  0.00418109
          90     1.22844      1.2243  0.00414854
          91     1.23556     1.22443  0.00411134
          92      1.2557     1.22477  0.00407234
          93     1.29387     1.22551  0.00402851
          94     1.26953     1.22598  0.00398632
          95     1.27155     1.22646  0.00397236
          96     1.26878      1.2269  0.00393183
          97     1.22804     1.22691  0.00389571
          98     1.23833     1.22703  0.00388781
          99     1.22263     1.22698  0.00388893
         100     1.22097     1.22692  0.00385056
