           1     1.82586     1.82586           0
           2     1.82585     1.82586   0.0320087
           3     1.85349     1.83507   0.0211359
           4     1.81736     1.83064   0.0157557
           5     1.83214     1.83094   0.0129315
           6     1.89791      1.8421   0.0107841
           7     1.84092     1.84193   0.0116303
           8     1.81499     1.83857   0.0102436
           9     1.79459     1.83368  0.00946503
          10     1.83911     1.83422  0.00866506
          11     1.85613     1.83621  0.00904715
          12     1.83093     1.83577  0.00857397
          13     1.79294     1.83248  0.00810576
          14     1.80473      1.8305  0.00752178
          15     1.81218     1.82928  0.00711899
          16     1.82223     1.82884  0.00666089
          17     1.85619     1.83044  0.00757801
          18     1.84069     1.83101  0.00714515
          19     1.83898     1.83143  0.00678926
          20     1.81793     1.83076  0.00701468
          21     1.82577     1.83052  0.00685538
          22     1.83741     1.83083  0.00655004
          23     1.82405     1.83054  0.00633554
          24     1.79572     1.82909  0.00606667
          25     1.79076     1.82755  0.00581906
          26     1.80149     1.82655  0.00560962
          27     1.86343     1.82792  0.00551808
          28     1.85028     1.82872  0.00575178
          29     1.79961     1.82771  0.00581541
          30     1.78901     1.82642  0.00603455
          31      1.8253     1.82639  0.00585817
          32     1.80145     1.82561  0.00575057
          33     1.84262     1.82612  0.00562837
          34     1.85838     1.82707  0.00557424
          35      1.8582     1.82796  0.00543915
          36     1.81591     1.82763  0.00539098
          37      1.7762     1.82624  0.00524596
          38      1.7736     1.82485   0.0060012
          39      1.8044     1.82433  0.00588615
          40     1.84021     1.82472  0.00574635
          41     1.84343     1.82518  0.00568519
          42     1.84877     1.82574  0.00555024
          43     1.85704     1.82647  0.00542542
          44     1.89671     1.82807  0.00538516
          45     1.87346     1.82908  0.00530114
          46     1.90816     1.83079  0.00521207
          47     1.85091     1.83122  0.00510026
          48     1.80169     1.83061  0.00500638
          49     1.82967     1.83059  0.00492515
          50     1.84423     1.83086  0.00484462
          51     1.82434     1.83073  0.00487681
          52     1.86314     1.83136  0.00479019
          53     1.85236     1.83175  0.00488088
          54     1.84024     1.83191   0.0047899
          55     1.82102     1.83171  0.00473116
          56     1.84429     1.83194  0.00469165
          57     1.82006     1.83173  0.00468274
          58     1.83274     1.83175  0.00465601
          59      1.8287     1.83169  0.00457862
          60     1.81683     1.83145   0.0045026
          61     1.84382     1.83165  0.00460118
          62     1.87131     1.83229  0.00452722
          63     1.80478     1.83185  0.00447411
          64     1.79672      1.8313  0.00447167
          65     1.83082      1.8313  0.00440574
          66     1.84777     1.83155  0.00438271
          67     1.84353     1.83172  0.00431737
          68     1.82735     1.83166  0.00426598
          69     1.83703     1.83174  0.00420621
          70     1.90485     1.83278  0.00419349
          71     1.89371     1.83364  0.00417227
          72     1.90282      1.8346  0.00429301
          73     1.85706     1.83491  0.00433704
          74     1.81937      1.8347  0.00431175
          75      1.8713     1.83519  0.00433668
          76     1.86846     1.83562  0.00432869
          77     1.87616     1.83615  0.00435733
          78     1.83878     1.83618  0.00443203
          79     1.85134     1.83638   0.0043759
          80      1.8593     1.83666  0.00432091
          81      1.8484     1.83681  0.00427367
          82     1.82828      1.8367  0.00422972
          83     1.84213     1.83677  0.00427122
          84     1.86102     1.83706  0.00423196
          85     1.85715     1.83729  0.00418828
          86     1.82409     1.83714  0.00414561
          87     1.77284      1.8364    0.004134
          88     1.81797     1.83619  0.00409659
          89     1.85328     1.83638   0.0040513
          90     1.84266     1.83645  0.00401739
          91     1.85334     1.83664  0.00404387
          92     1.88355     1.83715  0.00400018
          93     1.94081     1.83826  0.00398419
          94      1.9043     1.83897  0.00394364
          95     1.90732     1.83969  0.00390213
          96     1.90317     1.84035   0.0038722
          97     1.84207     1.84036  0.00383844
          98     1.85749     1.84054  0.00381685
          99     1.83394     1.84047  0.00378098
         100     1.83145     1.84038  0.00376551
