           1     1.46777     1.46777           0
           2      1.4678     1.46778   0.0375489
           3     1.46786     1.46781   0.0265623
           4     1.46792     1.46783   0.0273249
           5     1.46796     1.46786   0.0214573
           6     1.46796     1.46788   0.0180089
           7      1.4679     1.46788   0.0186829
           8     1.46787     1.46788    0.016549
           9     1.46782     1.46787   0.0149695
          10      1.4678     1.46787   0.0141772
          11     1.46783     1.46786   0.0129663
          12     1.46787     1.46786   0.0122239
          13     1.46791     1.46787   0.0113098
          14     1.46794     1.46787   0.0105096
          15     1.46792     1.46787   0.0097943
          16     1.46783     1.46787  0.00937809
          17     1.46783     1.46787  0.00910426
          18     1.46786     1.46787  0.00858502
          19     1.46789     1.46787  0.00850319
          20     1.46794     1.46787  0.00904526
          21     1.46794     1.46788  0.00874176
          22     1.46791     1.46788  0.00833513
          23     1.46787     1.46788   0.0081476
          24      1.4679     1.46788  0.00786523
          25     1.46791     1.46788  0.00824324
          26     1.46788     1.46788  0.00791986
          27     1.46787     1.46788  0.00776431
          28     1.46791     1.46788  0.00752262
          29     1.46794     1.46788  0.00727791
          30     1.46788     1.46788  0.00763461
          31     1.46786     1.46788  0.00784816
          32     1.46786     1.46788  0.00761811
          33     1.46783     1.46788  0.00748903
          34     1.46785     1.46788  0.00727825
          35     1.46784     1.46788  0.00713271
          36     1.46783     1.46788  0.00713154
          37     1.46782     1.46787  0.00693722
          38     1.46778     1.46787  0.00702273
          39     1.46779     1.46787  0.00687174
          40     1.46776     1.46787  0.00672413
          41     1.46773     1.46786  0.00657989
          42     1.46771     1.46786  0.00646346
          43     1.46771     1.46786  0.00639279
          44     1.46764     1.46785  0.00627509
          45     1.46765     1.46785  0.00622211
          46      1.4677     1.46784  0.00610867
          47      1.4677     1.46784  0.00600185
          48     1.46775     1.46784  0.00587579
          49     1.46776     1.46784  0.00578823
          50     1.46775     1.46784  0.00588503
          51     1.46777     1.46783   0.0058171
          52     1.46776     1.46783   0.0057804
          53     1.46775     1.46783   0.0056703
          54     1.46776     1.46783  0.00559325
          55      1.4677     1.46783  0.00549063
          56     1.46771     1.46783  0.00545171
          57     1.46776     1.46782  0.00537392
          58     1.46775     1.46782  0.00536267
          59     1.46779     1.46782  0.00532335
          60     1.46786     1.46782  0.00524634
          61     1.46792     1.46783  0.00521805
          62     1.46788     1.46783  0.00514092
          63     1.46784     1.46783  0.00506393
          64     1.46782     1.46783  0.00499062
          65     1.46788     1.46783  0.00491604
          66     1.46787     1.46783  0.00485965
          67     1.46788     1.46783  0.00481613
          68     1.46787     1.46783  0.00486286
          69     1.46791     1.46783  0.00479606
          70      1.4679     1.46783  0.00472706
          71     1.46788     1.46783  0.00466001
          72     1.46788     1.46783   0.0046739
          73     1.46783     1.46783  0.00460961
          74      1.4678     1.46783  0.00455162
          75     1.46781     1.46783  0.00452828
          76      1.4678     1.46783  0.00450879
          77     1.46788     1.46783  0.00445343
          78     1.46789     1.46783  0.00463744
          79     1.46792     1.46783  0.00457912
          80     1.46791     1.46783  0.00452182
          81     1.46787     1.46784  0.00446877
          82     1.46784     1.46784  0.00443917
          83     1.46787     1.46784   0.0043907
          84     1.46788     1.46784  0.00435045
          85     1.46789     1.46784  0.00433685
          86      1.4678     1.46784  0.00429052
          87     1.46776     1.46784  0.00424232
          88     1.46778     1.46783  0.00419538
          89     1.46773     1.46783  0.00417196
          90     1.46772     1.46783  0.00416342
          91     1.46782     1.46783   0.0041214
          92     1.46783     1.46783  0.00408437
          93     1.46781     1.46783  0.00405114
          94     1.46787     1.46783  0.00401015
          95     1.46787     1.46783  0.00399124
          96     1.46786     1.46783  0.00397494
          97      1.4678     1.46783  0.00393843
          98     1.46776     1.46783  0.00390042
          99     1.46774     1.46783  0.00387479
         100     1.46774     1.46783  0.00384169
