-4.71475
-4.71475
-4.71475
-4.71475
-4.71384
-4.71173
-4.70931
-4.70493
-4.70236
-4.69994
-4.69843
-4.69587
-4.69602
-4.69541
-4.69541
-4.69435
-4.6948
-4.6954
-4.6957
-4.69631
-4.69616
-4.69706
-4.69843
-4.69737
-4.69828
-4.69888
-4.69858
-4.69919
-4.69888
-4.69934
-4.69964
-4.70039
-4.70145
-4.70206
-4.7019
-4.70206
-4.70175
-4.70039
-4.69994
-4.7007
-4.70009
-4.70085
-4.69994
-4.69994
-4.70009
-4.70009
-4.70024
-4.69994
-4.69888
-4.69888
-4.69979
-4.69979
-4.69979
-4.70024
-4.7007
-4.7013
-4.70175
-4.70191
-4.70206
-4.70221
-4.70145
-4.7013
-4.70191
-4.70221
-4.70191
-4.70191
-4.70145
-4.701
-4.70055
-4.69994
-4.69964
-4.69919
-4.69964
-4.70009
-4.70024
-4.7007
-4.7013
-4.7007
-4.70145
-4.70085
-4.70115
-4.701
-4.70115
-4.7004
-4.70055
-4.69949
-4.69888
-4.69919
-4.69904
-4.69889
-4.69798
-4.69798
-4.69753
-4.69677
-4.69707
-4.69919
-4.69934
-4.69934
-4.69949
-4.69919
-3.93533
-3.93623
-3.93578
-3.93502
-3.93593
-3.93502
-3.93457
-3.93442
-3.93381
-3.93366
-3.93245
-3.93215
-3.93245
-3.93291
-3.93245
-3.932
-3.9323
-3.93275
-3.93336
-3.93381
-3.93306
-3.93306
-3.93306
-3.93245
-3.93291
-3.93306
-3.93411
-3.93411
-3.93426
-3.93381
-3.93457
-3.93502
-3.93472
-3.93487
-3.93548
-3.93548
-3.93533
-3.93563
-3.93623
-3.93608
-3.93668
-3.93698
-3.93698
-3.93713
-3.93668
-3.93728
-3.93683
-3.93668
-3.93698
-3.93743
-3.93653
-3.93668
-3.93729
-3.93653
-3.93668
-3.93729
-3.93698
-3.93774
-3.93819
-3.93849
-3.9388
-3.93789
-3.93804
-3.93789
-3.93728
-3.93623
-3.93502
-3.93532
-3.93638
-3.93623
-3.93623
-3.93638
-3.93623
-3.93774
-3.93744
-3.93744
-3.93638
-3.93638
-3.93698
-3.93638
-3.93623
-3.93562
-3.93608
-3.93668
-3.93729
-3.93668
-3.93653
-3.93653
-3.93668
-3.93638
-3.93608
-3.93683
-3.93668
-3.93638
-3.93638
-3.93563
-3.93638
-3.93608
-3.93638
-3.93669
-3.59908
-3.59923
-3.59953
-3.59953
-3.59968
-3.60028
-3.59968
-3.59892
-3.59817
-3.59756
-3.59757
-3.59802
-3.59802
-3.59787
-3.59787
-3.59817
-3.59696
-3.59575
-3.5956
-3.59575
-3.59621
-3.59651
-3.59712
-3.59787
-3.59893
-3.59893
-3.59893
-3.59832
-3.59817
-3.59816
-3.59726
-3.59862
-3.59892
-3.59937
-3.59892
-3.59892
-3.59923
-3.59847
-3.59878
-3.59923
-3.59923
-3.59923
-3.59893
-3.59847
-3.59893
-3.59832
-3.59998
-3.59968
-3.59953
-3.59938
-3.60059
-3.60043
-3.60059
-3.60013
-3.60089
-3.60134
-3.6021
-3.60165
-3.60225
-3.60165
-3.6021
-3.6021
-3.60331
-3.6024
-3.6018
-3.6021
-3.60104
-3.60058
-3.60073
-3.60044
-3.60119
-3.60165
-3.6015
-3.6015
-3.60074
-3.59999
-3.59923
-3.59847
-3.59877
-3.59953
-3.59907
-3.59953
-3.59968
-3.59953
-3.59968
-3.59832
-3.59832
-3.59757
-3.59727
-3.59742
-3.59756
-3.59756
-3.59787
-3.59681
-3.59727
-3.59772
-3.59787
-3.59847
-3.59908
-3.59893
-3.46957
-3.46836
-3.46851
-3.46866
-3.46791
-3.46791
-3.46761
-3.46806
-3.46806
-3.46806
-3.46791
-3.46761
-3.46776
-3.46852
-3.46806
-3.46837
-3.46837
-3.46731
-3.46625
-3.4667
-3.4664
-3.46594
-3.46609
-3.46533
-3.46609
-3.46639
-3.46594
-3.46504
-3.4661
-3.46671
-3.46656
-3.46656
-3.46686
-3.46731
-3.46686
-3.4661
-3.46655
-3.46716
-3.4667
-3.46791
-3.46791
-3.46761
-3.46821
-3.46821
-3.46881
-3.46851
-3.46715
-3.46761
-3.46776
-3.46776
-3.46746
-3.46746
-3.46836
-3.46791
-3.46821
-3.46806
-3.46776
-3.46867
-3.46852
-3.46806
-3.46746
-3.46715
-3.46609
-3.46685
-3.46745
-3.467
-3.46594
-3.46534
-3.46579
-3.46549
-3.46549
-3.46625
-3.46776
-3.46791
-3.46745
-3.46896
-3.46851
-3.46806
-3.46821
-3.46866
-3.46776
-3.46882
-3.46806
-3.46821
-3.46852
-3.46837
-3.46957
-3.46867
-3.46867
-3.46821
-3.46761
-3.46821
-3.46791
-3.46852
-3.46776
-3.46806
-3.46761
-3.4673
-3.46745
-3.46821
-3.35467
-3.35452
-3.35558
-3.35482
-3.35497
-3.35482
-3.35361
-3.35316
-3.35316
-3.35195
-3.3524
-3.35346
-3.35391
-3.35391
-3.35481
-3.35406
-3.35391
-3.35558
-3.35618
-3.35528
-3.35588
-3.35633
-3.35558
-3.35648
-3.35618
-3.35497
-3.35482
-3.35406
-3.35255
-3.35406
-3.35482
-3.35376
-3.35391
-3.35376
-3.35422
-3.35376
-3.35255
-3.3524
-3.3524
-3.35301
-3.35286
-3.35286
-3.35376
-3.35497
-3.35542
-3.35573
-3.35482
-3.35482
-3.35452
-3.35497
-3.35512
-3.35527
-3.35573
-3.35619
-3.35574
-3.35589
-3.35422
-3.35407
-3.35437
-3.35497
-3.35527
-3.35436
-3.35482
-3.35512
-3.35543
-3.35558
-3.35407
-3.35422
-3.35377
-3.35452
-3.35376
-3.35331
-3.35437
-3.35467
-3.35467
-3.35467
-3.35391
-3.35452
-3.35497
-3.35512
-3.35512
-3.35437
-3.35376
-3.35376
-3.35406
-3.35376
-3.3527
-3.35301
-3.35285
-3.35195
-3.35225
-3.35301
-3.35301
-3.35407
-3.35467
-3.35407
-3.35437
-3.35346
-3.35301
-3.35316
-3.46557
-3.46662
-3.46829
-3.46843
-3.46949
-3.46874
-3.46829
-3.46905
-3.4701
-3.46905
-3.46874
-3.47055
-3.47025
-3.47025
-3.46904
-3.4695
-3.4698
-3.46919
-3.46996
-3.46798
-3.46587
-3.4692
-3.46723
-3.46406
-3.46708
-3.46935
-3.46723
-3.46602
-3.46376
-3.46587
-3.46723
-3.46436
-3.46239
-3.46088
-3.46239
-3.46587
-3.46617
-3.46647
-3.46587
-3.4692
-3.47252
-3.4695
-3.46753
-3.46798
-3.46919
-3.46874
-3.46693
-3.46738
-3.46799
-3.46753
-3.46647
-3.46708
-3.46693
-3.46662
-3.46813
-3.46692
-3.46859
-3.4701
-3.46965
-3.46964
-3.46979
-3.46753
-3.46602
-3.4642
-3.46586
-3.46465
-3.4648
-3.46496
-3.46663
-3.46662
-3.46495
-3.46813
-3.46842
-3.46903
-3.46797
-3.46812
-3.46903
-3.46842
-3.46873
-3.46827
-3.4648
-3.4651
-3.46781
-3.46661
-3.46947
-3.46948
-3.46857
-3.46873
-3.46994
-3.4722
-3.47235
-3.47174
-3.47099
-3.46948
-3.47084
-3.46902
-3.46796
-3.46707
-3.46737
-3.46629
-3.1734
-3.17173
-3.17113
-3.17008
-3.17491
-3.1734
-3.17597
-3.17536
-3.1755
-3.17233
-3.17188
-3.17582
-3.17611
-3.174
-3.17687
-3.17536
-3.17626
-3.17611
-3.17581
-3.17219
-3.17717
-3.17703
-3.17792
-3.17898
-3.17656
-3.17339
-3.16991
-3.17279
-3.17445
-3.17399
-3.17279
-3.17022
-3.17113
-3.17204
-3.17354
-3.17249
-3.1743
-3.1734
-3.17597
-3.17521
-3.17521
-3.17174
-3.17129
-3.174
-3.17415
-3.17507
-3.17476
-3.17446
-3.17523
-3.17461
-3.17477
-3.17235
-3.17371
-3.17491
-3.17432
-3.17643
-3.17658
-3.17793
-3.17492
-3.1734
-3.17521
-3.17612
-3.17566
-3.17415
-3.17702
-3.17717
-3.17656
-3.17385
-3.17763
-3.17793
-3.17506
-3.17461
-3.17552
-3.17219
-3.17234
-3.17069
-3.17084
-3.17038
-3.17159
-3.17235
-3.17159
-3.17129
-3.17219
-3.17537
-3.17552
-3.17446
-3.17174
-3.17612
-3.17446
-3.1737
-3.17506
-3.17235
-3.17431
-3.17552
-3.17628
-3.18051
-3.18157
-3.17989
-3.17613
-3.17416
-3.25313
-3.25176
-3.25267
-3.25464
-3.25433
-3.25191
-3.25539
-3.25479
-3.25463
-3.24949
-3.24919
-3.24844
-3.2513
-3.25206
-3.2492
-3.24935
-3.24648
-3.24754
-3.25191
-3.25131
-3.25297
-3.25464
-3.25856
-3.25751
-3.25358
-3.25387
-3.25342
-3.25342
-3.25071
-3.25267
-3.25025
-3.25025
-3.25101
-3.2516
-3.25282
-3.24995
-3.24722
-3.24949
-3.25145
-3.25432
-3.25538
-3.25463
-3.25432
-3.25522
-3.25371
-3.25281
-3.25266
-3.25417
-3.25191
-3.25357
-3.25085
-3.2513
-3.24903
-3.25161
-3.25176
-3.25221
-3.25418
-3.25221
-3.25176
-3.25175
-3.25418
-3.25282
-3.25403
-3.25795
-3.25477
-3.25584
-3.25251
-3.25417
-3.25282
-3.25373
-3.25464
-3.25478
-3.25387
-3.25251
-3.25191
-3.25237
-3.25236
-3.25176
-3.25448
-3.25418
-3.25644
-3.25841
-3.25448
-3.25432
-3.25253
-3.25298
-3.25509
-3.25283
-3.25282
-3.25237
-3.25222
-3.25282
-3.25373
-3.24964
-3.25055
-3.24994
-3.2513
-3.2513
-3.25418
-3.25689
-3.38421
-3.38602
-3.38935
-3.38799
-3.38603
-3.38678
-3.3889
-3.38588
-3.38528
-3.38648
-3.39057
-3.39011
-3.38799
-3.3883
-3.38619
-3.38361
-3.38331
-3.38633
-3.38679
-3.38497
-3.38588
-3.38557
-3.38572
-3.38618
-3.38421
-3.38497
-3.38512
-3.38649
-3.38633
-3.38633
-3.38875
-3.38648
-3.3883
-3.38844
-3.38346
-3.3821
-3.38482
-3.38512
-3.3827
-3.38029
-3.38044
-3.3818
-3.38391
-3.38422
-3.38392
-3.38573
-3.38769
-3.38876
-3.38422
-3.38557
-3.38512
-3.38436
-3.38437
-3.38269
-3.38345
-3.38164
-3.3827
-3.38375
-3.38647
-3.38572
-3.38587
-3.38603
-3.38436
-3.3827
-3.38571
-3.38738
-3.38481
-3.38511
-3.38361
-3.38421
-3.3833
-3.38406
-3.3833
-3.3827
-3.38466
-3.38436
-3.38723
-3.38693
-3.38481
-3.38254
-3.38345
-3.38315
-3.38255
-3.3839
-3.38527
-3.38194
-3.38118
-3.38662
-3.38783
-3.38617
-3.38632
-3.38692
-3.38693
-3.38723
-3.38768
-3.38678
-3.38405
-3.38315
-3.38481
-3.38647
