1.09914
1.09618
1.09103
1.08348
1.07324
1.05997
1.04319
1.0224
0.997043
0.966642
0.930892
0.889808
0.843864
0.794144
0.742394
0.690966
0.64253
0.599708
0.56458
0.538377
0.521366
0.512941
0.511868
0.516545
0.52525
0.536335
0.548338
0.560072
0.570672
0.579604
0.586644
0.591858
0.595501
0.597944
0.599546
0.600582
0.601153
0.601209
0.600533
0.598805
0.595698
0.590965
0.584536
0.576543
0.567354
0.557528
0.547725
0.538599
0.530745
0.524621
0.520552
0.51871
0.519085
0.521506
0.525646
0.531057
0.537216
0.543561
0.549545
0.554674
0.558569
0.561025
0.562043
0.561801
0.560607
0.558863
0.556967
0.555281
0.554101
0.553686
0.554257
0.555957
0.558802
0.562618
0.567063
0.571718
0.57615
0.580055
0.583276
0.585809
0.587787
0.589422
0.590938
0.592527
0.594299
0.59628
0.598399
0.600516
0.602455
0.604011
0.605004
0.605281
0.604758
0.603444
0.601457
0.599031
0.596471
0.594092
0.59216
0.590831
1.09694
1.08987
1.07878
1.06362
1.0446
1.02243
0.998301
0.973671
0.949716
0.926851
0.90472
0.882726
0.860662
0.839001
0.818859
0.801716
0.789017
0.781666
0.779587
0.781547
0.785448
0.789126
0.791086
0.790925
0.78922
0.787252
0.786532
0.788418
0.793738
0.802644
0.814655
0.8288
0.843731
0.857857
0.8696
0.877712
0.881616
0.881628
0.878878
0.874878
0.870873
0.86752
0.864942
0.863117
0.862196
0.862553
0.864702
0.869115
0.876005
0.885186
0.896046
0.907647
0.918924
0.928893
0.936769
0.942063
0.944641
0.94464
0.942403
0.93834
0.932785
0.925922
0.917819
0.908484
0.898066
0.886973
0.875916
0.865823
0.857542
0.851547
0.847707
0.845413
0.843912
0.842628
0.841245
0.839635
0.837705
0.835382
0.832849
0.830766
0.830315
0.832852
0.839338
0.849823
0.86334
0.878278
0.892907
0.905861
0.916352
0.924147
0.929327
0.932119
0.93266
0.930948
0.926955
0.920742
0.9125
0.90246
0.890819
0.877725
1.08371
1.06238
1.03906
1.01546
0.993142
0.973491
0.957888
0.947539
0.942979
0.943664
0.948176
0.95492
0.962773
0.971286
0.980504
0.990571
1.00144
1.01273
1.02386
1.03405
1.04234
1.04754
1.04835
1.04354
1.03231
1.01469
0.99194
0.96662
0.942248
0.922421
0.909714
0.905177
0.908466
0.918335
0.933048
0.950587
0.969051
0.986896
1.00301
1.01665
1.02733
1.03479
1.03905
1.04043
1.03954
1.03711
1.03395
1.03082
1.02834
1.02685
1.02637
1.02666
1.02743
1.02849
1.02983
1.03152
1.03352
1.03551
1.03689
1.0369
1.03483
1.03022
1.02314
1.0142
1.00479
0.997064
0.993546
0.996177
1.00526
1.01911
1.03469
1.04876
1.05879
1.0635
1.0629
1.05794
1.04993
1.04002
1.02906
1.01796
1.008
1.00094
0.99833
1.00057
1.00642
1.01343
1.01899
1.02144
1.02072
1.01844
1.01702
1.01826
1.02199
1.02624
1.02879
1.02859
1.026
1.02208
1.01782
1.01402
1.09672
1.09471
1.09557
1.09991
1.10733
1.11649
1.12569
1.13358
1.13947
1.14339
1.14582
1.14707
1.14705
1.14519
1.14058
1.13244
1.12028
1.10402
1.08404
1.06131
1.03763
1.01587
0.999531
0.991679
0.993642
1.00453
1.02168
1.0417
1.06143
1.07851
1.09152
1.09986
1.10345
1.10261
1.09803
1.09076
1.08201
1.0726
1.06268
1.05205
1.04089
1.03029
1.02207
1.01804
1.01928
1.02576
1.03626
1.04869
1.0609
1.07139
1.0796
1.08572
1.0903
1.09387
1.09662
1.09831
1.09839
1.0963
1.09174
1.08498
1.07681
1.06829
1.06064
1.0551
1.05269
1.05355
1.05665
1.06017
1.06238
1.06227
1.0598
1.05569
1.05116
1.04751
1.04592
1.04706
1.0511
1.05763
1.06588
1.07494
1.08396
1.09221
1.0991
1.10423
1.10734
1.10819
1.10655
1.10249
1.09679
1.09118
1.0876
1.08661
1.08653
1.08456
1.07869
1.0688
1.05635
1.04366
1.03295
1.02571
1.09607
1.09393
1.0926
1.09004
1.08442
1.07499
1.06242
1.04843
1.03489
1.02325
1.01433
1.00883
1.00781
1.0125
1.02366
1.04047
1.0604
1.08002
1.09625
1.10729
1.11282
1.11362
1.11121
1.10737
1.10354
1.1004
1.09772
1.09483
1.09138
1.08797
1.08573
1.08529
1.086
1.08612
1.0838
1.07806
1.06904
1.0578
1.0458
1.03424
1.02376
1.01443
1.00624
0.99961
0.995417
0.994638
0.997671
1.00397
1.01242
1.02243
1.03474
1.05074
1.07038
1.0912
1.10953
1.12258
1.1295
1.13116
1.12951
1.12703
1.12609
1.12844
1.1346
1.14363
1.15323
1.16052
1.16303
1.15971
1.15147
1.14096
1.13143
1.12525
1.12298
1.12367
1.1257
1.12761
1.1285
1.12809
1.1267
1.12494
1.12345
1.12262
1.12254
1.12317
1.12471
1.12754
1.132
1.13818
1.14581
1.15447
1.16366
1.17274
1.18102
1.18779
1.19249
1.19475
1.19434
1.19117
1.18541
1.17757
1.16058
1.0985
1.03349
0.987212
1.05952
1.11482
1.15717
1.10059
1.0505
1.10068
1.10932
0.972258
1.03823
1.06001
1.14224
1.1093
1.04963
0.987639
1.08469
1.01338
1.00568
1.136
1.1585
1.13582
1.06769
1.09549
1.0229
0.993007
1.03978
1.01716
1.16184
1.034
1.03041
1.0311
1.01672
0.9914
1.01769
1.0543
1.05103
1.05803
0.978295
1.02788
1.07533
1.0504
1.14226
1.15421
1.00015
1.05511
1.02245
1.06011
1.03843
1.05304
1.05142
1.0259
1.12714
1.0494
1.06881
1.04795
1.02024
1.07144
1.16301
1.10043
1.07165
1.06782
1.03093
1.08109
1.08216
1.0035
1.07135
1.09452
1.05703
1.11014
0.991926
1.11415
1.08606
1.11124
1.04576
1.07662
1.06398
0.990877
1.11311
1.15223
1.1386
1.10575
1.01191
1.12219
0.998195
1.03539
1.0311
1.10921
1.09737
1.02637
1.10375
1.05679
1.10502
1.10261
1.01792
1.09101
1.00685
0.901412
1.24519
1.11189
1.13203
1.13945
1.11451
1.09687
1.22655
1.19103
1.12027
1.10141
1.15816
1.23441
1.16579
1.17564
1.18135
1.23699
1.1481
1.1505
1.13588
1.13401
1.11185
1.25733
1.08747
1.18878
1.17482
1.16766
1.15123
1.14186
1.16327
1.01829
1.13911
1.16458
1.17057
1.11399
1.05962
1.14701
1.18294
1.27324
1.15877
1.14962
1.27727
1.29182
1.19682
1.23112
1.19832
1.2222
1.20986
1.1742
1.25046
1.13903
1.21242
1.14337
1.15077
1.16829
1.25654
1.18784
1.21078
1.22088
1.30717
1.20216
1.0786
1.22131
1.06893
1.18898
1.18997
1.17296
1.10865
1.17166
1.17729
1.26849
1.20801
1.12514
1.20867
1.14013
1.07711
1.27565
1.15095
1.15208
1.18992
1.23965
1.21392
1.23874
1.21132
1.09666
1.19636
1.2269
1.22666
1.16155
1.22517
1.19749
1.13767
1.15089
1.28334
1.20055
1.15774
1.13624
1.23955
1.13457
1.23097
1.14925
1.19487
1.17647
1.19519
1.19757
1.17238
1.18427
1.091
1.15627
1.15531
1.17192
1.16626
1.24626
1.11523
1.1466
1.16172
1.0941
1.14768
1.158
1.11819
1.14286
1.18114
1.22425
1.12783
1.13395
1.24297
1.08772
1.23748
1.11748
1.1679
1.12108
1.17332
1.11649
1.2213
1.07836
1.12345
1.18716
1.1459
1.22674
1.17934
1.19777
1.12156
1.13592
1.17143
1.17795
1.12834
1.22519
1.17084
1.14203
1.10788
1.09606
1.13751
1.1034
1.11447
1.10514
1.00931
1.09778
1.15323
1.17838
1.2269
1.16633
1.19211
1.12978
1.18873
1.15309
1.13943
1.18862
1.06618
1.07988
1.17604
1.2338
1.17173
1.11366
1.23792
1.19904
1.07241
1.2054
1.12449
1.12555
1.1653
1.19933
1.14392
1.26752
1.19053
1.08777
1.21043
1.14324
1.1255
1.19471
1.07551
1.22599
1.25607
1.09908
1.12191
1.10876
1.17387
1.09762
1.05653
1.14583
1.21956
1.18672
1.06408
1.0733
1.09623
1.0965
1.08285
1.14014
1.12965
1.08228
1.03848
1.05327
1.13973
1.1566
1.09126
1.03905
1.11185
1.04122
1.08827
1.10177
1.2019
1.12643
1.07735
1.12693
1.09347
1.20136
1.10832
1.06619
1.10655
1.16003
1.02046
1.07126
1.16946
1.13892
1.13884
1.05937
1.14673
1.16118
1.07494
1.15124
1.03343
1.06574
1.13682
1.12679
1.07485
1.02284
1.14734
1.1666
1.03179
1.07983
1.11621
1.13528
1.16695
0.960588
1.11918
1.00675
1.04038
1.15454
1.11198
1.1537
1.06287
1.05875
1.11716
1.0619
1.01721
1.05865
1.05567
1.14344
1.09423
1.04512
1.12237
1.14184
1.09987
1.13088
1.04304
1.09257
1.1589
1.10194
1.02094
1.12562
1.18467
1.10564
1.15292
1.09108
1.07251
1.0445
1.06739
1.12981
1.04877
1.11952
1.18487
1.12989
1.1014
0.985324
1.08085
1.08251
1.03771
1.15312
1.11478
1.16558
1.0547
1.12909
