1.64872
1.64428
1.63654
1.62521
1.60987
1.58995
1.56478
1.5336
1.49556
1.44996
1.39634
1.33471
1.2658
1.19122
1.11359
1.03645
0.963795
0.899562
0.84687
0.807565
0.78205
0.769412
0.767802
0.774817
0.787875
0.804503
0.822508
0.840109
0.856008
0.869406
0.879966
0.887787
0.893251
0.896916
0.899319
0.900872
0.901729
0.901814
0.9008
0.898208
0.893547
0.886447
0.876805
0.864815
0.851031
0.836292
0.821587
0.807899
0.796118
0.786931
0.780828
0.778066
0.778627
0.782259
0.788469
0.796586
0.805825
0.815342
0.824318
0.83201
0.837854
0.841537
0.843065
0.842701
0.84091
0.838294
0.835451
0.832922
0.831151
0.830529
0.831386
0.833936
0.838204
0.843927
0.850595
0.857577
0.864226
0.870082
0.874914
0.878713
0.88168
0.884133
0.886407
0.88879
0.891449
0.89442
0.897598
0.900774
0.903682
0.906017
0.907506
0.907921
0.907136
0.905166
0.902186
0.898547
0.894707
0.891138
0.88824
0.886247
1.64541
1.63481
1.61818
1.59542
1.5669
1.53365
1.49745
1.46051
1.42457
1.39028
1.35708
1.32409
1.29099
1.2585
1.22829
1.20257
1.18353
1.1725
1.16938
1.17232
1.17817
1.18369
1.18663
1.18639
1.18383
1.18088
1.1798
1.18263
1.19061
1.20397
1.22198
1.2432
1.2656
1.28679
1.3044
1.31657
1.32242
1.32244
1.31832
1.31232
1.30631
1.30128
1.29741
1.29468
1.29329
1.29383
1.29705
1.30367
1.31401
1.32778
1.34407
1.36147
1.37839
1.39334
1.40515
1.41309
1.41696
1.41696
1.4136
1.40751
1.39918
1.38888
1.37673
1.36273
1.3471
1.33046
1.31387
1.29873
1.28631
1.27732
1.27156
1.26812
1.26587
1.26394
1.26187
1.25945
1.25656
1.25307
1.24927
1.24615
1.24547
1.24928
1.25901
1.27473
1.29501
1.31742
1.33936
1.35879
1.37453
1.38622
1.39399
1.39818
1.39899
1.39642
1.39043
1.38111
1.36875
1.35369
1.33623
1.31659
1.62557
1.59358
1.55859
1.52319
1.48971
1.46024
1.43683
1.42131
1.41447
1.4155
1.42226
1.43238
1.44416
1.45693
1.47076
1.48586
1.50215
1.5191
1.53579
1.55108
1.56351
1.57131
1.57252
1.56531
1.54846
1.52203
1.48791
1.44993
1.41337
1.38363
1.36457
1.35777
1.3627
1.3775
1.39957
1.42588
1.45358
1.48034
1.50452
1.52498
1.54099
1.55218
1.55857
1.56064
1.5593
1.55567
1.55092
1.54623
1.54251
1.54027
1.53956
1.53999
1.54114
1.54273
1.54474
1.54728
1.55028
1.55327
1.55533
1.55536
1.55224
1.54533
1.53471
1.5213
1.50719
1.4956
1.49032
1.49427
1.50789
1.52866
1.55204
1.57314
1.58818
1.59526
1.59436
1.58691
1.57489
1.56003
1.5436
1.52693
1.512
1.50142
1.4975
1.50085
1.50964
1.52015
1.52849
1.53216
1.53108
1.52766
1.52553
1.5274
1.53298
1.53935
1.54318
1.54289
1.53901
1.53312
1.52672
1.52104
1.64508
1.64206
1.64335
1.64987
1.661
1.67473
1.68853
1.70036
1.7092
1.71509
1.71873
1.7206
1.72058
1.71778
1.71087
1.69866
1.68042
1.65604
1.62606
1.59196
1.55645
1.5238
1.4993
1.48752
1.49046
1.50679
1.53252
1.56255
1.59215
1.61777
1.63729
1.64979
1.65518
1.65391
1.64704
1.63614
1.62302
1.6089
1.59402
1.57808
1.56134
1.54544
1.53311
1.52706
1.52892
1.53864
1.55439
1.57304
1.59134
1.60708
1.6194
1.62858
1.63545
1.64081
1.64492
1.64746
1.64759
1.64445
1.63761
1.62747
1.61521
1.60243
1.59096
1.58265
1.57904
1.58033
1.58498
1.59026
1.59356
1.5934
1.5897
1.58354
1.57673
1.57127
1.56888
1.57059
1.57665
1.58645
1.59882
1.61241
1.62594
1.63831
1.64865
1.65634
1.66101
1.66229
1.65983
1.65373
1.64519
1.63677
1.63141
1.62992
1.6298
1.62684
1.61804
1.6032
1.58453
1.56549
1.54942
1.53856
1.64411
1.64089
1.6389
1.63506
1.62663
1.61248
1.59363
1.57265
1.55234
1.53487
1.52149
1.51325
1.51171
1.51875
1.53549
1.5607
1.5906
1.62003
1.64437
1.66094
1.66923
1.67043
1.66682
1.66105
1.65531
1.6506
1.64659
1.64224
1.63707
1.63195
1.62859
1.62793
1.629
1.62917
1.62571
1.61709
1.60355
1.5867
1.5687
1.55136
1.53564
1.52164
1.50936
1.49941
1.49313
1.49196
1.49651
1.50596
1.51863
1.53364
1.55212
1.57611
1.60557
1.63679
1.66429
1.68388
1.69425
1.69674
1.69427
1.69054
1.68914
1.69265
1.7019
1.71544
1.72985
1.74078
1.74455
1.73957
1.7272
1.71143
1.69715
1.68787
1.68447
1.6855
1.68854
1.69142
1.69275
1.69214
1.69006
1.68741
1.68518
1.68392
1.68381
1.68476
1.68707
1.6913
1.698
1.70727
1.71871
1.73171
1.74549
1.75911
1.77153
1.78169
1.78874
1.79212
1.7915
1.78676
1.77812
1.76636
1.74087
1.64775
1.55024
1.48082
1.58928
1.67222
1.73576
1.65088
1.57575
1.65101
1.66399
1.45839
1.55734
1.59002
1.71336
1.66394
1.57445
1.48146
1.62704
1.52007
1.50852
1.704
1.73775
1.70373
1.60154
1.64324
1.53435
1.48951
1.55968
1.52574
1.74276
1.551
1.54562
1.54665
1.52508
1.4871
1.52654
1.58145
1.57654
1.58704
1.46744
1.54183
1.61299
1.5756
1.71339
1.73131
1.50023
1.58267
1.53367
1.59017
1.55765
1.57956
1.57714
1.53885
1.69071
1.5741
1.60321
1.57193
1.53037
1.60715
1.74452
1.65064
1.60747
1.60172
1.54639
1.62164
1.62324
1.50525
1.60703
1.64177
1.58555
1.6652
1.48789
1.67123
1.62908
1.66685
1.56864
1.61493
1.59598
1.48631
1.66966
1.72835
1.7079
1.65863
1.51787
1.68329
1.49729
1.55308
1.54666
1.66382
1.64606
1.53955
1.65563
1.58519
1.65753
1.65392
1.52688
1.63652
1.51028
1.35212
1.86779
1.66784
1.69805
1.70917
1.67176
1.6453
1.83983
1.78655
1.68041
1.65212
1.73724
1.85162
1.74868
1.76346
1.77202
1.85548
1.72216
1.72575
1.70383
1.70101
1.66777
1.886
1.6312
1.78317
1.76222
1.75148
1.72684
1.71279
1.74491
1.52743
1.70867
1.74688
1.75586
1.67098
1.58943
1.72052
1.77441
1.90986
1.73815
1.72443
1.9159
1.93772
1.79523
1.84668
1.79748
1.83329
1.81479
1.76129
1.87569
1.70854
1.81863
1.71505
1.72615
1.75243
1.88481
1.78176
1.81617
1.83131
1.96076
1.80325
1.6179
1.83196
1.60339
1.78347
1.78495
1.75945
1.66297
1.75749
1.76594
1.90274
1.81201
1.68772
1.81301
1.7102
1.61567
1.91347
1.72643
1.72811
1.78488
1.85948
1.82089
1.85811
1.81698
1.64499
1.79454
1.84035
1.83998
1.74233
1.83776
1.79624
1.70651
1.72634
1.92501
1.80083
1.73661
1.70436
1.85932
1.70185
1.84645
1.72387
1.79231
1.7647
1.79279
1.79636
1.75857
1.7764
1.6365
1.7344
1.73297
1.75788
1.7494
1.86938
1.67284
1.7199
1.74259
1.64115
1.72153
1.73699
1.67728
1.7143
1.77171
1.83637
1.69175
1.70093
1.86445
1.63158
1.85621
1.67622
1.75186
1.68162
1.75999
1.67474
1.83195
1.61754
1.68517
1.78073
1.71885
1.84011
1.76901
1.79665
1.68234
1.70389
1.75714
1.76692
1.6925
1.83779
1.75627
1.71305
1.66182
1.64409
1.70626
1.65511
1.6717
1.6577
1.51397
1.64667
1.72984
1.76757
1.84035
1.74949
1.78817
1.69467
1.7831
1.72963
1.70915
1.78293
1.59927
1.61982
1.76406
1.85069
1.7576
1.67048
1.85688
1.79856
1.60861
1.80809
1.68674
1.68832
1.74795
1.799
1.71588
1.90128
1.78579
1.63165
1.81565
1.71486
1.68826
1.79207
1.61327
1.83899
1.88411
1.64861
1.68287
1.66314
1.7608
1.64642
1.58479
1.71875
1.82934
1.78009
1.59612
1.60995
1.64434
1.64475
1.62428
1.71021
1.69448
1.62342
1.55772
1.57991
1.7096
1.7349
1.6369
1.55858
1.66777
1.56184
1.6324
1.65265
1.80285
1.68965
1.61603
1.6904
1.64021
1.80204
1.66248
1.59928
1.65982
1.74005
1.53069
1.60688
1.75419
1.70838
1.70826
1.58905
1.7201
1.74176
1.61241
1.72687
1.55015
1.59861
1.70524
1.69019
1.61227
1.53426
1.72101
1.7499
1.54769
1.61975
1.67432
1.70291
1.75042
1.44088
1.67877
1.51012
1.56058
1.73181
1.66796
1.73056
1.5943
1.58812
1.67573
1.59285
1.52582
1.58798
1.58351
1.71515
1.64135
1.56768
1.68356
1.71276
1.6498
1.69632
1.56457
1.63886
1.73834
1.65291
1.53142
1.68842
1.77701
1.65846
1.72938
1.63661
1.60876
1.56676
1.60109
1.69472
1.57315
1.67927
1.77731
1.69484
1.65209
1.47799
1.62127
1.62376
1.55657
1.72969
1.67218
1.74837
1.58205
1.69363
