-6.36346
-6.35902
-6.35129
-6.33996
-6.32371
-6.30168
-6.27409
-6.23853
-6.19793
-6.14991
-6.09477
-6.03058
-5.96181
-5.88663
-5.809
-5.7308
-5.65859
-5.59496
-5.54257
-5.50387
-5.47821
-5.46648
-5.46623
-5.47219
-5.48615
-5.50339
-5.52109
-5.53929
-5.55489
-5.56874
-5.5796
-5.58818
-5.5947
-5.59897
-5.60122
-5.60293
-5.60348
-5.60221
-5.60074
-5.5989
-5.59364
-5.58729
-5.57675
-5.56476
-5.55112
-5.53638
-5.52183
-5.50784
-5.495
-5.48581
-5.48062
-5.47785
-5.47842
-5.4825
-5.48917
-5.49789
-5.50758
-5.51725
-5.52638
-5.53422
-5.53931
-5.54284
-5.54497
-5.54491
-5.54282
-5.5402
-5.5369
-5.53392
-5.5317
-5.53047
-5.53102
-5.53312
-5.53784
-5.54402
-5.55084
-5.55827
-5.56553
-5.57078
-5.57637
-5.57956
-5.58283
-5.58513
-5.58756
-5.58919
-5.592
-5.59391
-5.59648
-5.59996
-5.60272
-5.6049
-5.60549
-5.6059
-5.60466
-5.60194
-5.59926
-5.59774
-5.59405
-5.59048
-5.58773
-5.58544
-5.58073
-5.57104
-5.55396
-5.53045
-5.50283
-5.46867
-5.43202
-5.39492
-5.35838
-5.32394
-5.28953
-5.25624
-5.22345
-5.19141
-5.16074
-5.13457
-5.11582
-5.10525
-5.10274
-5.10613
-5.11123
-5.11675
-5.11969
-5.11884
-5.11674
-5.11393
-5.11391
-5.11674
-5.12487
-5.13778
-5.15655
-5.17822
-5.20032
-5.22166
-5.23988
-5.25205
-5.25775
-5.25807
-5.25455
-5.24839
-5.24299
-5.23826
-5.2344
-5.23181
-5.22997
-5.23111
-5.23388
-5.24035
-5.25099
-5.26521
-5.2806
-5.29815
-5.31567
-5.32987
-5.34184
-5.35038
-5.35395
-5.3547
-5.3518
-5.346
-5.33797
-5.32677
-5.31477
-5.30061
-5.28438
-5.26668
-5.24889
-5.23405
-5.22269
-5.21355
-5.20779
-5.2045
-5.2021
-5.20168
-5.19931
-5.19689
-5.19294
-5.18945
-5.18626
-5.18253
-5.1817
-5.1849
-5.19508
-5.21141
-5.2323
-5.2541
-5.27589
-5.29532
-5.31121
-5.3226
-5.33007
-5.33501
-5.33567
-5.3328
-5.32681
-5.31674
-5.30513
-5.28977
-5.27261
-5.25327
-5.22465
-5.19281
-5.15812
-5.12272
-5.08939
-5.06052
-5.03651
-5.02023
-5.01264
-5.01306
-5.01983
-5.0304
-5.04218
-5.0548
-5.06862
-5.08403
-5.09912
-5.11485
-5.1314
-5.14683
-5.15972
-5.16782
-5.16964
-5.16319
-5.14739
-5.12097
-5.08684
-5.04825
-5.01154
-4.9818
-4.96183
-4.95638
-4.96162
-4.97688
-4.99849
-5.0248
-5.0528
-5.07882
-5.1033
-5.12421
-5.14022
-5.15141
-5.1575
-5.15912
-5.15823
-5.15399
-5.1509
-5.14591
-5.14204
-5.13965
-5.14014
-5.14043
-5.14173
-5.14286
-5.14563
-5.14862
-5.15238
-5.15491
-5.15758
-5.157
-5.15434
-5.14744
-5.13802
-5.1237
-5.10898
-5.09769
-5.09135
-5.09485
-5.10863
-5.12909
-5.15323
-5.17478
-5.18968
-5.19675
-5.1951
-5.1869
-5.17412
-5.1585
-5.14237
-5.12646
-5.11107
-5.10094
-5.09717
-5.10038
-5.10932
-5.11847
-5.12681
-5.12973
-5.12835
-5.12507
-5.1231
-5.12496
-5.13085
-5.13617
-5.14045
-5.14061
-5.13688
-5.1316
-5.1258
-5.11996
-5.11465
-5.11042
-5.11186
-5.11853
-5.12891
-5.14264
-5.15614
-5.16843
-5.17726
-5.18315
-5.18664
-5.18821
-5.18834
-5.18629
-5.17894
-5.16702
-5.14879
-5.12335
-5.09231
-5.05866
-5.02284
-4.98974
-4.96539
-4.95285
-4.95655
-4.97318
-4.99846
-5.02759
-5.05825
-5.08448
-5.10384
-5.11634
-5.12203
-5.12122
-5.1139
-5.10225
-5.08957
-5.07606
-5.06073
-5.04599
-5.02925
-5.01305
-5.00132
-4.99527
-4.99773
-5.00715
-5.02154
-5.04065
-5.05911
-5.07484
-5.08685
-5.09604
-5.10381
-5.10872
-5.11314
-5.11552
-5.11535
-5.11311
-5.10612
-5.09553
-5.08266
-5.06959
-5.05705
-5.0495
-5.04649
-5.04732
-5.05092
-5.0556
-5.05936
-5.05889
-5.05519
-5.04979
-5.04449
-5.03918
-5.03633
-5.03955
-5.04516
-5.05451
-5.06703
-5.08107
-5.0937
-5.10713
-5.11671
-5.12455
-5.12953
-5.13065
-5.1294
-5.1224
-5.11385
-5.10498
-5.09901
-5.09813
-5.09771
-5.09535
-5.0858
-5.07126
-5.05214
-5.03279
-5.01687
-5.00677
-4.99877
-4.99541
-4.99447
-4.98989
-4.9816
-4.9673
-4.94724
-4.92581
-4.9055
-4.88682
-4.87389
-4.86671
-4.86562
-4.87266
-4.89031
-4.91477
-4.94451
-4.9756
-5.00055
-5.01622
-5.02511
-5.02676
-5.0224
-5.01753
-5.01149
-5.00557
-5.00141
-4.99631
-4.98962
-4.98601
-4.98341
-4.98169
-4.98292
-4.98294
-4.97992
-4.97086
-4.95611
-4.9391
-4.9211
-4.90437
-4.8885
-4.8745
-4.86312
-4.85439
-4.84855
-4.84768
-4.85133
-4.86078
-4.87315
-4.88861
-4.90724
-4.93138
-4.9613
-4.99298
-5.02003
-5.03976
-5.04847
-5.0508
-5.04864
-5.04551
-5.04441
-5.04702
-5.05672
-5.07056
-5.08528
-5.09637
-5.09862
-5.09379
-5.08096
-5.06595
-5.05091
-5.04117
-5.03883
-5.04017
-5.04321
-5.04609
-5.04666
-5.04666
-5.04503
-5.04253
-5.0403
-5.03829
-5.03757
-5.03852
-5.04113
-5.04506
-5.0507
-5.06027
-5.07156
-5.08366
-5.09774
-5.11212
-5.12454
-5.13576
-5.14341
-5.14619
-5.14587
-5.14022
-5.13113
-5.11952
-5.20644
-5.11438
-5.01852
-4.94925
-5.05877
-5.14096
-5.20405
-5.11993
-5.04585
-5.12006
-5.13273
-4.92893
-5.02759
-5.06027
-5.1824
-5.13344
-5.04425
-4.95065
-5.097
-4.98806
-4.97439
-5.17319
-5.20499
-5.16778
-5.06862
-5.11259
-5.00157
-4.95553
-5.02343
-4.99161
-5.21
-5.01535
-5.00801
-5.00754
-4.98747
-4.95297
-4.99271
-5.04793
-5.04242
-5.05624
-4.93996
-5.01133
-5.08052
-5.04358
-5.18258
-5.20005
-4.96715
-5.05006
-5.00166
-5.0577
-5.02412
-5.04664
-5.04407
-5.00547
-5.15885
-5.04102
-5.0718
-5.04203
-5.00001
-5.0768
-5.21431
-5.11817
-5.07349
-5.06593
-5.01225
-5.08629
-5.08805
-4.97021
-5.07366
-5.10839
-5.0505
-5.13333
-4.95631
-5.14027
-5.09705
-5.13498
-5.03766
-5.08335
-5.0647
-4.95458
-5.13446
-5.19344
-5.17572
-5.12524
-4.98735
-5.15277
-4.96586
-5.02181
-5.01659
-5.13601
-5.1184
-5.01129
-5.12662
-5.05466
-5.12837
-5.12295
-4.99484
-5.10358
-4.97765
-4.81841
-5.04119
-4.83957
-4.86918
-4.87925
-4.84667
-4.81869
-5.01579
-4.96191
-4.85591
-4.82445
-4.90913
-5.02743
-4.9248
-4.93746
-4.94889
-5.03084
-4.89842
-4.90186
-4.87964
-4.8732
-4.84494
-5.06303
-4.80912
-4.96215
-4.93879
-4.92487
-4.89675
-4.88557
-4.91936
-4.70142
-4.88146
-4.9171
-4.92699
-4.84302
-4.76297
-4.89301
-4.94871
-5.08326
-4.91412
-4.89964
-5.09111
-5.10946
-4.96651
-5.02069
-4.97163
-5.00836
-4.98955
-4.93575
-5.05091
-4.88316
-4.99339
-4.8874
-4.89987
-4.92734
-5.05913
-4.95819
-4.99275
-5.00925
-5.13568
-4.97665
-4.79311
-5.00808
-4.77905
-4.95762
-4.96197
-4.93662
-4.83954
-4.93135
-4.94357
-5.08067
-4.98707
-4.86233
-4.98852
-4.88239
-4.78801
-5.08416
-4.89727
-4.8985
-4.95647
-5.03183
-4.99248
-5.0294
-4.98918
-4.82036
-4.97006
-5.01481
-5.01173
-4.91845
-5.01222
-4.96994
-4.88157
-4.89869
-5.09933
-4.97634
-4.91288
-4.88487
-5.04088
-4.88175
-5.02258
-4.89803
-5.04543
-5.01647
-5.04546
-5.051
-5.0129
-5.02832
-4.89189
-4.98919
-4.9876
-5.00737
-4.99859
-5.11782
-4.92414
-4.97197
-4.99178
-4.8905
-4.96801
-4.98453
-4.92919
-4.96561
-5.02468
-5.09101
-4.95031
-4.95844
-5.11803
-4.88545
-5.10964
-4.92964
-5.00257
-4.93429
-5.01024
-4.92499
-5.08295
-4.86915
-4.93799
-5.03068
-4.96606
-5.0896
-5.02047
-5.05097
-4.93772
-4.95852
-5.01146
-5.02215
-4.94621
-5.0906
-5.00893
-4.96722
-4.91373
-4.89766
-4.95711
-4.90641
-4.92073
-4.90931
-4.76573
-4.89888
-4.98401
-5.01978
-5.0921
-5.00125
-5.04234
-4.94749
-5.03713
-4.98758
-4.96392
-5.03877
-4.85179
-4.874
-5.01688
-5.10442
-5.01224
-4.92526
-5.11076
-5.05107
-4.86053
-5.06046
-4.9391
-4.94008
-5.00244
-5.05318
-4.97232
-5.15969
-5.04027
-4.88598
-5.06817
-4.96784
-4.94334
-5.0449
-4.86609
-5.09136
-5.13633
-4.90143
-4.9366
-4.91278
-5.01135
-4.89637
-4.83609
-4.97005
-5.08352
-5.03697
-4.98033
-4.99598
-5.03369
-5.03274
-5.01031
-5.09699
-5.08337
-5.0093
-4.943
-4.96639
-5.10016
-5.12501
-5.02489
-4.94687
-5.05396
-4.94545
-5.01572
-5.03898
-5.18964
-5.07462
-5.00191
-5.07598
-5.02593
-5.18823
-5.0467
-4.98425
-5.04494
-5.12653
-4.91702
-4.99322
-5.14294
-5.09486
-5.09656
-4.97749
-5.10356
-5.12387
-4.99723
-5.11199
-4.93285
-4.9789
-5.08568
-5.07199
-4.99619
-4.91848
-5.10493
-5.13563
-4.93538
-5.0085
-5.05854
-5.08848
-5.13554
-4.82524
-5.06314
-4.89282
-4.94403
-5.11345
-5.05066
-5.11431
-4.98077
-4.97384
-5.06161
-4.97888
-4.91018
-4.97068
-4.96922
-5.10253
-5.02616
-4.95279
-5.06716
-5.09697
-5.0331
-5.08038
-4.94786
-5.02156
-5.123
-5.03727
-4.91864
-5.07535
-5.16182
-5.041
-5.11283
-5.01976
-4.99131
-4.95066
-4.98636
-5.07666
-4.95433
-5.06589
-5.16514
-5.08101
-5.03842
-4.8649
-5.0082
-5.01099
-4.94426
-5.11647
-5.05623
-5.13152
-4.96686
-5.08011
