           1     1.64839     1.64839           0
           2     1.62162     1.63501    0.013051
           3     1.62947     1.63316   0.0180039
           4     1.66421     1.64092   0.0128041
           5     1.64573     1.64188    0.011419
           6     1.64994     1.64323   0.0112612
           7     1.73221     1.65594   0.0101909
           8     1.63229     1.65298  0.00937703
           9     1.68623     1.65668  0.00848281
          10      1.6359      1.6546   0.0078283
          11     1.65796     1.65491  0.00712152
          12      1.6269     1.65257  0.00669479
          13     1.67951     1.65464  0.00696789
          14     1.65841     1.65491  0.00645225
          15     1.66086     1.65531  0.00601643
          16     1.64508     1.65467  0.00592057
          17     1.56554     1.64943  0.00556647
          18     1.63973     1.64889  0.00548889
          19     1.61535     1.64712  0.00524368
          20     1.63103     1.64632  0.00499417
          21     1.61491     1.64482  0.00480323
          22     1.63725     1.64448  0.00573276
          23     1.63622     1.64412   0.0055446
          24     1.67259     1.64531  0.00533551
          25     1.68335     1.64683  0.00511764
          26     1.64304     1.64668  0.00587599
          27     1.65209     1.64688  0.00582089
          28     1.63131     1.64633  0.00574875
          29     1.63378     1.64589   0.0059761
          30     1.66195     1.64643   0.0057932
          31     1.60853     1.64521  0.00571925
          32     1.63204     1.64479  0.00573695
          33     1.63245     1.64442  0.00556104
          34     1.64882     1.64455  0.00539766
          35     1.68001     1.64556  0.00524775
          36     1.67249     1.64631  0.00511203
          37     1.67359     1.64705  0.00528831
          38     1.65465     1.64725  0.00514747
          39     1.69594      1.6485   0.0050598
          40     1.60821     1.64749  0.00499643
          41     1.64594     1.64745  0.00487342
          42     1.65591     1.64765  0.00475597
          43     1.59518     1.64643  0.00492565
          44     1.58676     1.64508  0.00487885
          45     1.57781     1.64358  0.00490748
          46     1.65641     1.64386  0.00480073
          47     1.67639     1.64455  0.00471435
          48     1.65989     1.64487  0.00463089
          49     1.58215     1.64359  0.00454358
          50     1.67963     1.64431  0.00453496
          51     1.63672     1.64416  0.00444974
          52     1.61058     1.64352  0.00436991
          53     1.66517     1.64393  0.00436402
          54     1.65193     1.64408   0.0042874
          55     1.64416     1.64408   0.0042093
          56     1.62844      1.6438  0.00422084
          57     1.63964     1.64372  0.00414646
          58     1.69163     1.64455  0.00409639
          59     1.62205     1.64417   0.0040388
          60     1.68154     1.64479  0.00397669
          61     1.63371     1.64461  0.00391577
          62     1.63121     1.64439  0.00389099
          63     1.62152     1.64403  0.00391125
          64     1.59299     1.64323  0.00385021
          65     1.59327     1.64246  0.00379387
          66     1.61464     1.64204  0.00374234
          67     1.63773     1.64198  0.00379866
          68     1.67995     1.64254    0.003746
          69     1.67138     1.64296   0.0036917
          70     1.66189     1.64323  0.00363864
          71     1.65608     1.64341  0.00358794
          72     1.61251     1.64298  0.00355272
          73      1.6688     1.64333  0.00350824
          74     1.71355     1.64428  0.00351171
          75     1.66503     1.64456  0.00346797
          76     1.67423     1.64495  0.00342211
          77     1.62518     1.64469  0.00338385
          78     1.66343     1.64493  0.00334592
          79     1.66338     1.64516  0.00334196
          80     1.60967     1.64472  0.00334555
          81     1.63801     1.64464  0.00332072
          82     1.63472     1.64452  0.00328105
          83     1.64245     1.64449  0.00328665
          84     1.63121     1.64433   0.0032477
          85     1.62367     1.64409  0.00321971
          86     1.66083     1.64429  0.00319631
          87     1.59242     1.64369  0.00317536
          88     1.62138     1.64344  0.00318984
          89     1.67918     1.64384  0.00316134
          90     1.61525     1.64352   0.0031373
          91     1.55465     1.64254  0.00313376
          92     1.65557     1.64268   0.0031132
          93     1.65932     1.64286  0.00308594
          94     1.65696     1.64301  0.00306301
          95     1.62866     1.64286  0.00303973
          96      1.6345     1.64278  0.00300984
          97     1.61091     1.64245  0.00298005
          98     1.65473     1.64257  0.00303821
          99     1.68318     1.64298  0.00305494
         100     1.68822     1.64343  0.00302479
