           1     1.09893     1.09893           0
           2     1.08108        1.09  0.00304774
           3     1.08631     1.08877   0.0106185
           4     1.10947     1.09395  0.00863707
           5     1.09715     1.09459   0.0110337
           6     1.09996     1.09549   0.0101167
           7      1.1548     1.10396  0.00951028
           8     1.08819     1.10199  0.00916992
           9     1.12415     1.10445   0.0121992
          10      1.0906     1.10307   0.0109841
          11     1.10531     1.10327   0.0102698
          12      1.0846     1.10171   0.0100396
          13     1.11967      1.1031   0.0113247
          14     1.10561     1.10328   0.0104869
          15     1.10724     1.10354  0.00976966
          16     1.09672     1.10311  0.00931151
          17     1.04369     1.09962  0.00906891
          18     1.09315     1.09926  0.00865784
          19      1.0769     1.09808  0.00820142
          20     1.08735     1.09755  0.00825165
          21     1.07661     1.09655  0.00787488
          22      1.0915     1.09632  0.00761114
          23     1.09081     1.09608  0.00729867
          24     1.11506     1.09687  0.00699164
          25     1.12223     1.09789  0.00675697
          26     1.09536     1.09779  0.00651937
          27     1.10139     1.09792  0.00671318
          28     1.08754     1.09755  0.00650672
          29     1.08918     1.09726  0.00664189
          30     1.10796     1.09762  0.00641993
          31     1.07236      1.0968   0.0062829
          32     1.08803     1.09653  0.00609752
          33      1.0883     1.09628  0.00591014
          34     1.09922     1.09637  0.00577674
          35     1.12001     1.09704  0.00574322
          36     1.11499     1.09754  0.00558806
          37     1.11573     1.09803  0.00553903
          38      1.1031     1.09817  0.00539493
          39     1.13063       1.099  0.00528856
          40     1.07214     1.09833  0.00515497
          41      1.0973      1.0983  0.00503235
          42     1.10394     1.09844  0.00493391
          43     1.06345     1.09762  0.00482474
          44     1.05784     1.09672   0.0047146
          45     1.05187     1.09572  0.00462439
          46     1.10428     1.09591   0.0045593
          47     1.11759     1.09637   0.0044615
          48     1.10659     1.09658  0.00438721
          49     1.05477     1.09573  0.00429718
          50     1.11976     1.09621  0.00423012
          51     1.09114     1.09611  0.00414635
          52     1.07372     1.09568  0.00413901
          53     1.11011     1.09595  0.00411362
          54     1.10129     1.09605  0.00409287
          55     1.09611     1.09605  0.00401813
          56     1.08563     1.09587   0.0039706
          57     1.09309     1.09582  0.00390643
          58     1.12775     1.09637     0.00386
          59     1.08137     1.09611   0.0038261
          60     1.12103     1.09653  0.00376191
          61     1.08914     1.09641  0.00370836
          62     1.08748     1.09626  0.00369378
          63     1.08101     1.09602  0.00365552
          64     1.06199     1.09549  0.00360692
          65     1.06218     1.09498  0.00356056
          66     1.07643      1.0947  0.00350687
          67     1.09182     1.09465  0.00349888
          68     1.11997     1.09503  0.00348089
          69     1.11425      1.0953  0.00343022
          70     1.10793     1.09548   0.0034812
          71     1.10406      1.0956   0.0034423
          72     1.07501     1.09532  0.00339737
          73     1.11253     1.09555  0.00346272
          74     1.14237     1.09619  0.00345588
          75     1.11002     1.09637  0.00345299
          76     1.11615     1.09663  0.00347814
          77     1.08345     1.09646  0.00343381
          78     1.10895     1.09662  0.00341021
          79     1.10892     1.09678  0.00339835
          80     1.07311     1.09648  0.00335973
          81       1.092     1.09643  0.00332015
          82     1.08981     1.09634  0.00328319
          83     1.09497     1.09633  0.00324455
          84     1.08747     1.09622  0.00320828
          85     1.08245     1.09606    0.003173
          86     1.10722     1.09619  0.00314125
          87     1.06162     1.09579  0.00310555
          88     1.08092     1.09562  0.00308829
          89     1.11946     1.09589  0.00305454
          90     1.07683     1.09568  0.00302795
          91     1.03643     1.09503  0.00300737
          92     1.10371     1.09512  0.00299077
          93     1.10621     1.09524  0.00295894
          94     1.10464     1.09534  0.00304581
          95     1.08577     1.09524  0.00302382
          96     1.08967     1.09518   0.0030121
          97     1.07394     1.09496  0.00298113
          98     1.10315     1.09505  0.00295174
          99     1.12212     1.09532  0.00292232
         100     1.12548     1.09562  0.00293981
