           1    -3.37273    -3.37273           0
           2    -3.37303    -3.37288   0.0242288
           3    -3.37148    -3.37241   0.0163078
           4    -3.37171    -3.37224   0.0125553
           5    -3.37424    -3.37264   0.0103943
           6    -3.37406    -3.37287  0.00848875
           7    -3.37544    -3.37324  0.00859314
           8    -3.37411    -3.37335  0.00749465
           9    -3.37304    -3.37331  0.00665257
          10    -3.37227    -3.37321  0.00628985
          11     -3.3742     -3.3733   0.0056941
          12    -3.37521    -3.37346  0.00739158
          13    -3.37092    -3.37326  0.00741379
          14    -3.37192    -3.37317  0.00747575
          15    -3.37326    -3.37317  0.00698095
          16     -3.3726    -3.37314  0.00655945
          17    -3.37139    -3.37304   0.0062103
          18    -3.37303    -3.37304  0.00638133
          19    -3.37283    -3.37303  0.00620749
          20    -3.37263    -3.37301  0.00610284
          21    -3.37293      -3.373  0.00581422
          22    -3.37367    -3.37303  0.00578507
          23    -3.37461     -3.3731  0.00583062
          24     -3.3741    -3.37314   0.0055848
          25     -3.3737    -3.37316  0.00536429
          26     -3.3741     -3.3732  0.00552281
          27    -3.37407    -3.37323  0.00535831
          28    -3.37335    -3.37324  0.00534927
          29    -3.36961    -3.37311  0.00527162
          30    -3.37175    -3.37307  0.00509573
          31    -3.37437    -3.37311  0.00494641
          32    -3.37098    -3.37304  0.00482049
          33    -3.37253    -3.37303  0.00467306
          34     -3.3753    -3.37309  0.00484862
          35    -3.37371    -3.37311  0.00471081
          36    -3.37298    -3.37311  0.00468891
          37    -3.37344    -3.37312  0.00484054
          38    -3.37265     -3.3731  0.00472136
          39    -3.37351    -3.37311  0.00461751
          40    -3.37343    -3.37312  0.00450797
          41    -3.37438    -3.37315  0.00460298
          42    -3.37202    -3.37313  0.00456021
          43    -3.37139    -3.37309  0.00466081
          44    -3.36872    -3.37299  0.00455449
          45     -3.3722    -3.37297   0.0044904
          46    -3.37376    -3.37299  0.00439187
          47    -3.37233    -3.37297  0.00431396
          48    -3.37406      -3.373  0.00423374
          49    -3.37597    -3.37306  0.00416203
          50    -3.37637    -3.37312  0.00410013
          51    -3.37163    -3.37309  0.00401995
          52    -3.37149    -3.37306  0.00399302
          53    -3.37398    -3.37308  0.00392024
          54    -3.37479    -3.37311  0.00385275
          55    -3.37257     -3.3731  0.00379358
          56    -3.37144    -3.37307  0.00372712
          57    -3.37416    -3.37309  0.00366168
          58    -3.37355     -3.3731  0.00364846
          59    -3.37149    -3.37307   0.0036074
          60    -3.37284    -3.37307     0.00356
          61    -3.37367    -3.37308  0.00350117
          62    -3.37336    -3.37308  0.00345564
          63    -3.37129    -3.37305  0.00354764
          64     -3.3711    -3.37302  0.00349635
          65    -3.37016    -3.37298  0.00344816
          66    -3.37301    -3.37298  0.00350067
          67    -3.37349    -3.37299  0.00351789
          68     -3.3734    -3.37299  0.00346853
          69    -3.37491    -3.37302  0.00342419
          70    -3.37375    -3.37303  0.00337693
          71    -3.37065      -3.373  0.00335466
          72    -3.37168    -3.37298  0.00334952
          73     -3.3707    -3.37295  0.00333795
          74     -3.3743    -3.37297  0.00329589
          75    -3.37295    -3.37297  0.00327225
          76    -3.37174    -3.37295   0.0032306
          77    -3.37406    -3.37296  0.00328225
          78    -3.37198    -3.37295  0.00324144
          79    -3.37482    -3.37298  0.00324265
          80    -3.37211    -3.37296  0.00320709
          81    -3.37146    -3.37295  0.00316976
          82    -3.37296    -3.37295  0.00314042
          83    -3.37154    -3.37293  0.00310685
          84    -3.37134    -3.37291  0.00307263
          85    -3.37284    -3.37291  0.00304082
          86    -3.37251     -3.3729  0.00300812
          87    -3.37317    -3.37291  0.00297562
          88    -3.37208     -3.3729  0.00294362
          89    -3.37384    -3.37291  0.00291816
          90    -3.37482    -3.37293   0.0028868
          91    -3.37174    -3.37292  0.00288807
          92    -3.37535    -3.37294   0.0028731
          93    -3.37158    -3.37293  0.00284893
          94     -3.3731    -3.37293  0.00287692
          95    -3.37292    -3.37293  0.00287869
          96    -3.37295    -3.37293  0.00284935
          97     -3.3726    -3.37293  0.00283951
          98    -3.37044     -3.3729  0.00283577
          99    -3.37394    -3.37291  0.00280893
         100    -3.37207     -3.3729  0.00278773
