           1    -5.02112    -5.02112           0
           2    -4.99464    -5.00788   0.0152157
           3    -5.00096    -5.00557   0.0199713
           4    -5.03592    -5.01316   0.0141261
           5    -5.01997    -5.01452   0.0130022
           6      -5.024     -5.0161   0.0158192
           7    -5.10764    -5.02918   0.0134287
           8     -5.0064    -5.02633   0.0128853
           9    -5.05927    -5.02999   0.0115459
          10    -5.00817    -5.02781   0.0105673
          11    -5.03216    -5.02821   0.0101577
          12    -5.00211    -5.02603    0.009322
          13    -5.05043    -5.02791  0.00863864
          14    -5.03033    -5.02808  0.00812957
          15    -5.03412    -5.02848  0.00774236
          16    -5.01768    -5.02781  0.00725164
          17    -4.93693    -5.02246  0.00683954
          18    -5.01276    -5.02192  0.00649556
          19    -4.98819    -5.02015  0.00616759
          20    -5.00366    -5.01932  0.00601076
          21    -4.98784    -5.01782   0.0057632
          22    -5.01092    -5.01751  0.00621781
          23    -5.01083    -5.01722  0.00619882
          24    -5.04669    -5.01845  0.00596546
          25    -5.05705    -5.01999  0.00579546
          26    -5.01714    -5.01988   0.0057255
          27    -5.02616    -5.02012  0.00554575
          28    -5.00466    -5.01956  0.00535252
          29    -5.00339    -5.01901  0.00554408
          30    -5.03369     -5.0195  0.00547131
          31     -4.9829    -5.01831  0.00529324
          32    -5.00303    -5.01784  0.00514459
          33    -5.00498    -5.01745  0.00500804
          34    -5.02412    -5.01764  0.00496919
          35    -5.05372    -5.01867  0.00492349
          36    -5.04547    -5.01942  0.00480156
          37    -5.04704    -5.02017  0.00473077
          38     -5.0273    -5.02035  0.00463225
          39    -5.06946    -5.02161  0.00451946
          40    -4.98164    -5.02061  0.00440773
          41    -5.02032    -5.02061  0.00430137
          42    -5.02792    -5.02078  0.00421495
          43    -4.96657    -5.01952  0.00421049
          44    -4.95548    -5.01806  0.00445102
          45    -4.95001    -5.01655  0.00445409
          46    -5.03018    -5.01685  0.00447059
          47    -5.04872    -5.01753  0.00437998
          48    -5.03395    -5.01787  0.00431326
          49    -4.95812    -5.01665  0.00427876
          50    -5.05601    -5.01744  0.00428767
          51    -5.00835    -5.01726  0.00426229
          52    -4.98207    -5.01658  0.00420121
          53    -5.03915    -5.01701  0.00412162
          54    -5.02672    -5.01719  0.00408081
          55    -5.01673    -5.01718  0.00404255
          56    -4.99988    -5.01687  0.00397129
          57    -5.01379    -5.01682  0.00391207
          58    -5.06518    -5.01765  0.00384762
          59    -4.99354    -5.01724   0.0038956
          60    -5.05438    -5.01786  0.00383072
          61    -5.00738    -5.01769  0.00376901
          62    -5.00457    -5.01748  0.00378829
          63    -4.99281    -5.01708  0.00376422
          64    -4.96409    -5.01626  0.00373094
          65    -4.96343    -5.01544  0.00370222
          66    -4.98765    -5.01502  0.00364654
          67    -5.01121    -5.01497  0.00369713
          68    -5.05335    -5.01553  0.00364805
          69    -5.04629    -5.01598  0.00359989
          70    -5.03564    -5.01626  0.00355951
          71    -5.02673     -5.0164  0.00352389
          72    -4.98419    -5.01596  0.00348176
          73     -5.0395    -5.01628  0.00344133
          74    -5.08785    -5.01725  0.00342129
          75    -5.03799    -5.01752  0.00339038
          76    -5.04597     -5.0179  0.00336151
          77    -4.99924    -5.01766  0.00333386
          78    -5.03541    -5.01788  0.00329308
          79     -5.0382    -5.01814  0.00330155
          80    -4.98178    -5.01769  0.00333331
          81    -5.00946    -5.01758  0.00333598
          82    -5.00767    -5.01746  0.00329721
          83    -5.01399    -5.01742  0.00332568
          84    -5.00255    -5.01724  0.00330127
          85    -4.99651      -5.017  0.00326252
          86    -5.03334    -5.01719  0.00322452
          87     -4.9656     -5.0166  0.00319376
          88    -4.99346    -5.01633  0.00319056
          89    -5.05303    -5.01675  0.00317444
          90    -4.99007    -5.01645  0.00314279
          91    -4.92638    -5.01546  0.00314772
          92    -5.03093    -5.01563  0.00312718
          93     -5.0309    -5.01579  0.00310067
          94    -5.03007    -5.01594  0.00307273
          95    -5.00158    -5.01579  0.00304106
          96    -5.00745    -5.01571  0.00304506
          97    -4.98351    -5.01537  0.00301473
          98    -5.02517    -5.01547  0.00300248
          99    -5.05712     -5.0159  0.00297231
         100    -5.06029    -5.01634  0.00294457
