           1     1.18297     1.18297           0
           2     1.22638     1.20467   0.0300961
           3     1.19982     1.20306   0.0178809
           4     1.20556     1.20368   0.0144812
           5     1.21155     1.20526   0.0117859
           6      1.1991     1.20423   0.0125715
           7     1.20404      1.2042   0.0109766
           8     1.20292     1.20404   0.0103775
           9     1.20446     1.20409   0.0094307
          10     1.20495     1.20417  0.00944035
          11      1.2148     1.20514  0.00884672
          12     1.20741     1.20533  0.00807975
          13     1.19806     1.20477  0.00751103
          14     1.20942      1.2051  0.00702341
          15     1.20819     1.20531    0.006597
          16     1.19221     1.20449   0.0061906
          17     1.21298     1.20499  0.00583896
          18     1.20517       1.205  0.00566382
          19     1.20415     1.20495  0.00556101
          20     1.21015     1.20521  0.00537566
          21     1.20779     1.20534  0.00511498
          22     1.21336      1.2057  0.00604818
          23     1.20761     1.20578  0.00612815
          24     1.19884     1.20549  0.00593549
          25     1.21317      1.2058  0.00570968
          26     1.20658     1.20583  0.00549024
          27     1.19892     1.20558  0.00548205
          28      1.1963     1.20524  0.00530153
          29     1.21054     1.20543  0.00517035
          30     1.21388     1.20571  0.00502138
          31      1.1948     1.20536  0.00485894
          32     1.21304      1.2056  0.00474927
          33     1.19563      1.2053  0.00463258
          34     1.20907     1.20541   0.0046515
          35     1.20126     1.20529  0.00451729
          36     1.19613     1.20503  0.00451536
          37     1.21683     1.20535  0.00439429
          38     1.20326      1.2053  0.00444042
          39     1.20426     1.20527  0.00434621
          40     1.20214     1.20519  0.00429441
          41     1.20749     1.20525  0.00418844
          42     1.21497     1.20548  0.00422689
          43     1.21351     1.20567  0.00413862
          44     1.19652     1.20546  0.00419598
          45     1.20768     1.20551   0.0041248
          46     1.19827     1.20535  0.00403441
          47     1.20868     1.20542  0.00394765
          48      1.1986     1.20528  0.00404246
          49     1.20694     1.20531  0.00417525
          50     1.19996     1.20521  0.00411061
          51     1.20887     1.20528  0.00403707
          52      1.2166      1.2055  0.00405361
          53     1.18826     1.20517  0.00400028
          54     1.21696     1.20539  0.00393383
          55     1.21443     1.20555  0.00386498
          56     1.19792     1.20542  0.00391003
          57     1.19939     1.20531  0.00384111
          58     1.21964     1.20556  0.00385239
          59     1.19544     1.20539  0.00378838
          60     1.21042     1.20547  0.00382974
          61     1.20578     1.20548  0.00376986
          62     1.21245     1.20559   0.0037113
          63     1.20108     1.20552  0.00365214
          64     1.21141     1.20561  0.00360185
          65     1.20823     1.20565  0.00355109
          66     1.20286     1.20561  0.00351569
          67     1.21545     1.20575  0.00351956
          68     1.19927     1.20566  0.00347703
          69     1.19891     1.20556  0.00345363
          70     1.21009     1.20563  0.00341551
          71     1.20098     1.20556  0.00336708
          72     1.19924     1.20547  0.00332902
          73     1.21262     1.20557  0.00330815
          74     1.19969     1.20549  0.00329593
          75     1.20811     1.20553  0.00327224
          76     1.20186     1.20548  0.00327278
          77     1.20851     1.20552  0.00323115
          78       1.206     1.20552  0.00320236
          79     1.19804     1.20543  0.00316932
          80     1.20599     1.20544  0.00313811
          81     1.19938     1.20536  0.00314601
          82      1.2126     1.20545  0.00311627
          83     1.20174      1.2054  0.00308371
          84     1.21379      1.2055  0.00309389
          85     1.19768     1.20541  0.00305796
          86     1.21115     1.20548  0.00304821
          87     1.20432     1.20547  0.00302708
          88     1.20219     1.20543  0.00299279
          89      1.2131     1.20551   0.0030068
          90     1.20896     1.20555  0.00299752
          91     1.20199     1.20551   0.0029671
          92     1.20837     1.20554  0.00297562
          93     1.21236     1.20562  0.00294973
          94     1.20278     1.20559   0.0029403
          95     1.19557     1.20548   0.0029092
          96     1.20345     1.20546  0.00290978
          97      1.1982     1.20539  0.00288299
          98     1.21068     1.20544  0.00285657
          99     1.20495     1.20544  0.00284234
         100     1.20638     1.20544  0.00290756
