           1    -6.63322    -6.63322           0
           2    -6.67899    -6.65611    0.028557
           3    -6.64932    -6.65384   0.0170766
           4     -6.6546    -6.65403   0.0135164
           5    -6.66126    -6.65548   0.0109264
           6    -6.64941    -6.65447  0.00920504
           7    -6.65385    -6.65438  0.00821826
           8    -6.65219     -6.6541  0.00803225
           9    -6.65539    -6.65425  0.00766213
          10    -6.65513    -6.65434   0.0102058
          11    -6.66523    -6.65533   0.0101102
          12    -6.65855     -6.6556  0.00925243
          13    -6.64852    -6.65505  0.00863823
          14    -6.65875    -6.65532  0.00870416
          15     -6.6594    -6.65559  0.00810446
          16    -6.64193    -6.65473  0.00782511
          17    -6.66312    -6.65523  0.00741267
          18    -6.65513    -6.65522  0.00747102
          19    -6.65438    -6.65518  0.00724847
          20    -6.66202    -6.65552  0.00712708
          21     -6.6587    -6.65567  0.00709987
          22    -6.66426    -6.65606  0.00789767
          23    -6.65844    -6.65617  0.00760883
          24    -6.64935    -6.65588  0.00728505
          25    -6.66355    -6.65619  0.00708286
          26    -6.65623    -6.65619  0.00683504
          27    -6.64827     -6.6559  0.00658557
          28    -6.64588    -6.65554  0.00634798
          29    -6.66112    -6.65573  0.00626912
          30    -6.66499    -6.65604  0.00610798
          31     -6.6454     -6.6557  0.00590784
          32    -6.66348    -6.65594  0.00580428
          33     -6.6455    -6.65562   0.0058842
          34    -6.65885    -6.65572   0.0057874
          35    -6.65176    -6.65561  0.00575849
          36     -6.6466    -6.65536  0.00559642
          37    -6.66689    -6.65567  0.00544401
          38    -6.65272    -6.65559  0.00542637
          39     -6.6544    -6.65556  0.00537748
          40      -6.653     -6.6555  0.00531618
          41    -6.65766    -6.65555   0.0051849
          42    -6.66567    -6.65579   0.0052594
          43    -6.66319    -6.65596  0.00516581
          44    -6.64661    -6.65575  0.00514155
          45    -6.65782    -6.65579  0.00504336
          46    -6.64856    -6.65564  0.00499548
          47    -6.65852     -6.6557  0.00491287
          48    -6.64774    -6.65553  0.00484843
          49    -6.65545    -6.65553  0.00499909
          50    -6.64871    -6.65539  0.00491606
          51    -6.65956    -6.65548  0.00484268
          52    -6.66692     -6.6557  0.00482073
          53    -6.63924    -6.65539   0.0047289
          54    -6.66844    -6.65563  0.00464053
          55    -6.66512     -6.6558  0.00456439
          56    -6.64684    -6.65564  0.00456412
          57    -6.64947    -6.65553  0.00450643
          58     -6.6705    -6.65579  0.00450237
          59    -6.64574    -6.65562  0.00444215
          60     -6.6593    -6.65568  0.00447704
          61    -6.65606    -6.65569  0.00441107
          62    -6.66231    -6.65579  0.00436985
          63    -6.65103    -6.65572  0.00430487
          64    -6.66279    -6.65583  0.00429082
          65    -6.65868    -6.65587  0.00422432
          66    -6.65338    -6.65583  0.00416097
          67    -6.66611    -6.65599  0.00412918
          68    -6.64853    -6.65588  0.00408024
          69    -6.64894    -6.65578  0.00402962
          70    -6.66014    -6.65584  0.00397174
          71    -6.65048    -6.65576   0.0039402
          72    -6.64998    -6.65568  0.00388782
          73    -6.66221    -6.65577  0.00385776
          74    -6.64893    -6.65568  0.00399615
          75    -6.65944    -6.65573  0.00401765
          76    -6.65246    -6.65569  0.00403157
          77    -6.65896    -6.65573  0.00398196
          78    -6.65622    -6.65574   0.0039314
          79    -6.64835    -6.65564  0.00388367
          80    -6.65625    -6.65565  0.00386962
          81     -6.6493    -6.65557  0.00384583
          82    -6.66427    -6.65568  0.00379958
          83    -6.65139    -6.65563  0.00376149
          84    -6.66512    -6.65574  0.00372178
          85    -6.64701    -6.65564  0.00368185
          86    -6.66076     -6.6557  0.00364749
          87    -6.65559     -6.6557  0.00361276
          88     -6.6521    -6.65565  0.00358667
          89    -6.66373    -6.65575  0.00356105
          90    -6.65974    -6.65579  0.00353192
          91    -6.65342    -6.65576  0.00350009
          92    -6.66035    -6.65581  0.00350364
          93    -6.66253    -6.65589  0.00348111
          94    -6.65343    -6.65586  0.00344537
          95    -6.64649    -6.65576  0.00344387
          96    -6.65332    -6.65574  0.00341473
          97    -6.64831    -6.65566  0.00338778
          98    -6.66225    -6.65573  0.00335991
          99    -6.65546    -6.65572  0.00337319
         100    -6.65814    -6.65575  0.00337369
