           1    -5.45025    -5.45025           0
           2    -5.45262    -5.45143   0.0439219
           3     -5.4495    -5.45079   0.0253756
           4    -5.44903    -5.45035   0.0191129
           5    -5.44971    -5.45022   0.0148049
           6    -5.45031    -5.45024   0.0120909
           7    -5.44981    -5.45018    0.010383
           8    -5.44927    -5.45006   0.0089931
           9    -5.45093    -5.45016  0.00973076
          10    -5.45018    -5.45016  0.00924605
          11    -5.45044    -5.45019  0.00839469
          12    -5.45114    -5.45027   0.0084134
          13    -5.45046    -5.45028  0.00776362
          14    -5.44933    -5.45021  0.00718912
          15    -5.45121    -5.45028  0.00671669
          16    -5.44973    -5.45025  0.00629041
          17    -5.45014    -5.45024  0.00696822
          18    -5.44996    -5.45022  0.00699093
          19    -5.45023    -5.45022  0.00662146
          20    -5.45187    -5.45031  0.00651779
          21    -5.45091    -5.45033  0.00626469
          22     -5.4509    -5.45036  0.00599192
          23    -5.45083    -5.45038  0.00597849
          24    -5.45052    -5.45039  0.00577796
          25    -5.45038    -5.45039  0.00560392
          26    -5.44965    -5.45036  0.00538462
          27    -5.44935    -5.45032  0.00523681
          28    -5.44958    -5.45029  0.00512128
          29    -5.45059     -5.4503  0.00495237
          30    -5.45112    -5.45033   0.0048102
          31     -5.4506    -5.45034  0.00479247
          32    -5.45043    -5.45034  0.00466071
          33    -5.44987    -5.45033   0.0045227
          34    -5.44978    -5.45031   0.0044049
          35     -5.4505    -5.45032   0.0043228
          36    -5.45046    -5.45032  0.00420252
          37    -5.45006    -5.45031  0.00408893
          38    -5.44946    -5.45029   0.0040484
          39    -5.45014    -5.45029  0.00395026
          40    -5.45087     -5.4503  0.00387755
          41    -5.45017     -5.4503  0.00383723
          42     -5.4507    -5.45031  0.00374879
          43    -5.44968    -5.45029  0.00366085
          44    -5.45008    -5.45029  0.00357832
          45    -5.45014    -5.45029  0.00349877
          46    -5.45029    -5.45029  0.00344151
          47    -5.44984    -5.45028  0.00338455
          48    -5.44914    -5.45025  0.00348308
          49    -5.44851    -5.45022  0.00351051
          50    -5.44875    -5.45019     0.00344
          51    -5.45069     -5.4502  0.00340709
          52    -5.45032     -5.4502  0.00337662
          53    -5.45098    -5.45021  0.00335371
          54    -5.45148    -5.45024  0.00329979
          55    -5.45069    -5.45025  0.00324907
          56    -5.44891    -5.45022  0.00325173
          57    -5.45008    -5.45022  0.00320594
          58    -5.45086    -5.45023  0.00320822
          59    -5.45031    -5.45023  0.00315348
          60    -5.44888    -5.45021   0.0031125
          61    -5.45028    -5.45021  0.00306401
          62    -5.44986    -5.45021   0.0030251
          63    -5.44994     -5.4502  0.00299178
          64    -5.45138    -5.45022   0.0029498
          65    -5.45045    -5.45022  0.00290818
          66    -5.45051    -5.45023  0.00287123
          67    -5.45066    -5.45023  0.00284895
          68    -5.44926    -5.45022  0.00280719
          69    -5.45003    -5.45022  0.00276711
          70    -5.45005    -5.45021  0.00272731
          71    -5.44949     -5.4502  0.00269293
          72    -5.45074    -5.45021  0.00271305
          73    -5.44958     -5.4502   0.0027334
          74    -5.44924    -5.45019  0.00270783
          75    -5.45133    -5.45021   0.0026727
          76     -5.4506    -5.45021  0.00268264
          77    -5.45045    -5.45021  0.00265339
          78    -5.45022    -5.45021  0.00262125
          79    -5.45032    -5.45022  0.00259118
          80    -5.45026    -5.45022  0.00255881
          81    -5.44992    -5.45021  0.00252935
          82    -5.45167    -5.45023  0.00251597
          83    -5.44965    -5.45022  0.00248676
          84    -5.45132    -5.45024  0.00247585
          85    -5.44933    -5.45023   0.0024539
          86    -5.44961    -5.45022  0.00242537
          87    -5.45127    -5.45023  0.00240655
          88    -5.44991    -5.45023  0.00238288
          89    -5.45062    -5.45023  0.00236705
          90    -5.45078    -5.45024  0.00234138
          91    -5.45143    -5.45025  0.00232462
          92    -5.45198    -5.45027  0.00231708
          93    -5.45017    -5.45027  0.00229225
          94    -5.45065    -5.45027  0.00227529
          95    -5.45092    -5.45028   0.0022515
          96    -5.44987    -5.45027   0.0022407
          97     -5.4501    -5.45027  0.00223323
          98    -5.45157    -5.45029   0.0022217
          99    -5.45051    -5.45029  0.00219928
         100    -5.45176     -5.4503   0.0021789
