           1    0.788648    0.788648           0
           2    0.817584    0.803116   0.0109601
           3    0.799881    0.802037  0.00710161
           4    0.803709    0.802455   0.0073042
           5      0.8077    0.803504  0.00724092
           6    0.799398     0.80282  0.00848888
           7    0.802693    0.802802  0.00840234
           8    0.801944    0.802695  0.00770484
           9    0.802974    0.802726  0.00684716
          10    0.803298    0.802783   0.0063735
          11    0.809864    0.803427  0.00576534
          12     0.80494    0.803553  0.00526411
          13    0.798709     0.80318  0.00511305
          14    0.806281    0.803402  0.00514894
          15    0.805462    0.803539   0.0048158
          16    0.794804    0.802993  0.00450557
          17    0.808652    0.803326  0.00449155
          18    0.803449    0.803333  0.00424941
          19    0.802767    0.803303  0.00494648
          20     0.80677    0.803476  0.00469268
          21    0.805192    0.803558  0.00449492
          22    0.808908    0.803801  0.00449221
          23    0.805071    0.803856  0.00430401
          24    0.799224    0.803663  0.00412082
          25    0.808777    0.803868  0.00448278
          26    0.804387    0.803888  0.00435624
          27    0.799282    0.803717  0.00419351
          28    0.797533    0.803496  0.00410503
          29    0.807024    0.803618  0.00396126
          30    0.809253    0.803806  0.00401639
          31    0.796531    0.803571  0.00390469
          32    0.808697    0.803731   0.0037882
          33    0.797089     0.80353  0.00369626
          34    0.806048    0.803604  0.00364238
          35    0.800841    0.803525  0.00354992
          36    0.797422    0.803356  0.00347883
          37    0.811223    0.803568  0.00345953
          38    0.802173    0.803532  0.00336981
          39    0.802842    0.803514  0.00328652
          40    0.801424    0.803462  0.00320917
          41    0.804994    0.803499  0.00318303
          42    0.809981    0.803653   0.0032303
          43    0.809006    0.803778  0.00324988
          44    0.797683    0.803639  0.00317588
          45    0.805119    0.803672  0.00311118
          46    0.798849    0.803567  0.00304296
          47    0.805787    0.803615  0.00300212
          48    0.799066     0.80352  0.00297362
          49    0.804625    0.803542  0.00291734
          50    0.799974    0.803471  0.00299836
          51    0.805915    0.803519  0.00302824
          52    0.811064    0.803664  0.00297442
          53    0.792175    0.803447  0.00292323
          54    0.811309    0.803593  0.00287723
          55    0.809617    0.803702  0.00284657
          56    0.798615    0.803611  0.00281385
          57    0.799595    0.803541  0.00279998
          58    0.813093    0.803706  0.00276335
          59    0.796957    0.803591  0.00276166
          60    0.806944    0.803647  0.00288484
          61    0.803854    0.803651  0.00293867
          62      0.8083    0.803726  0.00294031
          63    0.800723    0.803678   0.0028939
          64    0.807608    0.803739  0.00285443
          65    0.805488    0.803766   0.0028221
          66    0.801909    0.803738  0.00277902
          67    0.810303    0.803836  0.00276008
          68    0.799512    0.803772  0.00275492
          69    0.799271    0.803707  0.00271556
          70    0.806727     0.80375  0.00267668
          71    0.800656    0.803707  0.00263872
          72    0.799492    0.803648  0.00262348
          73    0.808416    0.803714  0.00260118
          74    0.799791    0.803661  0.00258668
          75     0.80541    0.803684  0.00255406
          76    0.801241    0.803652  0.00256392
          77    0.805671    0.803678  0.00253368
          78    0.803999    0.803682  0.00252425
          79     0.79869    0.803619  0.00249628
          80    0.803993    0.803624  0.00246517
          81    0.799587    0.803574  0.00243726
          82    0.808398    0.803633  0.00242208
          83    0.801157    0.803603  0.00239375
          84    0.809196    0.803669  0.00237885
          85    0.798452    0.803608  0.00235183
          86    0.807435    0.803652  0.00232433
          87    0.802881    0.803644  0.00232112
          88     0.80146    0.803619  0.00229474
          89    0.808736    0.803676  0.00227103
          90    0.805974    0.803702  0.00226688
          91    0.801327    0.803676  0.00224261
          92    0.805582    0.803696  0.00221953
          93    0.808239    0.803745  0.00219966
          94    0.801853    0.803725   0.0021798
          95    0.797047    0.803655  0.00216506
          96    0.802297    0.803641  0.00219031
          97    0.798803    0.803591  0.00217014
          98    0.807122    0.803627  0.00218382
          99    0.803299    0.803624  0.00217314
         100    0.804253     0.80363  0.00215175
