41.0332
39.6616
38.417
37.4465
36.1218
34.8054
33.1097
32.1988
31.2358
30.3296
30.0058
29.981
29.6221
28.3278
27.0297
26.208
26.2111
26.2705
24.8814
23.2373
21.8294
21.7143
20.8076
21.2253
21.3249
22.0126
20.9692
20.7398
21.4673
21.5918
21.5746
20.9263
20.7378
20.4429
19.4902
19.1172
18.848
18.0871
17.4342
17.2598
16.7834
16.4147
16.3002
16.6859
16.2358
16.1317
15.8166
16.0368
15.659
16.1901
15.7542
16.0886
17.05
16.6309
16.6656
16.3257
17.2848
17.8203
17.4658
17.3812
16.9922
17.2476
17.8107
17.8347
18.1432
17.7198
16.9827
16.581
16.8578
17.9394
17.955
16.645
16.1799
16.1839
15.9875
16.3935
15.3672
14.929
15.281
14.4187
14.3213
14.6216
14.5703
14.2944
14.0982
14.1707
14.562
14.4619
13.8288
14.0598
14.8258
13.8883
14.4542
14.1264
13.9668
13.2454
13.1944
12.9936
13.4808
13.2086
13.1594
13.2361
12.9459
12.9544
12.1545
11.7646
12.9042
13.2606
14.211
13.8794
13.4053
12.9269
13.0746
11.967
12.1083
12.7876
11.8411
11.5599
12.1153
12.3507
13.0481
13.4299
13.689
14.0018
14.1728
13.1868
12.8099
12.8335
13.052
13.3679
13.5736
13.4413
13.7385
14.81
14.5688
14.1185
13.8409
13.5668
14.184
14.1961
14.4793
14.1287
12.9431
11.5629
11.2789
11.8719
11.7231
12.0589
12.7372
13.2402
13.1417
13.3367
13.3929
13.9103
14.1672
14.3659
14.2274
13.8866
12.6154
13.113
13.0668
12.4238
11.9986
12.1167
11.3631
12.3475
11.7235
11.4353
12.0524
12.1923
13.0452
12.5619
12.4646
11.4004
11.6179
12.0085
11.59
10.9471
12.1657
11.7887
11.5018
11.8767
11.7218
11.5229
10.9782
10.5437
10.8238
10.6867
11.8315
11.2979
10.9861
10.9313
10.5283
10.2351
10.9316
10.3677
10.2979
10.875
10.5576
10.3697
10.4928
10.7445
11.0885
10.8256
10.8371
11.0763
11.5933
11.8585
11.6887
11.1669
11.3462
11.4979
11.3853
11.2324
11.2267
12.7921
12.6137
13.1283
12.7537
12.8353
12.968
12.979
12.5188
12.4621
12.0637
11.7262
11.6807
10.8515
11.5457
11.4039
10.993
10.2651
11.2323
10.7251
10.4195
10.2245
10.1499
10.5767
10.5102
10.3719
10.9354
10.5854
10.6699
10.2555
10.8193
10.6557
9.54482
9.29874
10.019
10.3857
9.9557
10.4152
9.87737
9.6812
9.7668
9.45882
9.49357
9.53637
9.87455
10.3319
10.2918
10.6544
9.77318
9.56278
9.64657
10.3631
10.0374
10.1011
9.74196
9.82132
9.6502
9.40988
9.47536
9.1907
9.53337
9.14893
9.04334
8.84582
10.2108
10.8047
10.8906
11.5798
10.6079
10.3979
9.87198
9.38967
9.77714
10.0942
9.59515
9.24971
9.87996
9.33924
9.45674
9.45097
9.70359
9.48343
9.57334
10.1771
10.4305
10.4717
10.6334
10.8365
9.8853
9.88406
9.80563
9.91741
9.08965
8.93599
9.25793
9.6534
8.9189
9.12526
8.49416
8.86742
9.30849
9.14093
9.53034
9.30116
9.61478
9.56764
9.37316
9.0194
9.146
9.43999
9.10369
8.97108
9.55455
9.71785
9.83553
9.37463
8.73319
8.14829
8.97219
9.01839
9.34244
9.33478
8.9908
8.65821
8.55729
8.70004
8.8074
8.77173
9.61216
8.87282
8.61599
8.27114
8.52074
8.22284
8.00158
7.89536
8.49521
8.15288
8.13276
8.68114
8.3161
8.5647
8.68804
8.32349
8.3654
8.42232
8.47209
8.32773
8.84326
9.21517
9.07326
8.67558
8.78953
8.95691
8.87228
8.24309
9.10681
8.92597
9.23164
9.74415
10.4535
9.58618
9.38022
9.04605
8.72679
8.38052
8.09911
7.91461
6.86479
7.00514
7.51937
7.72223
8.30407
9.54581
9.11924
9.43271
10.163
8.96841
9.03744
8.94482
9.23646
8.69777
8.43221
8.60545
9.04008
9.72278
9.50755
8.92776
8.50662
8.59223
8.65176
8.4347
8.61996
8.51141
8.074
8.40334
7.94969
8.23707
8.48964
8.75167
8.22796
8.03976
7.86907
7.46101
7.73935
8.16702
7.70964
8.44951
8.00829
6.9422
6.39124
6.48504
7.63111
7.46407
7.48082
7.12631
7.18272
7.26914
6.68655
6.45206
6.39301
7.0165
7.14269
7.10048
8.02956
7.85372
8.81427
7.99414
7.52171
7.64167
7.49838
8.35609
7.38585
8.16761
7.4187
7.65758
7.16815
7.32981
7.62239
6.82368
7.11682
7.8256
8.53301
8.81922
9.42902
9.77032
8.70061
7.91216
6.93238
7.51049
6.89052
6.93039
6.99702
7.30063
6.86735
6.24537
6.29863
6.57018
6.39051
7.75063
7.60588
8.11019
8.60825
8.63645
8.34885
9.16371
8.92062
9.70801
10.0954
11.0508
10.6166
9.63631
8.55999
8.06146
7.92326
7.06464
6.68592
6.70956
6.50994
6.94686
6.87728
6.84041
7.23509
7.545
7.58147
7.80587
7.69376
7.90744
8.32323
8.11096
8.41708
8.53224
7.46771
8.4988
8.35285
7.49132
6.5358
6.51882
6.90832
7.13003
7.66478
7.86749
8.10581
9.14837
9.30935
9.90021
9.97918
9.95042
9.56973
8.57299
9.10655
10.891
11.2505
10.295
9.88457
9.01067
8.71316
9.03025
8.29232
7.46389
7.98066
7.36213
7.88773
7.98885
8.36807
8.16858
7.93989
8.53166
8.1027
7.87681
7.52986
8.66743
8.87206
8.72159
8.3224
8.999
9.67994
9.51429
9.44225
8.93511
8.47447
8.93757
8.33642
8.12593
8.41812
8.52141
8.60545
7.93629
7.43769
7.64365
7.0026
6.32751
7.11527
7.15174
8.06372
8.26107
8.67209
7.96172
8.2761
7.99725
7.76209
7.40185
7.64884
7.25084
6.84433
6.85549
6.94672
7.00425
6.84026
7.28162
7.50731
7.33518
7.87709
7.33174
7.21321
8.79747
9.45815
9.92353
9.85902
9.15452
8.83364
9.3749
9.39569
9.40483
9.40687
8.7493
10.1978
10.278
9.56218
9.45565
8.72085
8.83843
9.15718
9.57708
8.86904
8.59521
8.8384
7.85097
8.40115
9.17051
8.92092
8.50854
9.29718
9.13422
9.34914
9.75721
9.42358
9.21343
8.46177
8.1807
8.98131
8.51312
8.26346
8.39416
8.48276
7.5874
8.18479
8.58625
8.24432
8.7287
8.22097
8.12971
8.44115
8.5198
8.43037
8.89531
7.83526
8.10367
8.55323
7.67576
7.95451
8.47685
7.67641
8.11057
8.31977
8.04223
8.85631
8.81424
8.17229
8.29065
8.79314
8.51292
8.27138
8.87102
8.81139
8.51316
8.3303
8.51397
8.75028
8.68284
8.17688
8.33846
9.19892
9.2113
9.21044
9.54602
9.43891
8.90099
8.09604
7.5626
8.35476
7.92156
7.70847
8.14702
8.50461
8.36229
8.26181
8.25248
7.98262
7.84031
8.28506
8.41792
8.42086
8.23046
8.751
7.69219
7.21553
7.40953
7.72835
8.20337
8.2036
7.44914
7.72493
7.54243
7.48242
7.70049
7.35046
6.92303
7.50044
7.74315
8.28732
8.15023
8.38113
8.12625
8.41522
8.02753
8.48422
8.18685
7.24748
7.56797
7.60158
8.17046
7.58026
7.80105
7.67635
7.40993
7.63426
8.48327
8.38673
7.86158
8.32334
7.62003
7.58546
7.92156
7.15039
8.01699
8.47153
8.20046
7.73928
6.99096
7.47804
7.14756
7.04947
7.13415
6.87254
7.01543
7.01387
7.62134
7.36981
7.05524
7.09502
7.41195
7.22166
6.43477
7.16279
6.65505
6.8943
7.22678
7.17711
6.98498
7.19117
7.68409
7.17027
6.96979
6.70101
7.54737
6.76938
7.78821
7.41132
7.81975
7.55047
7.94189
8.72053
8.05077
7.84726
7.93007
7.53573
7.0447
7.36122
7.35149
7.75279
7.25113
7.75706
7.56203
7.61658
8.10992
7.59057
7.37897
7.61862
7.34016
7.67682
8.51863
7.84406
8.00334
8.50365
8.66221
8.43478
7.89543
7.1713
7.56187
7.24154
6.98137
7.0172
7.40346
7.73473
7.84056
7.77969
7.68775
7.86501
8.03199
8.1064
8.22346
7.4626
8.84396
9.21501
8.91946
7.74653
8.44803
8.45288
7.92659
8.4578
8.06942
8.35699
9.51491
9.64613
9.51037
8.46513
8.25111
8.05
8.33285
8.22579
8.1487
7.68292
7.63427
7.4887
7.7732
7.74808
7.52687
8.95097
8.20782
8.06838
7.49008
7.91337
6.90854
6.6058
6.93179
7.40477
7.67585
7.53871
7.37725
7.10665
6.88295
7.07698
7.67209
7.50338
8.24874
8.31335
8.01126
8.35139
8.30687
7.91877
7.41636
7.11435
7.25903
7.57125
7.40491
7.86219
8.21179
8.51793
9.03192
8.22301
7.73926
7.39045
7.82373
7.20902
6.94512
7.46628
7.67488
8.22999
7.24947
6.83392
7.04587
7.36123
8.06905
8.58572
8.37027
8.49294
8.57242
9.39535
8.73258
8.65797
7.65031
6.65393
7.81484
8.31577
8.5384
8.71344
8.17863
8.85883
8.77966
8.2417
8.55993
7.94294
8.17478
8.48117
8.62688
8.93097
9.62863
9.47296
9.30585
8.94505
8.58926
7.70216
6.73417
8.00855
8.14429
7.77651
8.3091
8.6736
9.16377
8.68983
8.54017
8.76167
8.96167
8.52011
8.15352
7.82271
8.34037
8.51775
8.43414
8.78648
8.11417
8.94306
8.67187
8.0406
8.15077
7.87113
7.45683
7.88606
7.70885
7.371
7.65407
7.78887
6.85307
7.33211
7.48704
7.68614
7.43332
8.00021
8.08983
7.64156
7.6942
7.57494
7.58212
7.12082
7.19505
7.90758
8.12239
8.22503
7.84639
8.20215
8.43271
8.9664
9.27595
8.39468
8.77283
7.89044
7.51553
7.78553
7.69967
7.12737
6.80092
6.97462
6.69565
6.74697
6.93999
7.50004
7.32626
7.41405
7.52488
7.46422
7.27199
7.0671
7.52718
7.4025
7.93631
8.18018
8.05293
8.23256
8.23716
8.9904
9.25057
9.1764
8.99314
8.03193
8.38994
8.04687
7.40372
7.22936
7.99814
8.54159
8.1599
8.01023
7.76064
7.60191
7.41516
7.40501
7.06125
7.7373
8.04365
7.51128
7.51414
7.80804
8.19569
8.45723
8.20427
8.5893
8.54272
8.37032
8.56846
8.14372
7.5613
7.33453
7.61461
8.66109
9.28801
7.62764
7.88075
8.32433
7.9022
7.87134
7.90059
8.29673
8.47708
9.14992
8.45774
7.91971
8.42898
8.10115
7.80921
7.32932
6.68913
6.72271
7.50917
7.50682
6.59492
6.262
6.25132
6.93474
7.19121
7.60852
7.95661
7.84982
7.85978
7.48112
7.59614
6.8986
6.74181
6.48938
7.09897
7.48003
7.57291
8.45944
8.86452
8.29737
8.76327
9.0341
8.61412
8.18652
8.46895
7.73612
8.28912
8.4209
7.48767
7.73003
7.58451
8.90749
8.92636
8.4146
7.97147
8.0684
7.44407
7.83147
7.35514
7.7437
6.986
7.43688
7.38539
7.7245
7.22498
7.31604
7.19246
7.37298
7.90624
8.14917
8.3651
8.12877
8.27312
8.44097
8.84782
8.70338
8.76413
9.10108
9.29206
8.2742
8.46186
8.79753
8.79278
8.9079
7.84128
8.58949
7.68875
7.98237
7.85969
7.52972
7.4335
7.64577
7.85122
7.29527
7.60174
7.7845
7.89359
7.55285
7.78038
7.3972
7.37475
6.35154
6.73946
6.39639
6.82192
6.51019
7.05101
6.81159
7.29686
7.33382
7.43293
8.57074
8.08391
8.3738
7.72969
6.65505
7.27137
6.82568
6.94477
6.99599
6.54076
7.20638
7.89202
7.7345
7.66921
8.00106
7.36093
7.58384
7.38393
7.85239
7.44147
7.26856
7.59458
7.49511
8.8316
8.72456
8.9415
8.45412
8.03095
8.99471
9.08186
9.28919
10.0337
9.59155
9.80218
10.2146
10.2648
11.0965
10.8418
9.86112
9.48053
9.73034
8.92017
9.18455
8.66703
8.26395
8.31897
7.67967
7.75795
7.76119
7.68944
7.94587
7.62334
7.9945
7.88744
7.99313
8.35784
8.34082
8.11538
8.34919
8.09667
7.2748
8.36834
8.00907
8.1975
7.45737
6.97141
6.88029
6.69943
7.87138
7.55095
7.80201
7.49299
7.50283
7.09873
6.82177
7.14539
7.75095
7.70248
8.079
7.71272
7.96491
7.22555
6.98633
7.51737
7.58889
8.09075
8.06616
7.91931
7.27437
7.94162
7.63481
8.80789
8.70557
8.65181
7.16378
7.16496
6.80586
6.40477
6.82645
7.36692
7.39189
7.44587
7.50725
6.54359
7.75921
8.25945
7.80101
7.5791
7.71028
6.9891
7.03769
6.97166
7.24308
7.35731
6.89533
7.08573
6.58924
7.86778
7.75017
7.51841
8.2664
8.14992
7.86886
7.9694
8.06753
7.71952
8.43353
7.90694
7.47871
7.27341
7.08658
6.75989
7.35795
7.54568
6.85558
7.38389
7.1016
6.74251
7.25256
8.40062
8.03837
7.83624
7.72894
8.03032
8.25545
8.03354
9.14851
8.42917
8.60673
8.42682
7.96006
8.29916
8.49075
8.31673
8.41304
7.80518
8.05494
7.00656
8.54439
8.2668
8.3115
7.99847
7.93618
6.98831
7.74683
7.79602
8.50654
8.18307
8.56202
8.72682
8.87987
8.39846
7.75786
7.73188
7.77262
7.69512
8.10404
7.82686
8.62462
8.74616
8.36257
8.97832
9.23284
8.43404
8.28294
7.69114
7.3273
7.98747
7.72827
7.57546
8.33511
8.36362
7.78545
6.84874
7.52773
7.70941
8.79862
8.83498
8.53814
8.10034
8.54384
7.9811
8.31321
7.80557
8.1068
8.7452
10.029
10.586
10.0229
8.96091
8.60753
9.01867
9.01884
8.71665
8.5583
8.2965
8.96241
9.79772
9.56834
8.87537
8.59077
8.77857
8.37907
7.78005
7.94351
8.72652
8.71452
7.53161
7.94111
7.88452
7.11602
7.56461
6.97958
6.84067
7.61991
8.37378
9.39896
9.00947
9.05603
9.83215
10.3221
9.46782
8.49037
8.14737
8.7683
8.46836
8.43775
8.45744
7.9147
7.33294
6.78557
7.25639
7.35375
7.34124
7.97222
7.71722
7.54467
7.26246
7.04256
7.94238
8.72244
9.1054
9.4129
9.79667
8.51907
7.94955
7.98266
8.52246
7.86249
7.84322
7.55276
7.13886
6.60224
7.15509
7.93124
7.64892
7.37666
7.60979
7.08833
7.41513
7.5757
7.9412
8.19599
8.0252
8.14093
8.18476
8.14003
8.48637
8.05512
7.29387
7.1316
7.1415
6.67732
7.17256
7.92056
8.18262
8.27238
9.06144
8.53732
8.15329
9.03454
9.55349
9.32327
9.15891
9.10952
8.396
8.43378
8.40006
8.98255
8.03857
7.94699
7.8141
7.95087
7.75783
7.80202
7.86824
7.46749
8.17238
7.81272
7.6946
8.5455
7.85339
7.41677
7.51892
7.09708
7.52057
7.65825
7.82788
7.71515
8.28739
8.21853
7.63979
7.68768
8.04006
8.21693
7.8672
7.48984
7.58688
7.65386
7.61919
7.44776
7.22571
7.5771
8.06945
8.18657
8.80837
9.07422
9.48313
8.52267
10.1975
9.47864
9.5961
8.4612
9.50571
8.69435
9.11713
9.06958
8.39634
7.64352
7.4002
7.41694
7.61148
7.94634
7.54048
8.02424
8.54676
8.32142
7.53836
7.23646
7.84909
7.94248
8.81589
8.46658
8.17399
8.07889
8.37379
8.26741
8.43437
8.3123
7.2445
6.97584
7.12272
6.88976
6.9275
7.23515
8.44925
8.922
8.67373
7.39783
7.92663
7.51175
7.30446
7.40761
7.76913
7.87554
7.93731
8.34021
8.76862
9.07253
9.13786
8.89117
8.94814
8.46516
8.13828
8.22202
8.46463
8.35456
8.91122
8.611
8.57224
8.40034
9.246
9.31858
8.69684
7.88821
7.71304
7.90213
8.5128
8.13873
9.06024
9.22197
9.20742
8.28183
8.39001
8.47595
7.69891
7.91755
7.52533
7.82102
7.3815
7.94762
7.16934
6.99758
7.52884
7.08224
7.39363
7.614
7.81893
8.12041
8.84309
8.96804
8.797
8.22172
8.58744
8.85461
9.07982
8.86077
9.10105
9.46684
11.2511
12.1673
11.2894
11.2733
11.6674
11.6063
11.1558
9.6798
10.4428
9.67791
8.66364
8.86878
8.20679
7.49146
7.41718
7.56137
6.95979
7.74288
8.25473
8.80864
8.79113
8.33295
8.38493
8.29167
9.10056
8.88511
8.47475
8.11723
8.05948
7.63101
8.3091
8.50777
8.21122
8.61718
7.98668
7.43087
7.18134
7.22886
7.43163
7.68738
7.99689
7.76463
7.48316
7.391
7.68534
8.04817
8.6116
7.99041
8.33255
8.21765
8.35837
8.42558
9.17768
9.20273
8.20716
7.91674
7.46971
7.54056
7.26413
7.31856
6.97637
7.12289
7.82131
7.52555
7.35315
7.66795
7.56917
7.04366
6.50914
6.58471
7.23742
8.06156
8.7194
8.59466
8.25939
9.07637
8.03308
8.12347
7.70283
7.64033
7.64012
7.35466
7.72778
7.21391
6.84767
7.54929
7.46521
7.64702
7.96645
7.13353
7.33989
7.72946
8.00444
8.52374
8.54283
8.03816
7.86926
7.76913
7.56566
7.24565
8.37047
7.98422
7.49309
8.26122
8.24011
7.7382
7.19158
6.74551
7.01283
6.61411
6.58591
7.08641
7.17868
7.22382
7.31281
7.79773
7.11624
7.41911
8.26443
7.27265
7.55196
6.71346
6.99629
6.61504
6.99225
6.70744
7.27841
7.26236
7.35058
6.90709
6.83515
7.87119
8.04553
8.20585
8.12978
8.74009
8.32836
7.47258
8.27458
8.55283
8.87693
8.99582
8.91665
8.2879
9.11525
7.66429
9.09766
8.4941
7.21931
7.79369
8.12973
7.20349
7.85507
8.1099
7.6137
8.25654
7.97053
7.78809
7.71715
8.05913
7.98789
7.81343
8.17692
7.59507
7.00867
7.54541
7.43931
7.61204
6.91334
6.86387
7.77278
7.08359
6.953
6.66535
6.44807
6.61035
6.59588
6.3362
6.67861
6.61525
7.00325
7.014
7.53413
7.45726
7.32197
7.83141
8.15027
8.6411
8.72865
8.08447
7.91331
7.43969
8.11849
8.00402
8.19241
7.76286
8.01657
8.04606
7.5755
7.6744
7.10967
6.98762
7.43493
7.77579
7.95321
8.29013
8.16266
8.28657
7.5854
7.96064
7.76107
8.1711
7.00451
7.19058
7.482
7.28368
7.14713
8.05267
8.23829
8.217
7.95512
7.84118
7.74673
8.58936
7.8217
7.65645
8.02616
9.63968
9.98087
9.16064
8.88035
9.05126
8.79389
8.39721
8.36429
8.10992
9.53109
7.67157
7.55932
7.77957
7.83569
7.46874
7.63356
6.97854
7.31922
7.08791
7.4559
7.67101
8.76988
7.32616
6.6503
7.24362
7.19876
8.15022
8.22507
7.91359
7.95859
7.25219
7.70378
7.38754
6.84479
7.34936
8.10027
7.02999
6.70615
6.7847
6.90335
6.86753
7.74267
8.21454
7.92571
7.43897
6.77948
7.24039
7.23446
7.51845
7.09617
7.58883
8.38099
8.36931
7.98566
7.607
7.7668
7.95723
8.30861
8.58167
8.62177
7.56235
7.99029
7.86687
7.26376
7.00823
7.42487
7.75103
8.05522
7.96404
8.27023
8.45768
9.26663
9.28046
9.41477
9.81723
10.6268
10.6737
9.96906
9.54867
9.24732
8.95752
8.51027
8.69235
7.91944
7.51229
7.72833
8.2395
8.91524
8.9309
8.66525
8.11394
7.40352
7.08886
6.58969
6.79395
6.74543
7.03433
6.42209
6.2403
6.2403
6.25783
6.38581
6.54947
6.60159
6.58263
6.82277
7.32872
7.35733
7.73864
6.91754
7.5381
8.32492
7.39365
8.24288
7.49979
8.39965
8.09221
9.19701
8.88664
8.30692
7.67316
7.2675
7.43451
7.00509
7.80606
7.57123
6.74633
6.79013
7.34469
6.58774
6.81047
6.99752
6.6113
7.05956
6.58481
7.27099
7.10216
8.05052
8.40428
7.79863
8.37642
8.6688
7.89955
7.13761
7.53047
7.41442
7.13158
7.07981
7.59697
7.50379
7.69471
7.79775
8.211
7.85731
7.83522
8.02012
8.39482
8.02915
7.53721
7.83393
7.73068
7.88726
7.46091
8.18029
8.23855
9.05522
9.83454
8.84926
8.63482
8.66291
7.50395
7.33985
7.88156
7.43212
7.57999
7.23897
6.94238
7.39839
7.27333
8.77011
8.22039
8.77283
8.11146
8.28127
7.95358
8.51102
8.23478
8.56289
8.36104
7.66828
7.81367
7.23466
6.61203
6.94543
