32.9064
31.8947
31.0857
30.6065
29.5274
29.4953
28.5813
27.5389
26.6286
26.1154
25.8798
24.8094
24.0312
23.3987
22.8436
22.2282
22.5684
22.3165
21.5625
21.1849
21.0185
20.6112
20.2792
20.5734
20.7135
21.0186
20.514
20.656
21.2456
21.438
21.8835
21.7912
20.963
20.7421
20.5552
20.1551
19.855
19.5321
19.5173
19.8126
19.6104
19.4104
19.4482
20.065
19.6782
19.9155
20.1744
20.3031
20.1015
20.6881
20.2932
20.5293
20.9849
20.6418
20.8195
20.8469
21.6662
21.6115
21.5091
21.4026
20.9233
21.3324
21.4529
21.3317
21.313
20.801
19.5807
19.1038
18.9964
19.3751
19.5374
19.2267
18.6061
18.5637
18.828
19.3055
19.1893
19.0868
18.7339
18.7785
18.5386
18.3593
17.7027
17.5255
17.459
17.6807
18.0764
18.5513
18.1293
17.8704
19.0607
18.7148
18.78
18.5271
18.2635
18.7954
18.689
18.9082
19.0309
19.1747
19.3162
19.3067
18.6799
18.2777
17.6137
17.4238
17.3827
17.4953
17.4678
17.283
16.9163
16.5408
16.4903
16.0774
15.6531
16.018
15.6191
15.6623
15.7725
15.5584
15.9705
15.5561
15.9827
16.0254
15.7704
14.4766
13.9031
14.1563
14.1535
14.891
15.3093
14.9152
14.7575
14.9953
14.6335
14.3214
14.3482
14.2644
14.702
14.5908
14.9547
14.8134
14.3691
13.7611
13.7767
14.1532
14.3864
14.9098
15.3461
15.2579
14.8525
14.8792
14.8079
14.7525
14.6951
14.4701
14.7422
14.153
13.5507
13.8905
13.9437
13.257
12.8455
12.8791
12.4802
12.8315
12.5964
12.4832
12.7275
12.7867
13.3846
13.4326
13.248
12.6002
12.6036
12.9058
12.5098
11.8849
12.5385
12.3166
12.2838
12.464
12.6192
12.6927
12.2714
11.6957
11.6724
11.7185
12.4894
11.8896
11.8501
11.8764
11.6286
11.2265
11.9781
11.5493
11.4792
11.7086
11.4615
11.5471
11.7386
11.9782
12.1949
11.892
11.7655
11.8033
12.1582
12.3697
12.0622
11.7648
11.9414
11.9013
11.5472
11.3254
11.4998
12.5173
12.4403
12.8858
12.3774
12.0338
12.1868
12.2903
11.9141
12.0247
11.9224
11.3183
11.1321
11.0332
11.3842
11.0789
11.0093
10.6177
11.2909
10.7823
10.549
10.3531
10.3203
10.5187
10.5097
10.6356
10.9386
10.725
10.5629
10.1771
10.6279
10.472
9.8989
9.87493
10.3484
10.787
10.2767
10.4581
10.2926
10.2933
10.2641
10.1423
10.1765
10.2841
10.6455
11.1913
11.1713
11.3199
10.7298
10.4871
10.5703
10.9173
10.3909
10.4711
10.3868
10.2975
10.533
10.5045
10.609
10.4379
10.767
10.5971
10.3392
10.0924
11.0339
11.2742
11.2472
11.7823
11.1476
10.9335
10.5171
10.161
10.5929
10.7189
10.5824
10.683
11.5343
11.5005
11.8204
11.5848
12.2008
12.1241
12.0244
12.0495
12.0933
11.7269
12.0865
12.2815
11.1938
10.8873
10.9627
11.0362
10.5116
10.1845
10.285
10.3591
9.7362
9.85563
9.49948
9.66028
10.1593
10.0003
10.3123
10.1766
10.3753
10.4056
10.3345
10.1325
10.2473
10.487
10.2098
10.1732
10.526
10.6256
10.689
10.4521
9.94929
9.57565
10.2946
10.3061
10.5784
10.488
10.2849
10.0488
10.0075
10.5838
10.5102
10.7642
11.337
10.883
10.8058
10.5412
10.5725
10.4634
10.1139
10.1782
10.8373
10.4882
10.3325
10.8182
10.5886
10.4601
10.8507
10.5284
10.5001
10.7131
10.7259
10.5856
11.0419
11.3308
11.4631
11.5761
11.7751
11.8001
11.5863
10.9491
11.4333
11.5319
11.9636
12.1338
12.585
12.0438
11.984
11.7074
11.5824
11.2304
11.0081
10.6885
9.93682
10.1819
10.3459
10.1166
10.5072
11.2342
11.2615
11.4053
11.7406
11.2313
11.1225
11.1094
11.1786
10.8528
10.5972
10.701
11.0493
11.1657
11.1481
10.8861
10.803
10.9813
11.156
11.0443
11.0462
11.2189
10.8581
11.1737
10.9318
11.0528
11.151
11.5006
11.1085
11.0125
10.8068
10.5807
10.6726
10.9864
10.6619
11.2808
10.9761
10.1259
9.77451
9.77
10.6832
10.731
10.7399
10.2876
10.2454
10.4456
9.88515
9.68829
9.77564
10.0596
9.9785
10.2823
10.9304
10.7778
11.398
10.6995
10.2651
10.4334
10.5531
11.2943
10.6969
11.1224
10.5106
10.6948
10.2913
10.302
10.6878
10.0529
10.5193
11.0474
11.7301
11.9287
12.5216
12.2942
11.536
10.8285
10.4308
10.7538
10.3196
10.2161
10.3197
10.5344
10.2563
9.58682
9.68052
9.95547
9.77182
10.7871
10.8174
11.122
11.4037
11.337
11.0133
11.3685
11.0956
11.2673
11.7146
12.3901
11.7469
11.188
10.6161
10.4792
10.255
9.89327
9.66185
9.77857
9.78264
10.1667
10.1217
9.97429
10.1386
10.3425
10.5929
10.689
10.62
10.9394
11.3629
11.1475
11.1744
11.1488
10.5102
10.9711
11.064
10.4991
9.73409
9.72116
10.0266
10.2179
10.4957
10.5155
10.2515
10.5228
10.5574
10.8051
10.6404
10.385
10.3511
10.055
10.7516
11.7826
11.7497
11.4483
10.8791
10.7141
10.8088
10.9919
10.6115
10.0064
10.1421
10.0839
10.4485
10.5203
10.8603
10.4959
10.1751
10.6937
10.3827
10.255
10.0778
10.9878
10.9628
11.0459
10.7514
11.5171
12.0423
11.6542
11.661
11.3886
11.1224
11.3696
11.052
10.9002
11.0853
11.3031
11.2799
11.0818
10.7265
10.7358
10.3112
9.75216
10.0661
10.1496
10.5534
10.7706
11.1673
10.6498
10.6716
10.4831
10.3589
10.0948
10.3017
10.1778
10.1572
10.1951
10.4063
10.4665
10.4033
10.691
10.717
10.4122
10.6474
10.2654
10.01
10.8564
10.7321
11.3456
10.8294
10.65
10.0464
10.3542
10.1386
10.2427
10.3566
10.1043
11.1018
11.1954
10.7926
10.5336
10.2819
10.2656
10.5765
10.9056
10.7917
10.9233
11.3313
10.8921
11.0874
11.6748
11.374
11.1996
11.5773
11.5235
11.457
11.7519
11.3233
11.3255
10.9791
11.0071
11.4748
11.2045
10.7443
10.7652
11.057
10.5854
10.931
11.176
11.0436
11.6136
10.6918
10.4301
10.5715
10.4366
10.2915
10.7565
10.2975
10.8755
11.2002
10.3689
10.6139
11.1958
10.8551
10.8944
11.336
10.9774
11.6995
11.6026
11.0532
10.7971
11.1843
10.7189
10.6968
11.3096
10.9512
10.8247
10.8542
10.9499
11.0367
11.061
10.6439
10.9971
11.7123
11.4971
11.2998
11.4437
11.3848
11.1613
10.6926
10.3797
10.9113
10.5135
10.2297
10.4255
10.8031
10.5926
10.4506
10.4726
10.5313
10.4846
10.9322
11.1259
11.1196
11.0235
11.2987
10.438
10.2811
10.5121
10.6839
11.1017
11.1575
10.4989
10.5716
10.3759
10.4249
10.6667
10.3901
10.278
10.6061
10.682
11.1373
10.9141
10.9556
10.6346
10.7817
10.4608
10.7262
10.6577
10.1812
10.3022
10.4029
10.9879
10.6793
10.9327
10.75
10.7927
10.9223
11.6719
11.5329
11.2451
11.3051
10.6741
10.7231
10.9464
10.3735
10.9628
11.5383
11.1805
11.0117
10.4534
10.8018
10.6898
10.6654
10.5553
10.3252
10.2439
10.1411
10.5295
10.149
9.90387
9.96213
10.1792
10.0931
9.63449
10.2257
9.77166
9.92823
10.2382
10.3154
10.1312
10.2098
10.4686
10.1218
9.89676
9.93172
10.5683
10.023
10.6714
10.4494
10.6128
10.4469
10.7646
11.3371
10.8363
10.7626
10.8317
10.8018
10.5652
10.6428
10.5815
10.8081
10.5159
11.0922
10.6561
10.8376
11.0578
10.5105
10.3413
10.6034
10.2872
10.5063
11.0959
10.5061
10.3802
10.3831
10.4318
10.2006
10.002
9.72719
10.1427
10.0911
9.92295
9.9904
10.4095
10.5794
10.8605
10.7193
10.8522
10.9983
11.0585
11.1066
11.2578
10.4497
11.1637
11.2965
11.2913
10.5508
10.9884
10.9807
10.611
11.4578
10.8083
10.8656
11.8445
11.6774
11.6415
10.9249
10.7417
10.5544
10.7356
10.7517
10.5468
10.3163
10.3366
10.2918
10.4487
10.1649
10.3342
11.4263
11.1857
11.0873
10.7526
10.9152
10.1522
9.83605
10.1145
10.1078
10.1617
10.3175
10.3382
10.3081
10.0987
10.3033
10.7081
10.3896
11.0624
10.9379
10.7919
10.7495
10.8189
10.4815
10.245
10.2055
10.5115
10.6106
10.4777
10.859
10.9847
11.163
11.5076
10.8852
10.5189
10.2774
10.6466
10.2568
10.2413
10.5992
10.6352
10.8842
10.216
9.80146
9.80339
9.89786
10.4417
10.8176
10.8021
10.6098
10.6219
11.397
10.9915
11.2791
10.5957
9.92558
10.8384
11.3217
11.4863
11.5183
11.1307
11.5271
11.1162
10.6679
10.7685
10.3559
10.7389
10.7634
10.7919
11.2363
11.6349
11.4516
11.3444
11.1526
10.8261
10.2893
9.85199
10.593
10.8485
10.5021
10.8
11.117
11.4268
11.0706
10.9966
11.2674
11.331
11.0436
11.1261
10.7493
11.3
11.3481
11.4919
12.0654
11.3759
11.9751
11.8476
11.3826
11.2648
11.1344
10.8725
10.9545
10.6305
10.0749
10.3235
10.3442
9.6636
9.96604
10.1381
10.6306
10.5049
10.8981
10.9799
10.5544
10.6201
10.5764
10.7003
10.8352
10.8516
11.3929
11.2779
11.3712
11.062
11.4167
11.4542
11.7513
11.9089
10.8487
10.8767
10.2229
10.1428
10.5861
10.6325
10.1059
9.93933
10.0363
10.0363
10.1557
10.3342
10.5802
10.5167
10.4818
10.4899
10.5819
10.5784
10.4052
10.6784
10.3735
10.5183
10.5675
10.5092
10.7793
11.0188
11.6217
11.8675
11.8135
11.765
10.9648
10.9543
10.6302
10.0956
10.0775
10.8205
11.3312
10.8605
11.0377
10.6795
10.6446
10.4902
10.4198
10.2469
10.5944
10.8483
10.4888
10.5301
10.615
11.0159
11.0011
10.7704
10.9446
11.0292
10.9864
11.0568
11.0481
10.5467
10.3832
10.6324
11.3972
11.7265
10.7005
10.8767
11.011
10.4955
10.7466
10.5085
10.7099
10.7564
11.0353
10.8913
10.7141
10.9138
10.5994
10.2896
9.79245
9.74027
9.69904
10.3744
10.4404
9.83453
9.54117
9.52221
10.0361
10.289
10.4934
10.7604
10.701
10.5717
10.2977
10.414
10.0428
10.1451
10.0589
10.1982
10.6867
10.4921
11.067
11.1342
10.857
11.0534
11.2275
11.082
10.5251
10.7792
10.0944
10.424
10.8009
10.1983
10.5114
10.3568
11.4101
11.3509
11.2374
11.0041
11.0589
10.6574
10.8003
10.2729
10.7921
10.2548
10.5694
10.4804
10.4093
10.0871
10.2618
10.0848
10.3059
10.4453
10.6198
10.9739
10.8356
10.9333
11.0794
11.5016
11.124
11.1313
11.4603
11.4471
10.7713
11.1051
11.3307
11.2
11.3247
10.5434
11.3204
10.4367
10.7777
10.6099
10.6825
10.723
10.9728
10.4842
10.1557
10.3278
10.6028
10.5698
10.3951
10.3827
10.2593
10.2436
9.6066
9.78926
9.74097
10.0378
9.92237
10.1691
9.88261
10.0806
10.1611
10.1246
11.2375
10.855
11.2266
10.7571
9.94172
10.3831
10.0745
10.1078
10.1294
9.85078
10.3335
10.6075
10.4634
10.4255
10.7772
10.4366
10.593
10.4109
10.6845
10.3892
10.2918
10.5694
10.3688
11.0431
10.7786
11.1037
10.7688
10.41
11.0298
10.8271
10.9716
11.5818
11.0483
11.149
11.6384
11.6247
12.1027
11.8424
11.0255
10.8287
10.9658
10.6258
11.0915
10.7301
10.3336
10.5853
10.2325
10.0919
10.2383
10.4249
10.6641
10.3879
10.9467
10.7308
11.1744
11.5166
11.4496
11.1745
11.1103
10.9768
10.3232
11.3535
10.8681
10.8119
10.4211
10.0221
9.98624
9.8529
10.6874
10.1416
10.6665
10.3897
10.1
9.95601
9.7743
9.89178
10.0954
10.2193
10.2742
10.0394
10.1565
9.72953
9.86681
10.2347
10.3554
10.7383
10.7783
10.6124
10.0692
10.4837
10.2458
11.0454
10.9796
11.1838
10.1344
10.1398
9.92007
9.72244
10.1261
10.5547
10.5671
10.5249
10.5476
9.87318
10.8044
11.3461
11.0128
10.6067
10.3696
9.82544
9.80871
9.85208
10.2719
10.3173
10.0295
10.0484
9.66397
10.4302
10.4476
10.3216
10.6091
10.508
10.5417
10.8093
10.8644
10.7721
11.5062
11.0717
10.9858
10.511
10.4879
10.239
10.6689
10.6298
10.0397
10.5356
10.3162
10.1296
10.2735
10.9808
10.4102
10.3185
10.3108
10.5332
10.8326
10.7931
11.2151
10.7208
10.8784
10.662
10.5808
11.0708
11.2692
10.8065
10.7621
10.3316
10.6317
9.98545
10.7645
10.7674
11.0073
10.6989
10.4726
10.0714
10.6779
10.7183
11.2028
11.0281
11.1281
11.2267
11.6522
11.1155
10.7255
10.7811
10.9535
10.9561
11.2717
11.3429
11.9685
11.9343
11.5633
11.8351
11.8065
10.8379
10.8149
10.3888
10.0728
10.2351
10.2397
10.4319
10.8873
10.8131
10.4173
9.72775
10.045
10.2132
10.5802
10.6
10.3171
10.347
10.6923
10.5947
11.0419
10.4918
10.7896
11.2533
12.3941
12.6135
12.393
11.4382
11.1009
11.4167
11.3921
11.2557
11.0538
10.8732
11.3675
12.2306
12.2242
11.6168
11.3485
11.3344
11.152
10.6234
10.813
11.249
11.2381
10.4441
10.7373
10.7095
10.2909
10.6191
9.8517
9.71071
10.4258
10.726
11.4289
11.0497
11.0608
11.7272
12.1287
11.383
10.6893
10.8813
10.889
10.7079
10.7383
10.7511
10.4182
10.2073
10.0306
10.2997
10.2094
10.2377
10.6886
10.5839
10.6404
10.3727
10.1594
10.6364
11.2467
11.3317
11.7346
11.6168
10.6034
10.308
10.2678
10.8044
10.2049
10.3986
10.3495
10.2049
9.82259
10.0177
10.829
10.7195
10.5374
10.6294
10.1009
10.3648
10.3439
10.4412
10.5613
10.4103
10.6765
10.54
10.7253
10.6063
10.5219
10.1005
9.99655
10.0215
9.75886
10.2452
10.7744
11.008
11.0694
11.5478
11.0406
11.0416
11.4233
11.6637
11.489
11.3125
11.3218
10.6356
10.5775
10.6301
11.2397
10.5881
10.8558
10.8259
11.2725
10.8987
10.7367
10.7503
10.5433
11.438
10.902
11.0626
11.381
10.9912
10.6323
10.7259
10.4634
10.6204
10.9371
11.0274
10.8383
11.2404
11.2913
10.8627
10.7816
10.9092
10.9655
10.5978
10.0878
10.3861
10.3874
10.3428
10.1899
10.1198
10.4008
10.5112
10.5833
10.9576
11.1507
11.5494
11.1766
12.3852
12.0434
12.0666
11.2369
11.7832
11.4342
11.6057
11.6689
11.4301
10.8223
10.6925
10.8991
10.9165
10.9988
10.7576
10.7009
11.1621
10.9377
10.2946
10.0872
10.5829
10.6253
11.201
10.7831
10.7262
10.9018
10.8432
10.9413
11.2232
11.2076
10.5133
10.1848
10.462
10.4966
10.3128
10.465
11.288
11.5727
11.2102
10.2921
10.6309
10.3381
10.2334
10.2777
10.2683
10.4431
10.3775
10.6549
11.0578
11.0248
11.1039
10.8455
10.7243
10.5231
10.3586
10.5665
10.8504
10.6342
11.2514
10.9617
10.8181
10.6451
11.1617
11.5704
11.1486
10.4167
10.2894
10.3803
10.6988
10.5184
11.0596
11.0734
10.9818
10.2345
10.4086
10.4321
10.1145
10.3077
9.97396
10.2849
10.1133
10.5516
10.034
9.8043
10.3178
9.93492
10.057
10.178
10.239
10.2716
10.8727
10.7304
10.6072
10.3644
10.7763
11.0135
11.1287
10.7988
10.6628
11.1617
12.4112
12.9354
12.1609
12.4544
12.767
12.7831
12.2653
11.083
11.5818
11.3242
10.6626
10.8348
10.3985
10.2348
10.0842
10.2286
9.75571
10.3377
10.4093
10.7882
10.7541
10.1021
10.106
10.0811
10.7887
10.788
10.68
10.3343
10.6508
10.2301
10.9625
11.1995
11.1358
11.4854
10.966
10.2254
10.1925
10.5227
10.5309
10.7499
10.925
10.6814
10.6797
10.6185
10.7509
10.9888
11.4179
10.8498
10.9052
10.6524
10.6758
10.6014
11.2948
11.3844
10.8469
10.7182
10.5406
10.33
10.3533
10.5961
10.5256
10.9769
11.32
11.0942
11.1812
11.3747
11.278
10.9742
10.7511
10.8541
11.4757
11.7855
12.1715
11.9573
11.6234
12.0634
11.0572
11.0392
10.6468
10.6913
10.6568
10.2528
10.4328
9.96801
9.73894
10.0179
10.1064
10.3657
10.7383
10.2822
10.4736
10.5325
10.6673
11.0836
10.9942
10.6148
10.4661
10.4308
10.4227
10.1082
10.8902
10.4836
10.1299
10.4723
10.4849
10.2712
10.283
9.99078
9.91563
9.73021
9.62917
9.96212
9.97787
10.0942
9.90475
10.2899
9.91539
9.77836
10.436
9.76482
10.0403
9.59696
9.893
9.58505
10.0715
9.61817
9.91244
10.0234
10.3075
10.0827
9.91389
10.9625
10.9249
11.2123
11.173
11.6259
10.8273
10.2141
10.8846
10.939
11.2213
11.483
11.3233
10.9863
11.5593
10.519
11.3868
10.7173
10.0762
10.3659
10.5651
9.81185
10.4878
10.663
10.3387
10.753
10.6845
10.4907
10.5251
10.6912
10.5575
10.3329
10.8716
10.757
10.3265
10.3517
10.2877
10.4648
9.84994
9.81329
10.8097
10.4349
9.92587
9.67342
9.45821
9.64318
9.65007
9.63019
9.95163
9.81735
10.2826
10.3748
10.7907
10.5875
10.6149
10.8331
11.1264
11.4486
11.6784
11.3503
10.805
10.5992
11.1612
10.8918
10.8461
10.6026
10.6971
10.7635
10.575
10.7893
10.4326
10.0888
10.7668
10.8461
11.0929
11.3999
11.2968
11.3265
10.5225
10.7358
10.4323
10.6863
9.79772
9.8398
10.0487
10.3289
9.86369
10.6771
10.8737
10.8952
10.4652
10.5932
10.3637
10.8747
10.2982
10.2777
10.5329
11.5084
11.7684
11.213
10.9481
10.8864
10.6618
10.206
10.512
10.4769
11.2714
10.3631
10.2102
10.5527
10.602
10.2567
10.6597
10.1528
10.1445
9.99604
10.2074
10.237
11.0261
10.0033
9.583
10.0642
9.98532
10.7224
10.7943
10.6274
10.7867
10.186
10.5373
10.4989
10.0833
10.3002
10.53
9.84124
9.71184
9.79337
9.87652
9.89487
10.7313
10.8069
10.4561
10.1709
9.89096
10.0453
10.0839
10.2229
9.94313
10.196
10.7898
10.6129
10.4161
10.1605
10.5261
10.5213
10.8673
11.2385
11.2786
10.4816
10.9142
10.6178
10.1118
9.7789
10.2466
10.6271
10.7127
10.6348
10.6498
10.5389
11.3047
11.4166
11.4376
11.8668
12.2709
12.5282
11.8189
12.0804
11.703
11.6638
11.2955
11.5516
11.0017
10.3764
10.3076
10.6774
10.9778
10.8509
10.6716
10.5445
10.1958
10.1836
9.60096
9.81888
9.63314
9.76768
9.41976
9.27331
9.27331
9.28926
9.3735
9.42483
9.43112
9.39253
9.46748
10.0006
10.0998
10.19
9.63632
9.93378
10.4273
9.8975
10.2182
9.73055
10.4082
10.0865
10.8309
10.746
10.4017
10.0181
10.0865
10.0945
9.68635
10.1536
9.96574
9.53193
9.65941
10.1207
9.53728
9.59915
9.92698
9.70634
9.92077
9.56088
10.1052
9.8337
10.3453
10.6945
10.1863
10.3976
10.894
10.3819
10.019
9.83828
9.74685
9.91542
9.89749
10.0889
9.89832
10.3291
10.4196
11.0371
10.7127
10.6575
10.817
11.0929
10.689
10.0886
10.4145
10.329
10.4358
10.0526
10.4287
10.7592
11.4382
11.881
11.6573
11.313
11.3121
10.5181
10.3284
10.812
10.5153
10.6215
10.2517
10.0792
10.3911
10.0622
11.2259
10.6145
11.2474
10.6041
10.7538
10.6568
11.1876
10.845
11.0312
10.8879
10.2496
10.4059
10.0484
9.61519
9.89891
